WARNING 2021-04-12 20:18:37,953 log 228 Not Found: /favicon.ico
WARNING 2021-04-12 20:18:37,954 basehttp 154 "GET /favicon.ico HTTP/1.1" 404 1973
ERROR 2021-04-13 03:25:16,252 exception 118 Internal Server Error: /home/header/
Traceback (most recent call last):
  File "C:\Users\12100\AppData\Local\Programs\Python\Python36\lib\site-packages\django\core\handlers\exception.py", line 35, in inner
    response = get_response(request)
  File "C:\Users\12100\AppData\Local\Programs\Python\Python36\lib\site-packages\django\core\handlers\base.py", line 128, in _get_response
    response = self.process_exception_by_middleware(e, request)
  File "C:\Users\12100\AppData\Local\Programs\Python\Python36\lib\site-packages\django\core\handlers\base.py", line 126, in _get_response
    response = wrapped_callback(request, *callback_args, **callback_kwargs)
  File "C:\Users\12100\AppData\Local\Programs\Python\Python36\lib\site-packages\django\views\decorators\csrf.py", line 54, in wrapped_view
    return view_func(*args, **kwargs)
  File "C:\Users\12100\AppData\Local\Programs\Python\Python36\lib\site-packages\django\views\generic\base.py", line 69, in view
    return self.dispatch(request, *args, **kwargs)
  File "C:\Users\12100\AppData\Local\Programs\Python\Python36\lib\site-packages\rest_framework\views.py", line 497, in dispatch
    response = self.handle_exception(exc)
  File "C:\Users\12100\AppData\Local\Programs\Python\Python36\lib\site-packages\rest_framework\views.py", line 457, in handle_exception
    self.raise_uncaught_exception(exc)
  File "C:\Users\12100\AppData\Local\Programs\Python\Python36\lib\site-packages\rest_framework\views.py", line 468, in raise_uncaught_exception
    raise exc
  File "C:\Users\12100\AppData\Local\Programs\Python\Python36\lib\site-packages\rest_framework\views.py", line 494, in dispatch
    response = handler(request, *args, **kwargs)
  File "C:\Users\12100\AppData\Local\Programs\Python\Python36\lib\site-packages\rest_framework\generics.py", line 199, in get
    return self.list(request, *args, **kwargs)
  File "C:\Users\12100\AppData\Local\Programs\Python\Python36\lib\site-packages\rest_framework\mixins.py", line 46, in list
    return Response(serializer.data)
  File "C:\Users\12100\AppData\Local\Programs\Python\Python36\lib\site-packages\rest_framework\serializers.py", line 757, in data
    ret = super().data
  File "C:\Users\12100\AppData\Local\Programs\Python\Python36\lib\site-packages\rest_framework\serializers.py", line 261, in data
    self._data = self.to_representation(self.instance)
  File "C:\Users\12100\AppData\Local\Programs\Python\Python36\lib\site-packages\rest_framework\serializers.py", line 675, in to_representation
    self.child.to_representation(item) for item in iterable
  File "C:\Users\12100\AppData\Local\Programs\Python\Python36\lib\site-packages\rest_framework\serializers.py", line 675, in <listcomp>
    self.child.to_representation(item) for item in iterable
  File "C:\Users\12100\AppData\Local\Programs\Python\Python36\lib\site-packages\rest_framework\serializers.py", line 511, in to_representation
    for field in fields:
  File "C:\Users\12100\AppData\Local\Programs\Python\Python36\lib\site-packages\rest_framework\serializers.py", line 372, in _readable_fields
    for field in self.fields.values():
  File "C:\Users\12100\AppData\Local\Programs\Python\Python36\lib\site-packages\django\utils\functional.py", line 36, in __get__
    res = instance.__dict__[self.name] = self.func(instance)
  File "C:\Users\12100\AppData\Local\Programs\Python\Python36\lib\site-packages\rest_framework\serializers.py", line 360, in fields
    for key, value in self.get_fields().items():
  File "C:\Users\12100\AppData\Local\Programs\Python\Python36\lib\site-packages\rest_framework\serializers.py", line 1047, in get_fields
    source, info, model, depth
  File "C:\Users\12100\AppData\Local\Programs\Python\Python36\lib\site-packages\rest_framework\serializers.py", line 1192, in build_field
    return self.build_unknown_field(field_name, model_class)
  File "C:\Users\12100\AppData\Local\Programs\Python\Python36\lib\site-packages\rest_framework\serializers.py", line 1309, in build_unknown_field
    (field_name, model_class.__name__)
django.core.exceptions.ImproperlyConfigured: Field name ` is_site` is not valid for model `Nav`.
ERROR 2021-04-13 03:25:16,727 basehttp 124 "GET /home/header/ HTTP/1.1" 500 21658
ERROR 2021-04-13 03:27:00,891 exception 118 Internal Server Error: /home/header/
Traceback (most recent call last):
  File "C:\Users\12100\AppData\Local\Programs\Python\Python36\lib\site-packages\django\core\handlers\exception.py", line 35, in inner
    response = get_response(request)
  File "C:\Users\12100\AppData\Local\Programs\Python\Python36\lib\site-packages\django\core\handlers\base.py", line 128, in _get_response
    response = self.process_exception_by_middleware(e, request)
  File "C:\Users\12100\AppData\Local\Programs\Python\Python36\lib\site-packages\django\core\handlers\base.py", line 126, in _get_response
    response = wrapped_callback(request, *callback_args, **callback_kwargs)
  File "C:\Users\12100\AppData\Local\Programs\Python\Python36\lib\site-packages\django\views\decorators\csrf.py", line 54, in wrapped_view
    return view_func(*args, **kwargs)
  File "C:\Users\12100\AppData\Local\Programs\Python\Python36\lib\site-packages\django\views\generic\base.py", line 69, in view
    return self.dispatch(request, *args, **kwargs)
  File "C:\Users\12100\AppData\Local\Programs\Python\Python36\lib\site-packages\rest_framework\views.py", line 497, in dispatch
    response = self.handle_exception(exc)
  File "C:\Users\12100\AppData\Local\Programs\Python\Python36\lib\site-packages\rest_framework\views.py", line 457, in handle_exception
    self.raise_uncaught_exception(exc)
  File "C:\Users\12100\AppData\Local\Programs\Python\Python36\lib\site-packages\rest_framework\views.py", line 468, in raise_uncaught_exception
    raise exc
  File "C:\Users\12100\AppData\Local\Programs\Python\Python36\lib\site-packages\rest_framework\views.py", line 494, in dispatch
    response = handler(request, *args, **kwargs)
  File "C:\Users\12100\AppData\Local\Programs\Python\Python36\lib\site-packages\rest_framework\generics.py", line 199, in get
    return self.list(request, *args, **kwargs)
  File "C:\Users\12100\AppData\Local\Programs\Python\Python36\lib\site-packages\rest_framework\mixins.py", line 46, in list
    return Response(serializer.data)
  File "C:\Users\12100\AppData\Local\Programs\Python\Python36\lib\site-packages\rest_framework\serializers.py", line 757, in data
    ret = super().data
  File "C:\Users\12100\AppData\Local\Programs\Python\Python36\lib\site-packages\rest_framework\serializers.py", line 261, in data
    self._data = self.to_representation(self.instance)
  File "C:\Users\12100\AppData\Local\Programs\Python\Python36\lib\site-packages\rest_framework\serializers.py", line 675, in to_representation
    self.child.to_representation(item) for item in iterable
  File "C:\Users\12100\AppData\Local\Programs\Python\Python36\lib\site-packages\rest_framework\serializers.py", line 675, in <listcomp>
    self.child.to_representation(item) for item in iterable
  File "C:\Users\12100\AppData\Local\Programs\Python\Python36\lib\site-packages\rest_framework\serializers.py", line 511, in to_representation
    for field in fields:
  File "C:\Users\12100\AppData\Local\Programs\Python\Python36\lib\site-packages\rest_framework\serializers.py", line 372, in _readable_fields
    for field in self.fields.values():
  File "C:\Users\12100\AppData\Local\Programs\Python\Python36\lib\site-packages\django\utils\functional.py", line 36, in __get__
    res = instance.__dict__[self.name] = self.func(instance)
  File "C:\Users\12100\AppData\Local\Programs\Python\Python36\lib\site-packages\rest_framework\serializers.py", line 360, in fields
    for key, value in self.get_fields().items():
  File "C:\Users\12100\AppData\Local\Programs\Python\Python36\lib\site-packages\rest_framework\serializers.py", line 1047, in get_fields
    source, info, model, depth
  File "C:\Users\12100\AppData\Local\Programs\Python\Python36\lib\site-packages\rest_framework\serializers.py", line 1192, in build_field
    return self.build_unknown_field(field_name, model_class)
  File "C:\Users\12100\AppData\Local\Programs\Python\Python36\lib\site-packages\rest_framework\serializers.py", line 1309, in build_unknown_field
    (field_name, model_class.__name__)
django.core.exceptions.ImproperlyConfigured: Field name ` is_site` is not valid for model `Nav`.
ERROR 2021-04-13 03:27:00,925 basehttp 124 "GET /home/header/ HTTP/1.1" 500 21658
ERROR 2021-04-13 03:27:10,977 exception 118 Internal Server Error: /home/header/
Traceback (most recent call last):
  File "C:\Users\12100\AppData\Local\Programs\Python\Python36\lib\site-packages\django\core\handlers\exception.py", line 35, in inner
    response = get_response(request)
  File "C:\Users\12100\AppData\Local\Programs\Python\Python36\lib\site-packages\django\core\handlers\base.py", line 128, in _get_response
    response = self.process_exception_by_middleware(e, request)
  File "C:\Users\12100\AppData\Local\Programs\Python\Python36\lib\site-packages\django\core\handlers\base.py", line 126, in _get_response
    response = wrapped_callback(request, *callback_args, **callback_kwargs)
  File "C:\Users\12100\AppData\Local\Programs\Python\Python36\lib\site-packages\django\views\decorators\csrf.py", line 54, in wrapped_view
    return view_func(*args, **kwargs)
  File "C:\Users\12100\AppData\Local\Programs\Python\Python36\lib\site-packages\django\views\generic\base.py", line 69, in view
    return self.dispatch(request, *args, **kwargs)
  File "C:\Users\12100\AppData\Local\Programs\Python\Python36\lib\site-packages\rest_framework\views.py", line 497, in dispatch
    response = self.handle_exception(exc)
  File "C:\Users\12100\AppData\Local\Programs\Python\Python36\lib\site-packages\rest_framework\views.py", line 457, in handle_exception
    self.raise_uncaught_exception(exc)
  File "C:\Users\12100\AppData\Local\Programs\Python\Python36\lib\site-packages\rest_framework\views.py", line 468, in raise_uncaught_exception
    raise exc
  File "C:\Users\12100\AppData\Local\Programs\Python\Python36\lib\site-packages\rest_framework\views.py", line 494, in dispatch
    response = handler(request, *args, **kwargs)
  File "C:\Users\12100\AppData\Local\Programs\Python\Python36\lib\site-packages\rest_framework\generics.py", line 199, in get
    return self.list(request, *args, **kwargs)
  File "C:\Users\12100\AppData\Local\Programs\Python\Python36\lib\site-packages\rest_framework\mixins.py", line 46, in list
    return Response(serializer.data)
  File "C:\Users\12100\AppData\Local\Programs\Python\Python36\lib\site-packages\rest_framework\serializers.py", line 757, in data
    ret = super().data
  File "C:\Users\12100\AppData\Local\Programs\Python\Python36\lib\site-packages\rest_framework\serializers.py", line 261, in data
    self._data = self.to_representation(self.instance)
  File "C:\Users\12100\AppData\Local\Programs\Python\Python36\lib\site-packages\rest_framework\serializers.py", line 675, in to_representation
    self.child.to_representation(item) for item in iterable
  File "C:\Users\12100\AppData\Local\Programs\Python\Python36\lib\site-packages\rest_framework\serializers.py", line 675, in <listcomp>
    self.child.to_representation(item) for item in iterable
  File "C:\Users\12100\AppData\Local\Programs\Python\Python36\lib\site-packages\rest_framework\serializers.py", line 511, in to_representation
    for field in fields:
  File "C:\Users\12100\AppData\Local\Programs\Python\Python36\lib\site-packages\rest_framework\serializers.py", line 372, in _readable_fields
    for field in self.fields.values():
  File "C:\Users\12100\AppData\Local\Programs\Python\Python36\lib\site-packages\django\utils\functional.py", line 36, in __get__
    res = instance.__dict__[self.name] = self.func(instance)
  File "C:\Users\12100\AppData\Local\Programs\Python\Python36\lib\site-packages\rest_framework\serializers.py", line 360, in fields
    for key, value in self.get_fields().items():
  File "C:\Users\12100\AppData\Local\Programs\Python\Python36\lib\site-packages\rest_framework\serializers.py", line 1047, in get_fields
    source, info, model, depth
  File "C:\Users\12100\AppData\Local\Programs\Python\Python36\lib\site-packages\rest_framework\serializers.py", line 1192, in build_field
    return self.build_unknown_field(field_name, model_class)
  File "C:\Users\12100\AppData\Local\Programs\Python\Python36\lib\site-packages\rest_framework\serializers.py", line 1309, in build_unknown_field
    (field_name, model_class.__name__)
django.core.exceptions.ImproperlyConfigured: Field name ` is_site` is not valid for model `Nav`.
ERROR 2021-04-13 03:27:11,020 basehttp 124 "GET /home/header/ HTTP/1.1" 500 21658
WARNING 2021-04-13 18:30:42,557 base 93 Not Found: /
WARNING 2021-04-13 18:30:42,557 basehttp 124 "GET / HTTP/1.1" 404 2151
WARNING 2021-04-13 18:30:43,180 base 93 Not Found: /favicon.ico
WARNING 2021-04-13 18:30:43,181 basehttp 124 "GET /favicon.ico HTTP/1.1" 404 2202
ERROR 2021-04-13 18:30:51,910 exception 118 Internal Server Error: /admin/
Traceback (most recent call last):
  File "C:\Users\Administrator\envs\demo\lib\site-packages\django\contrib\sessions\backends\base.py", line 191, in _get_session
    return self._session_cache
AttributeError: 'SessionStore' object has no attribute '_session_cache'

During handling of the above exception, another exception occurred:

Traceback (most recent call last):
  File "C:\Users\Administrator\envs\demo\lib\site-packages\django\db\backends\utils.py", line 85, in _execute
    return self.cursor.execute(sql, params)
  File "C:\Users\Administrator\envs\demo\lib\site-packages\django\db\backends\mysql\base.py", line 71, in execute
    return self.cursor.execute(query, args)
  File "C:\Users\Administrator\envs\demo\lib\site-packages\MySQLdb\cursors.py", line 206, in execute
    res = self._query(query)
  File "C:\Users\Administrator\envs\demo\lib\site-packages\MySQLdb\cursors.py", line 319, in _query
    db.query(q)
  File "C:\Users\Administrator\envs\demo\lib\site-packages\MySQLdb\connections.py", line 259, in query
    _mysql.connection.query(self, query)
MySQLdb._exceptions.ProgrammingError: (1146, "Table 'webpj.django_session' doesn't exist")

The above exception was the direct cause of the following exception:

Traceback (most recent call last):
  File "C:\Users\Administrator\envs\demo\lib\site-packages\django\core\handlers\exception.py", line 35, in inner
    response = get_response(request)
  File "C:\Users\Administrator\envs\demo\lib\site-packages\django\core\handlers\base.py", line 128, in _get_response
    response = self.process_exception_by_middleware(e, request)
  File "C:\Users\Administrator\envs\demo\lib\site-packages\django\core\handlers\base.py", line 126, in _get_response
    response = wrapped_callback(request, *callback_args, **callback_kwargs)
  File "C:\Users\Administrator\envs\demo\lib\site-packages\xadmin\sites.py", line 300, in wrapper
    return self.admin_view(view, cacheable)(*args, **kwargs)
  File "C:\Users\Administrator\envs\demo\lib\site-packages\django\views\decorators\cache.py", line 44, in _wrapped_view_func
    response = view_func(request, *args, **kwargs)
  File "C:\Users\Administrator\envs\demo\lib\site-packages\xadmin\sites.py", line 206, in inner
    if not self.has_permission(request) and getattr(view, 'need_site_permission', True):
  File "C:\Users\Administrator\envs\demo\lib\site-packages\xadmin\sites.py", line 161, in has_permission
    return request.user.is_active and request.user.is_staff
  File "C:\Users\Administrator\envs\demo\lib\site-packages\django\utils\functional.py", line 215, in inner
    self._setup()
  File "C:\Users\Administrator\envs\demo\lib\site-packages\django\utils\functional.py", line 349, in _setup
    self._wrapped = self._setupfunc()
  File "C:\Users\Administrator\envs\demo\lib\site-packages\django\contrib\auth\middleware.py", line 24, in <lambda>
    request.user = SimpleLazyObject(lambda: get_user(request))
  File "C:\Users\Administrator\envs\demo\lib\site-packages\django\contrib\auth\middleware.py", line 12, in get_user
    request._cached_user = auth.get_user(request)
  File "C:\Users\Administrator\envs\demo\lib\site-packages\django\contrib\auth\__init__.py", line 211, in get_user
    user_id = _get_user_session_key(request)
  File "C:\Users\Administrator\envs\demo\lib\site-packages\django\contrib\auth\__init__.py", line 61, in _get_user_session_key
    return get_user_model()._meta.pk.to_python(request.session[SESSION_KEY])
  File "C:\Users\Administrator\envs\demo\lib\site-packages\django\contrib\sessions\backends\base.py", line 55, in __getitem__
    return self._session[key]
  File "C:\Users\Administrator\envs\demo\lib\site-packages\django\contrib\sessions\backends\base.py", line 196, in _get_session
    self._session_cache = self.load()
  File "C:\Users\Administrator\envs\demo\lib\site-packages\django\contrib\sessions\backends\db.py", line 34, in load
    expire_date__gt=timezone.now()
  File "C:\Users\Administrator\envs\demo\lib\site-packages\django\db\models\manager.py", line 82, in manager_method
    return getattr(self.get_queryset(), name)(*args, **kwargs)
  File "C:\Users\Administrator\envs\demo\lib\site-packages\django\db\models\query.py", line 397, in get
    num = len(clone)
  File "C:\Users\Administrator\envs\demo\lib\site-packages\django\db\models\query.py", line 254, in __len__
    self._fetch_all()
  File "C:\Users\Administrator\envs\demo\lib\site-packages\django\db\models\query.py", line 1179, in _fetch_all
    self._result_cache = list(self._iterable_class(self))
  File "C:\Users\Administrator\envs\demo\lib\site-packages\django\db\models\query.py", line 53, in __iter__
    results = compiler.execute_sql(chunked_fetch=self.chunked_fetch, chunk_size=self.chunk_size)
  File "C:\Users\Administrator\envs\demo\lib\site-packages\django\db\models\sql\compiler.py", line 1068, in execute_sql
    cursor.execute(sql, params)
  File "C:\Users\Administrator\envs\demo\lib\site-packages\django\db\backends\utils.py", line 100, in execute
    return super().execute(sql, params)
  File "C:\Users\Administrator\envs\demo\lib\site-packages\django\db\backends\utils.py", line 68, in execute
    return self._execute_with_wrappers(sql, params, many=False, executor=self._execute)
  File "C:\Users\Administrator\envs\demo\lib\site-packages\django\db\backends\utils.py", line 77, in _execute_with_wrappers
    return executor(sql, params, many, context)
  File "C:\Users\Administrator\envs\demo\lib\site-packages\django\db\backends\utils.py", line 85, in _execute
    return self.cursor.execute(sql, params)
  File "C:\Users\Administrator\envs\demo\lib\site-packages\django\db\utils.py", line 89, in __exit__
    raise dj_exc_value.with_traceback(traceback) from exc_value
  File "C:\Users\Administrator\envs\demo\lib\site-packages\django\db\backends\utils.py", line 85, in _execute
    return self.cursor.execute(sql, params)
  File "C:\Users\Administrator\envs\demo\lib\site-packages\django\db\backends\mysql\base.py", line 71, in execute
    return self.cursor.execute(query, args)
  File "C:\Users\Administrator\envs\demo\lib\site-packages\MySQLdb\cursors.py", line 206, in execute
    res = self._query(query)
  File "C:\Users\Administrator\envs\demo\lib\site-packages\MySQLdb\cursors.py", line 319, in _query
    db.query(q)
  File "C:\Users\Administrator\envs\demo\lib\site-packages\MySQLdb\connections.py", line 259, in query
    _mysql.connection.query(self, query)
django.db.utils.ProgrammingError: (1146, "Table 'webpj.django_session' doesn't exist")
ERROR 2021-04-13 18:30:55,081 basehttp 124 "GET /admin/ HTTP/1.1" 500 217811
WARNING 2021-04-13 18:33:11,834 base 93 Not Found: /
WARNING 2021-04-13 18:33:11,835 basehttp 124 "GET / HTTP/1.1" 404 2151
ERROR 2021-04-13 18:33:45,582 basehttp 124 "GET /admin/ HTTP/1.1" 500 59
WARNING 2021-04-13 18:33:47,200 csrf 153 Forbidden (CSRF token missing or incorrect.): /admin/
WARNING 2021-04-13 18:33:47,204 basehttp 124 "POST /admin/ HTTP/1.1" 403 2508
WARNING 2021-04-13 18:34:11,301 csrf 153 Forbidden (CSRF token missing or incorrect.): /admin/
WARNING 2021-04-13 18:34:11,304 basehttp 124 "POST /admin/ HTTP/1.1" 403 2508
WARNING 2021-04-13 19:12:48,222 base 93 Not Found: /
WARNING 2021-04-13 19:12:48,224 basehttp 124 "GET / HTTP/1.1" 404 2151
WARNING 2021-04-13 19:12:48,711 base 93 Not Found: /favicon.ico
WARNING 2021-04-13 19:12:48,712 basehttp 124 "GET /favicon.ico HTTP/1.1" 404 2202
WARNING 2021-04-14 00:49:54,412 base 93 Not Found: /user/login/
WARNING 2021-04-14 00:49:54,413 basehttp 124 "POST /user/login/ HTTP/1.1" 404 2203
WARNING 2021-04-14 00:50:07,275 base 93 Not Found: /
WARNING 2021-04-14 00:50:07,276 basehttp 124 "GET / HTTP/1.1" 404 2151
WARNING 2021-04-14 00:51:44,431 base 93 Not Found: /user/login/
WARNING 2021-04-14 00:51:44,431 basehttp 124 "POST /user/login/ HTTP/1.1" 404 2203
WARNING 2021-04-14 00:51:53,215 base 93 Not Found: /user/login/
WARNING 2021-04-14 00:51:53,215 basehttp 124 "POST /user/login/ HTTP/1.1" 404 2203
WARNING 2021-04-14 00:52:54,182 base 93 Not Found: /user/login/
WARNING 2021-04-14 00:52:54,183 basehttp 124 "POST /user/login/ HTTP/1.1" 404 2203
WARNING 2021-04-14 01:07:59,270 base 93 Not Found: /user/login/
WARNING 2021-04-14 01:07:59,270 basehttp 124 "POST /user/login/ HTTP/1.1" 404 2203
WARNING 2021-04-14 01:10:00,531 basehttp 124 "POST /user/login/ HTTP/1.1" 400 67
WARNING 2021-04-14 01:10:03,534 basehttp 124 "POST /user/login/ HTTP/1.1" 400 67
WARNING 2021-04-14 01:44:22,317 basehttp 124 "POST /user/login/ HTTP/1.1" 400 67
WARNING 2021-04-14 01:45:04,528 basehttp 124 "POST /user/login/ HTTP/1.1" 400 67
WARNING 2021-04-14 01:54:09,526 basehttp 124 "POST /user/login/ HTTP/1.1" 400 67
WARNING 2021-04-14 02:27:12,603 base 93 Not Found: /
WARNING 2021-04-14 02:27:12,604 basehttp 124 "GET / HTTP/1.1" 404 2256
WARNING 2021-04-14 02:27:13,067 base 93 Not Found: /favicon.ico
WARNING 2021-04-14 02:27:13,068 basehttp 124 "GET /favicon.ico HTTP/1.1" 404 2307
WARNING 2021-04-14 02:27:22,304 basehttp 124 "GET /user/captcha/ HTTP/1.1" 400 11767
WARNING 2021-04-14 02:28:25,674 basehttp 124 "GET /user/captcha/?username=hry HTTP/1.1" 400 11853
WARNING 2021-04-14 02:35:04,288 basehttp 124 "GET /user/captcha/?account=hry HTTP/1.1" 400 11847
ERROR 2021-04-14 17:34:06,886 basehttp 124 "GET /home/footer/ HTTP/1.1" 500 59
ERROR 2021-04-14 17:34:06,887 basehttp 124 "GET /home/banner/ HTTP/1.1" 500 59
ERROR 2021-04-14 17:34:06,887 basehttp 124 "GET /home/header/ HTTP/1.1" 500 59
WARNING 2021-04-14 17:44:49,704 basehttp 124 "POST /user/register/ HTTP/1.1" 400 115
ERROR 2021-04-14 23:50:16,060 exceptions 18 [<user.views.SendMessageAPIView object at 0x00000224FBEFF518>] Error 10061 connecting to 127.0.0.1:6379. 由于目标计算机积极拒绝，无法连接。.
ERROR 2021-04-14 23:50:16,062 basehttp 124 "GET /user/message/?phone=18522074726 HTTP/1.1" 507 29
ERROR 2021-04-14 23:50:28,203 exceptions 18 [<user.views.SendMessageAPIView object at 0x00000224FBFCF278>] Error 10061 connecting to 127.0.0.1:6379. 由于目标计算机积极拒绝，无法连接。.
ERROR 2021-04-14 23:50:28,276 basehttp 124 "GET /user/message/?phone=18522074726 HTTP/1.1" 507 10221
WARNING 2021-04-14 23:50:28,503 base 93 Not Found: /favicon.ico
WARNING 2021-04-14 23:50:28,504 basehttp 124 "GET /favicon.ico HTTP/1.1" 404 2307
WARNING 2021-04-14 23:55:27,494 basehttp 124 "POST /user/register/ HTTP/1.1" 400 38
WARNING 2021-04-15 00:07:22,766 basehttp 124 "POST /user/register/ HTTP/1.1" 400 38
WARNING 2021-04-15 00:13:33,089 basehttp 124 "POST /user/register/ HTTP/1.1" 400 38
WARNING 2021-04-15 00:18:51,801 basehttp 124 "POST /user/register/ HTTP/1.1" 400 38
WARNING 2021-04-15 00:19:37,067 basehttp 124 "POST /user/register/ HTTP/1.1" 400 38
ERROR 2021-04-15 00:21:58,947 exception 118 Internal Server Error: /user/register
Traceback (most recent call last):
  File "C:\Users\Administrator\envs\demo\lib\site-packages\django\core\handlers\exception.py", line 35, in inner
    response = get_response(request)
  File "C:\Users\Administrator\envs\demo\lib\site-packages\django\utils\deprecation.py", line 93, in __call__
    response = self.process_request(request)
  File "C:\Users\Administrator\envs\demo\lib\site-packages\django\middleware\common.py", line 61, in process_request
    path = self.get_full_path_with_slash(request)
  File "C:\Users\Administrator\envs\demo\lib\site-packages\django\middleware\common.py", line 99, in get_full_path_with_slash
    'url': request.get_host() + new_path,
RuntimeError: You called this URL via POST, but the URL doesn't end in a slash and you have APPEND_SLASH set. Django can't redirect to the slash URL while maintaining POST data. Change your form to point to 127.0.0.1:8000/user/register/ (note the trailing slash), or set APPEND_SLASH=False in your Django settings.
ERROR 2021-04-15 00:22:02,291 basehttp 124 "POST /user/register HTTP/1.1" 500 70509
ERROR 2021-04-15 00:34:07,149 exception 118 Internal Server Error: /user/register
Traceback (most recent call last):
  File "C:\Users\Administrator\envs\demo\lib\site-packages\django\core\handlers\exception.py", line 35, in inner
    response = get_response(request)
  File "C:\Users\Administrator\envs\demo\lib\site-packages\django\utils\deprecation.py", line 93, in __call__
    response = self.process_request(request)
  File "C:\Users\Administrator\envs\demo\lib\site-packages\django\middleware\common.py", line 61, in process_request
    path = self.get_full_path_with_slash(request)
  File "C:\Users\Administrator\envs\demo\lib\site-packages\django\middleware\common.py", line 99, in get_full_path_with_slash
    'url': request.get_host() + new_path,
RuntimeError: You called this URL via POST, but the URL doesn't end in a slash and you have APPEND_SLASH set. Django can't redirect to the slash URL while maintaining POST data. Change your form to point to 127.0.0.1:8000/user/register/ (note the trailing slash), or set APPEND_SLASH=False in your Django settings.
ERROR 2021-04-15 00:34:07,316 basehttp 124 "POST /user/register HTTP/1.1" 500 70509
WARNING 2021-04-15 00:48:36,312 basehttp 124 "POST /user/register/ HTTP/1.1" 400 38
ERROR 2021-04-15 00:50:03,575 exception 118 Internal Server Error: /user/register
Traceback (most recent call last):
  File "C:\Users\Administrator\envs\demo\lib\site-packages\django\core\handlers\exception.py", line 35, in inner
    response = get_response(request)
  File "C:\Users\Administrator\envs\demo\lib\site-packages\django\utils\deprecation.py", line 93, in __call__
    response = self.process_request(request)
  File "C:\Users\Administrator\envs\demo\lib\site-packages\django\middleware\common.py", line 61, in process_request
    path = self.get_full_path_with_slash(request)
  File "C:\Users\Administrator\envs\demo\lib\site-packages\django\middleware\common.py", line 99, in get_full_path_with_slash
    'url': request.get_host() + new_path,
RuntimeError: You called this URL via POST, but the URL doesn't end in a slash and you have APPEND_SLASH set. Django can't redirect to the slash URL while maintaining POST data. Change your form to point to 127.0.0.1:8000/user/register/ (note the trailing slash), or set APPEND_SLASH=False in your Django settings.
ERROR 2021-04-15 00:50:03,734 basehttp 124 "POST /user/register HTTP/1.1" 500 70509
ERROR 2021-04-15 01:29:55,924 exceptions 18 [<user.views.SendMessageAPIView object at 0x0000029F7D5955C0>] Error 10061 connecting to 127.0.0.1:6379. 由于目标计算机积极拒绝，无法连接。.
ERROR 2021-04-15 01:29:55,925 basehttp 124 "GET /user/message/?phone=18522074726 HTTP/1.1" 507 29
WARNING 2021-04-15 01:55:10,846 basehttp 124 "POST /user/register/ HTTP/1.1" 400 97
WARNING 2021-04-15 01:57:32,596 basehttp 124 "POST /user/register/ HTTP/1.1" 400 57
WARNING 2021-04-15 02:12:41,708 basehttp 124 "POST /user/register/ HTTP/1.1" 400 43
ERROR 2021-04-15 02:19:27,784 exception 118 Internal Server Error: /user/register/
Traceback (most recent call last):
  File "C:\Users\Administrator\envs\demo\lib\site-packages\django\core\handlers\exception.py", line 35, in inner
    response = get_response(request)
  File "C:\Users\Administrator\envs\demo\lib\site-packages\django\core\handlers\base.py", line 128, in _get_response
    response = self.process_exception_by_middleware(e, request)
  File "C:\Users\Administrator\envs\demo\lib\site-packages\django\core\handlers\base.py", line 126, in _get_response
    response = wrapped_callback(request, *callback_args, **callback_kwargs)
  File "C:\Users\Administrator\envs\demo\lib\site-packages\django\views\decorators\csrf.py", line 54, in wrapped_view
    return view_func(*args, **kwargs)
  File "C:\Users\Administrator\envs\demo\lib\site-packages\django\views\generic\base.py", line 69, in view
    return self.dispatch(request, *args, **kwargs)
  File "C:\Users\Administrator\envs\demo\lib\site-packages\rest_framework\views.py", line 497, in dispatch
    response = self.handle_exception(exc)
  File "C:\Users\Administrator\envs\demo\lib\site-packages\rest_framework\views.py", line 457, in handle_exception
    self.raise_uncaught_exception(exc)
  File "C:\Users\Administrator\envs\demo\lib\site-packages\rest_framework\views.py", line 468, in raise_uncaught_exception
    raise exc
  File "C:\Users\Administrator\envs\demo\lib\site-packages\rest_framework\views.py", line 494, in dispatch
    response = handler(request, *args, **kwargs)
  File "C:\Users\Administrator\envs\demo\lib\site-packages\rest_framework\generics.py", line 190, in post
    return self.create(request, *args, **kwargs)
  File "C:\Users\Administrator\envs\demo\lib\site-packages\rest_framework\mixins.py", line 18, in create
    serializer.is_valid(raise_exception=True)
  File "C:\Users\Administrator\envs\demo\lib\site-packages\rest_framework\serializers.py", line 235, in is_valid
    self._validated_data = self.run_validation(self.initial_data)
  File "C:\Users\Administrator\envs\demo\lib\site-packages\rest_framework\serializers.py", line 433, in run_validation
    value = self.validate(value)
  File "C:\Users\Administrator\Desktop\edu_api\edu_api\apps\user\serializers.py", line 57, in validate
    if redis_code.decode() != code:
AttributeError: 'NoneType' object has no attribute 'decode'
ERROR 2021-04-15 02:19:28,106 basehttp 124 "POST /user/register/ HTTP/1.1" 500 20822
ERROR 2021-04-15 02:22:45,686 exception 118 Internal Server Error: /user/message/
Traceback (most recent call last):
  File "C:\Users\Administrator\envs\demo\lib\site-packages\django\core\handlers\exception.py", line 35, in inner
    response = get_response(request)
  File "C:\Users\Administrator\envs\demo\lib\site-packages\django\core\handlers\base.py", line 128, in _get_response
    response = self.process_exception_by_middleware(e, request)
  File "C:\Users\Administrator\envs\demo\lib\site-packages\django\core\handlers\base.py", line 126, in _get_response
    response = wrapped_callback(request, *callback_args, **callback_kwargs)
  File "C:\Users\Administrator\envs\demo\lib\site-packages\django\views\decorators\csrf.py", line 54, in wrapped_view
    return view_func(*args, **kwargs)
  File "C:\Users\Administrator\envs\demo\lib\site-packages\django\views\generic\base.py", line 69, in view
    return self.dispatch(request, *args, **kwargs)
  File "C:\Users\Administrator\envs\demo\lib\site-packages\rest_framework\views.py", line 497, in dispatch
    response = self.handle_exception(exc)
  File "C:\Users\Administrator\envs\demo\lib\site-packages\rest_framework\views.py", line 457, in handle_exception
    self.raise_uncaught_exception(exc)
  File "C:\Users\Administrator\envs\demo\lib\site-packages\rest_framework\views.py", line 468, in raise_uncaught_exception
    raise exc
  File "C:\Users\Administrator\envs\demo\lib\site-packages\rest_framework\views.py", line 494, in dispatch
    response = handler(request, *args, **kwargs)
  File "C:\Users\Administrator\Desktop\edu_api\edu_api\apps\user\views.py", line 83, in get
    status = message.send_message(phone, code)
  File "C:\Users\Administrator\Desktop\edu_api\edu_api\utils\message.py", line 28, in send_message
    req = req['http_status_code']
KeyError: 'http_status_code'
ERROR 2021-04-15 02:22:45,867 basehttp 124 "GET /user/message/?phone=18522074726 HTTP/1.1" 500 20264
WARNING 2021-04-15 02:24:00,796 basehttp 124 "POST /user/register/ HTTP/1.1" 400 43
ERROR 2021-04-15 10:35:00,734 exceptions 18 [<user.views.SendMessageAPIView object at 0x000001AF7B93AB38>] Error 10060 connecting to 192.168.92.128:6379. 由于连接方在一段时间后没有正确答复或连接的主机没有反应，连接尝试失败。.
ERROR 2021-04-15 10:35:00,736 basehttp 124 "GET /user/message/?phone=18522074726 HTTP/1.1" 507 29
WARNING 2021-04-15 10:35:48,610 basehttp 124 "POST /user/register/ HTTP/1.1" 400 137
ERROR 2021-04-15 10:36:06,935 exceptions 18 [<user.views.SendMessageAPIView object at 0x000001AF7BA62C18>] Error 10060 connecting to 192.168.92.128:6379. 由于连接方在一段时间后没有正确答复或连接的主机没有反应，连接尝试失败。.
ERROR 2021-04-15 10:36:06,935 basehttp 124 "GET /user/message/?phone=18522074726 HTTP/1.1" 507 29
ERROR 2021-04-15 10:36:13,315 exceptions 18 [<user.views.SendMessageAPIView object at 0x000001AF7BA6D908>] Error 10060 connecting to 192.168.92.128:6379. 由于连接方在一段时间后没有正确答复或连接的主机没有反应，连接尝试失败。.
ERROR 2021-04-15 10:36:13,316 basehttp 124 "GET /user/message/?phone=18522074726 HTTP/1.1" 507 29
ERROR 2021-04-15 10:38:57,744 exceptions 18 [<user.views.SendMessageAPIView object at 0x000001AF7BA6DBA8>] Error 10060 connecting to 192.168.92.128:6379. 由于连接方在一段时间后没有正确答复或连接的主机没有反应，连接尝试失败。.
ERROR 2021-04-15 10:38:57,744 basehttp 124 "GET /user/message/?phone=18522074726 HTTP/1.1" 507 29
ERROR 2021-04-15 10:42:45,760 exceptions 18 [<user.views.SendMessageAPIView object at 0x0000027FD7778F28>] Error 10060 connecting to 192.168.92.128:6379. 由于连接方在一段时间后没有正确答复或连接的主机没有反应，连接尝试失败。.
ERROR 2021-04-15 10:42:45,760 basehttp 124 "GET /user/message/?phone=18522074726 HTTP/1.1" 507 29
ERROR 2021-04-15 10:45:32,661 exceptions 18 [<user.views.SendMessageAPIView object at 0x000001C92ABB6A58>] Error 10060 connecting to 192.168.92.128:6379. 由于连接方在一段时间后没有正确答复或连接的主机没有反应，连接尝试失败。.
ERROR 2021-04-15 10:45:32,661 basehttp 124 "GET /user/message/?phone=18522074726 HTTP/1.1" 507 29
ERROR 2021-04-15 10:48:17,178 exceptions 18 [<user.views.SendMessageAPIView object at 0x0000017FD2076860>] Error 10060 connecting to 192.168.92.128:6379. 由于连接方在一段时间后没有正确答复或连接的主机没有反应，连接尝试失败。.
ERROR 2021-04-15 10:48:17,178 basehttp 124 "GET /user/message/?phone=18522074726 HTTP/1.1" 507 29
ERROR 2021-04-15 10:54:30,759 basehttp 124 "GET /home/banner/ HTTP/1.1" 500 59
ERROR 2021-04-15 10:54:30,760 basehttp 124 "GET /home/footer/ HTTP/1.1" 500 59
ERROR 2021-04-15 10:54:30,760 basehttp 124 "GET /home/header/ HTTP/1.1" 500 59
ERROR 2021-04-15 10:54:59,863 exceptions 18 [<user.views.SendMessageAPIView object at 0x000001CEA8586160>] Error 10060 connecting to 192.168.92.128:6379. 由于连接方在一段时间后没有正确答复或连接的主机没有反应，连接尝试失败。.
ERROR 2021-04-15 10:54:59,863 basehttp 124 "GET /user/message/?phone=18522074726&flag=1 HTTP/1.1" 507 29
ERROR 2021-04-15 10:57:00,633 exceptions 18 [<user.views.SendMessageAPIView object at 0x000001C8F67DCA58>] Error 10060 connecting to 192.168.92.128:6379. 由于连接方在一段时间后没有正确答复或连接的主机没有反应，连接尝试失败。.
ERROR 2021-04-15 10:57:00,633 basehttp 124 "GET /user/message/?phone=18522074726&flag=1 HTTP/1.1" 507 29
ERROR 2021-04-15 10:59:18,640 exceptions 18 [<user.views.SendMessageAPIView object at 0x000002578255F438>] Error 10060 connecting to 192.168.92.128:6379. 由于连接方在一段时间后没有正确答复或连接的主机没有反应，连接尝试失败。.
ERROR 2021-04-15 10:59:18,640 basehttp 124 "GET /user/message/?phone=18522074726 HTTP/1.1" 507 29
ERROR 2021-04-15 11:02:32,085 basehttp 124 "GET /home/footer/ HTTP/1.1" 500 59
ERROR 2021-04-15 11:02:32,085 basehttp 124 "GET /home/header/ HTTP/1.1" 500 59
ERROR 2021-04-15 11:02:32,086 basehttp 124 "GET /home/banner/ HTTP/1.1" 500 59
ERROR 2021-04-15 11:03:00,116 exceptions 18 [<user.views.SendMessageAPIView object at 0x000002ADE227F710>] Error 10060 connecting to 192.168.92.128:6379. 由于连接方在一段时间后没有正确答复或连接的主机没有反应，连接尝试失败。.
ERROR 2021-04-15 11:03:00,116 basehttp 124 "GET /user/message/?phone=18522074726&flag=1 HTTP/1.1" 507 29
ERROR 2021-04-15 11:04:33,352 exception 118 Internal Server Error: /user/message/
Traceback (most recent call last):
  File "C:\Users\Administrator\envs\demo\lib\site-packages\urllib3\connection.py", line 170, in _new_conn
    (self._dns_host, self.port), self.timeout, **extra_kw
  File "C:\Users\Administrator\envs\demo\lib\site-packages\urllib3\util\connection.py", line 96, in create_connection
    raise err
  File "C:\Users\Administrator\envs\demo\lib\site-packages\urllib3\util\connection.py", line 86, in create_connection
    sock.connect(sa)
ConnectionRefusedError: [WinError 10061] 由于目标计算机积极拒绝，无法连接。

During handling of the above exception, another exception occurred:

Traceback (most recent call last):
  File "C:\Users\Administrator\envs\demo\lib\site-packages\urllib3\connectionpool.py", line 696, in urlopen
    self._prepare_proxy(conn)
  File "C:\Users\Administrator\envs\demo\lib\site-packages\urllib3\connectionpool.py", line 964, in _prepare_proxy
    conn.connect()
  File "C:\Users\Administrator\envs\demo\lib\site-packages\urllib3\connection.py", line 353, in connect
    conn = self._new_conn()
  File "C:\Users\Administrator\envs\demo\lib\site-packages\urllib3\connection.py", line 182, in _new_conn
    self, "Failed to establish a new connection: %s" % e
urllib3.exceptions.NewConnectionError: <urllib3.connection.HTTPSConnection object at 0x000001E4571AD1D0>: Failed to establish a new connection: [WinError 10061] 由于目标计算机积极拒绝，无法连接。

During handling of the above exception, another exception occurred:

Traceback (most recent call last):
  File "C:\Users\Administrator\envs\demo\lib\site-packages\requests\adapters.py", line 449, in send
    timeout=timeout
  File "C:\Users\Administrator\envs\demo\lib\site-packages\urllib3\connectionpool.py", line 756, in urlopen
    method, url, error=e, _pool=self, _stacktrace=sys.exc_info()[2]
  File "C:\Users\Administrator\envs\demo\lib\site-packages\urllib3\util\retry.py", line 573, in increment
    raise MaxRetryError(_pool, url, error or ResponseError(cause))
urllib3.exceptions.MaxRetryError: HTTPSConnectionPool(host='sms.yunpian.com', port=443): Max retries exceeded with url: /v2/sms/single_send.json (Caused by ProxyError('Cannot connect to proxy.', NewConnectionError('<urllib3.connection.HTTPSConnection object at 0x000001E4571AD1D0>: Failed to establish a new connection: [WinError 10061] 由于目标计算机积极拒绝，无法连接。',)))

During handling of the above exception, another exception occurred:

Traceback (most recent call last):
  File "C:\Users\Administrator\envs\demo\lib\site-packages\django\core\handlers\exception.py", line 35, in inner
    response = get_response(request)
  File "C:\Users\Administrator\envs\demo\lib\site-packages\django\core\handlers\base.py", line 128, in _get_response
    response = self.process_exception_by_middleware(e, request)
  File "C:\Users\Administrator\envs\demo\lib\site-packages\django\core\handlers\base.py", line 126, in _get_response
    response = wrapped_callback(request, *callback_args, **callback_kwargs)
  File "C:\Users\Administrator\envs\demo\lib\site-packages\django\views\decorators\csrf.py", line 54, in wrapped_view
    return view_func(*args, **kwargs)
  File "C:\Users\Administrator\envs\demo\lib\site-packages\django\views\generic\base.py", line 69, in view
    return self.dispatch(request, *args, **kwargs)
  File "C:\Users\Administrator\envs\demo\lib\site-packages\rest_framework\views.py", line 497, in dispatch
    response = self.handle_exception(exc)
  File "C:\Users\Administrator\envs\demo\lib\site-packages\rest_framework\views.py", line 457, in handle_exception
    self.raise_uncaught_exception(exc)
  File "C:\Users\Administrator\envs\demo\lib\site-packages\rest_framework\views.py", line 468, in raise_uncaught_exception
    raise exc
  File "C:\Users\Administrator\envs\demo\lib\site-packages\rest_framework\views.py", line 494, in dispatch
    response = handler(request, *args, **kwargs)
  File "C:\Users\Administrator\Desktop\edu_api\edu_api\apps\user\views.py", line 93, in get
    status = message.send_message(phone, code)
  File "C:\Users\Administrator\Desktop\edu_api\edu_api\utils\message.py", line 25, in send_message
    req = requests.post(self.single_send_url, data=params)
  File "C:\Users\Administrator\envs\demo\lib\site-packages\requests\api.py", line 119, in post
    return request('post', url, data=data, json=json, **kwargs)
  File "C:\Users\Administrator\envs\demo\lib\site-packages\requests\api.py", line 61, in request
    return session.request(method=method, url=url, **kwargs)
  File "C:\Users\Administrator\envs\demo\lib\site-packages\requests\sessions.py", line 542, in request
    resp = self.send(prep, **send_kwargs)
  File "C:\Users\Administrator\envs\demo\lib\site-packages\requests\sessions.py", line 655, in send
    r = adapter.send(request, **kwargs)
  File "C:\Users\Administrator\envs\demo\lib\site-packages\requests\adapters.py", line 510, in send
    raise ProxyError(e, request=request)
requests.exceptions.ProxyError: HTTPSConnectionPool(host='sms.yunpian.com', port=443): Max retries exceeded with url: /v2/sms/single_send.json (Caused by ProxyError('Cannot connect to proxy.', NewConnectionError('<urllib3.connection.HTTPSConnection object at 0x000001E4571AD1D0>: Failed to establish a new connection: [WinError 10061] 由于目标计算机积极拒绝，无法连接。',)))
ERROR 2021-04-15 11:04:36,336 basehttp 124 "GET /user/message/?phone=18522074726 HTTP/1.1" 500 23739
ERROR 2021-04-15 11:05:35,499 exception 118 Internal Server Error: /user/message/
Traceback (most recent call last):
  File "C:\Users\Administrator\envs\demo\lib\site-packages\urllib3\connection.py", line 170, in _new_conn
    (self._dns_host, self.port), self.timeout, **extra_kw
  File "C:\Users\Administrator\envs\demo\lib\site-packages\urllib3\util\connection.py", line 96, in create_connection
    raise err
  File "C:\Users\Administrator\envs\demo\lib\site-packages\urllib3\util\connection.py", line 86, in create_connection
    sock.connect(sa)
ConnectionRefusedError: [WinError 10061] 由于目标计算机积极拒绝，无法连接。

During handling of the above exception, another exception occurred:

Traceback (most recent call last):
  File "C:\Users\Administrator\envs\demo\lib\site-packages\urllib3\connectionpool.py", line 696, in urlopen
    self._prepare_proxy(conn)
  File "C:\Users\Administrator\envs\demo\lib\site-packages\urllib3\connectionpool.py", line 964, in _prepare_proxy
    conn.connect()
  File "C:\Users\Administrator\envs\demo\lib\site-packages\urllib3\connection.py", line 353, in connect
    conn = self._new_conn()
  File "C:\Users\Administrator\envs\demo\lib\site-packages\urllib3\connection.py", line 182, in _new_conn
    self, "Failed to establish a new connection: %s" % e
urllib3.exceptions.NewConnectionError: <urllib3.connection.HTTPSConnection object at 0x000001E457228BE0>: Failed to establish a new connection: [WinError 10061] 由于目标计算机积极拒绝，无法连接。

During handling of the above exception, another exception occurred:

Traceback (most recent call last):
  File "C:\Users\Administrator\envs\demo\lib\site-packages\requests\adapters.py", line 449, in send
    timeout=timeout
  File "C:\Users\Administrator\envs\demo\lib\site-packages\urllib3\connectionpool.py", line 756, in urlopen
    method, url, error=e, _pool=self, _stacktrace=sys.exc_info()[2]
  File "C:\Users\Administrator\envs\demo\lib\site-packages\urllib3\util\retry.py", line 573, in increment
    raise MaxRetryError(_pool, url, error or ResponseError(cause))
urllib3.exceptions.MaxRetryError: HTTPSConnectionPool(host='sms.yunpian.com', port=443): Max retries exceeded with url: /v2/sms/single_send.json (Caused by ProxyError('Cannot connect to proxy.', NewConnectionError('<urllib3.connection.HTTPSConnection object at 0x000001E457228BE0>: Failed to establish a new connection: [WinError 10061] 由于目标计算机积极拒绝，无法连接。',)))

During handling of the above exception, another exception occurred:

Traceback (most recent call last):
  File "C:\Users\Administrator\envs\demo\lib\site-packages\django\core\handlers\exception.py", line 35, in inner
    response = get_response(request)
  File "C:\Users\Administrator\envs\demo\lib\site-packages\django\core\handlers\base.py", line 128, in _get_response
    response = self.process_exception_by_middleware(e, request)
  File "C:\Users\Administrator\envs\demo\lib\site-packages\django\core\handlers\base.py", line 126, in _get_response
    response = wrapped_callback(request, *callback_args, **callback_kwargs)
  File "C:\Users\Administrator\envs\demo\lib\site-packages\django\views\decorators\csrf.py", line 54, in wrapped_view
    return view_func(*args, **kwargs)
  File "C:\Users\Administrator\envs\demo\lib\site-packages\django\views\generic\base.py", line 69, in view
    return self.dispatch(request, *args, **kwargs)
  File "C:\Users\Administrator\envs\demo\lib\site-packages\rest_framework\views.py", line 497, in dispatch
    response = self.handle_exception(exc)
  File "C:\Users\Administrator\envs\demo\lib\site-packages\rest_framework\views.py", line 457, in handle_exception
    self.raise_uncaught_exception(exc)
  File "C:\Users\Administrator\envs\demo\lib\site-packages\rest_framework\views.py", line 468, in raise_uncaught_exception
    raise exc
  File "C:\Users\Administrator\envs\demo\lib\site-packages\rest_framework\views.py", line 494, in dispatch
    response = handler(request, *args, **kwargs)
  File "C:\Users\Administrator\Desktop\edu_api\edu_api\apps\user\views.py", line 93, in get
    status = message.send_message(phone, code)
  File "C:\Users\Administrator\Desktop\edu_api\edu_api\utils\message.py", line 25, in send_message
    req = requests.post(self.single_send_url, data=params)
  File "C:\Users\Administrator\envs\demo\lib\site-packages\requests\api.py", line 119, in post
    return request('post', url, data=data, json=json, **kwargs)
  File "C:\Users\Administrator\envs\demo\lib\site-packages\requests\api.py", line 61, in request
    return session.request(method=method, url=url, **kwargs)
  File "C:\Users\Administrator\envs\demo\lib\site-packages\requests\sessions.py", line 542, in request
    resp = self.send(prep, **send_kwargs)
  File "C:\Users\Administrator\envs\demo\lib\site-packages\requests\sessions.py", line 655, in send
    r = adapter.send(request, **kwargs)
  File "C:\Users\Administrator\envs\demo\lib\site-packages\requests\adapters.py", line 510, in send
    raise ProxyError(e, request=request)
requests.exceptions.ProxyError: HTTPSConnectionPool(host='sms.yunpian.com', port=443): Max retries exceeded with url: /v2/sms/single_send.json (Caused by ProxyError('Cannot connect to proxy.', NewConnectionError('<urllib3.connection.HTTPSConnection object at 0x000001E457228BE0>: Failed to establish a new connection: [WinError 10061] 由于目标计算机积极拒绝，无法连接。',)))
ERROR 2021-04-15 11:05:35,530 basehttp 124 "GET /user/message/?phone=15293126676 HTTP/1.1" 500 23739
ERROR 2021-04-15 11:06:50,759 exception 118 Internal Server Error: /user/message/
Traceback (most recent call last):
  File "C:\Users\Administrator\envs\demo\lib\site-packages\django\core\handlers\exception.py", line 35, in inner
    response = get_response(request)
  File "C:\Users\Administrator\envs\demo\lib\site-packages\django\core\handlers\base.py", line 128, in _get_response
    response = self.process_exception_by_middleware(e, request)
  File "C:\Users\Administrator\envs\demo\lib\site-packages\django\core\handlers\base.py", line 126, in _get_response
    response = wrapped_callback(request, *callback_args, **callback_kwargs)
  File "C:\Users\Administrator\envs\demo\lib\site-packages\django\views\decorators\csrf.py", line 54, in wrapped_view
    return view_func(*args, **kwargs)
  File "C:\Users\Administrator\envs\demo\lib\site-packages\django\views\generic\base.py", line 69, in view
    return self.dispatch(request, *args, **kwargs)
  File "C:\Users\Administrator\envs\demo\lib\site-packages\rest_framework\views.py", line 497, in dispatch
    response = self.handle_exception(exc)
  File "C:\Users\Administrator\envs\demo\lib\site-packages\rest_framework\views.py", line 457, in handle_exception
    self.raise_uncaught_exception(exc)
  File "C:\Users\Administrator\envs\demo\lib\site-packages\rest_framework\views.py", line 468, in raise_uncaught_exception
    raise exc
  File "C:\Users\Administrator\envs\demo\lib\site-packages\rest_framework\views.py", line 494, in dispatch
    response = handler(request, *args, **kwargs)
  File "C:\Users\Administrator\Desktop\edu_api\edu_api\apps\user\views.py", line 93, in get
    status = message.send_message(phone, code)
  File "C:\Users\Administrator\Desktop\edu_api\edu_api\utils\message.py", line 28, in send_message
    req = req['http_status_code']
KeyError: 'http_status_code'
ERROR 2021-04-15 11:06:50,772 basehttp 124 "GET /user/message/?phone=15293126676 HTTP/1.1" 500 19957
ERROR 2021-04-15 11:07:17,430 exception 118 Internal Server Error: /user/message/
Traceback (most recent call last):
  File "C:\Users\Administrator\envs\demo\lib\site-packages\django\core\handlers\exception.py", line 35, in inner
    response = get_response(request)
  File "C:\Users\Administrator\envs\demo\lib\site-packages\django\core\handlers\base.py", line 128, in _get_response
    response = self.process_exception_by_middleware(e, request)
  File "C:\Users\Administrator\envs\demo\lib\site-packages\django\core\handlers\base.py", line 126, in _get_response
    response = wrapped_callback(request, *callback_args, **callback_kwargs)
  File "C:\Users\Administrator\envs\demo\lib\site-packages\django\views\decorators\csrf.py", line 54, in wrapped_view
    return view_func(*args, **kwargs)
  File "C:\Users\Administrator\envs\demo\lib\site-packages\django\views\generic\base.py", line 69, in view
    return self.dispatch(request, *args, **kwargs)
  File "C:\Users\Administrator\envs\demo\lib\site-packages\rest_framework\views.py", line 497, in dispatch
    response = self.handle_exception(exc)
  File "C:\Users\Administrator\envs\demo\lib\site-packages\rest_framework\views.py", line 457, in handle_exception
    self.raise_uncaught_exception(exc)
  File "C:\Users\Administrator\envs\demo\lib\site-packages\rest_framework\views.py", line 468, in raise_uncaught_exception
    raise exc
  File "C:\Users\Administrator\envs\demo\lib\site-packages\rest_framework\views.py", line 494, in dispatch
    response = handler(request, *args, **kwargs)
  File "C:\Users\Administrator\Desktop\edu_api\edu_api\apps\user\views.py", line 93, in get
    status = message.send_message(phone, code)
  File "C:\Users\Administrator\Desktop\edu_api\edu_api\utils\message.py", line 28, in send_message
    req = req['http_status_code']
KeyError: 'http_status_code'
ERROR 2021-04-15 11:07:17,445 basehttp 124 "GET /user/message/?phone=18522074726 HTTP/1.1" 500 19957
ERROR 2021-04-15 11:10:48,101 exception 118 Internal Server Error: /user/message/
Traceback (most recent call last):
  File "C:\Users\Administrator\envs\demo\lib\site-packages\django\core\handlers\exception.py", line 35, in inner
    response = get_response(request)
  File "C:\Users\Administrator\envs\demo\lib\site-packages\django\core\handlers\base.py", line 128, in _get_response
    response = self.process_exception_by_middleware(e, request)
  File "C:\Users\Administrator\envs\demo\lib\site-packages\django\core\handlers\base.py", line 126, in _get_response
    response = wrapped_callback(request, *callback_args, **callback_kwargs)
  File "C:\Users\Administrator\envs\demo\lib\site-packages\django\views\decorators\csrf.py", line 54, in wrapped_view
    return view_func(*args, **kwargs)
  File "C:\Users\Administrator\envs\demo\lib\site-packages\django\views\generic\base.py", line 69, in view
    return self.dispatch(request, *args, **kwargs)
  File "C:\Users\Administrator\envs\demo\lib\site-packages\rest_framework\views.py", line 497, in dispatch
    response = self.handle_exception(exc)
  File "C:\Users\Administrator\envs\demo\lib\site-packages\rest_framework\views.py", line 457, in handle_exception
    self.raise_uncaught_exception(exc)
  File "C:\Users\Administrator\envs\demo\lib\site-packages\rest_framework\views.py", line 468, in raise_uncaught_exception
    raise exc
  File "C:\Users\Administrator\envs\demo\lib\site-packages\rest_framework\views.py", line 494, in dispatch
    response = handler(request, *args, **kwargs)
  File "C:\Users\Administrator\Desktop\edu_api\edu_api\apps\user\views.py", line 93, in get
    status = message.send_message(phone, code)
  File "C:\Users\Administrator\Desktop\edu_api\edu_api\utils\message.py", line 28, in send_message
    req = req['http_status_code']
KeyError: 'http_status_code'
ERROR 2021-04-15 11:10:48,226 basehttp 124 "GET /user/message/?phone=15293126676 HTTP/1.1" 500 19957
ERROR 2021-04-15 11:11:28,018 exception 118 Internal Server Error: /user/message/
Traceback (most recent call last):
  File "C:\Users\Administrator\envs\demo\lib\site-packages\django\core\handlers\exception.py", line 35, in inner
    response = get_response(request)
  File "C:\Users\Administrator\envs\demo\lib\site-packages\django\core\handlers\base.py", line 128, in _get_response
    response = self.process_exception_by_middleware(e, request)
  File "C:\Users\Administrator\envs\demo\lib\site-packages\django\core\handlers\base.py", line 126, in _get_response
    response = wrapped_callback(request, *callback_args, **callback_kwargs)
  File "C:\Users\Administrator\envs\demo\lib\site-packages\django\views\decorators\csrf.py", line 54, in wrapped_view
    return view_func(*args, **kwargs)
  File "C:\Users\Administrator\envs\demo\lib\site-packages\django\views\generic\base.py", line 69, in view
    return self.dispatch(request, *args, **kwargs)
  File "C:\Users\Administrator\envs\demo\lib\site-packages\rest_framework\views.py", line 497, in dispatch
    response = self.handle_exception(exc)
  File "C:\Users\Administrator\envs\demo\lib\site-packages\rest_framework\views.py", line 457, in handle_exception
    self.raise_uncaught_exception(exc)
  File "C:\Users\Administrator\envs\demo\lib\site-packages\rest_framework\views.py", line 468, in raise_uncaught_exception
    raise exc
  File "C:\Users\Administrator\envs\demo\lib\site-packages\rest_framework\views.py", line 494, in dispatch
    response = handler(request, *args, **kwargs)
  File "C:\Users\Administrator\Desktop\edu_api\edu_api\apps\user\views.py", line 93, in get
    status = message.send_message(phone, code)
  File "C:\Users\Administrator\Desktop\edu_api\edu_api\utils\message.py", line 28, in send_message
    req = req['http_status_code']
KeyError: 'http_status_code'
ERROR 2021-04-15 11:11:28,033 basehttp 124 "GET /user/message/?phone=18522074726&flag=1 HTTP/1.1" 500 19982
WARNING 2021-04-15 11:19:25,109 basehttp 124 "GET /user/message/?phone=18522074726&flag=1 HTTP/1.1" 400 47
WARNING 2021-04-15 11:25:00,409 basehttp 124 "GET /user/message/?phone=18522074726&flag=1 HTTP/1.1" 400 35
ERROR 2021-04-15 11:31:17,398 basehttp 124 "GET /home/header/ HTTP/1.1" 500 59
ERROR 2021-04-15 11:31:17,403 basehttp 124 "GET /home/banner/ HTTP/1.1" 500 59
ERROR 2021-04-15 11:31:17,409 basehttp 124 "GET /home/footer/ HTTP/1.1" 500 59
ERROR 2021-04-15 11:34:01,556 basehttp 124 "GET /home/header/ HTTP/1.1" 500 59
ERROR 2021-04-15 11:34:01,568 basehttp 124 "GET /home/banner/ HTTP/1.1" 500 59
ERROR 2021-04-15 11:34:01,573 basehttp 124 "GET /home/footer/ HTTP/1.1" 500 59
WARNING 2021-04-15 11:35:19,026 basehttp 124 "GET /user/message/?phone=18993085835&flag=0 HTTP/1.1" 400 65
ERROR 2021-04-15 12:00:33,513 exception 118 Internal Server Error: /user/login2/
Traceback (most recent call last):
  File "C:\Users\Administrator\envs\demo\lib\site-packages\rest_framework_jwt\compat.py", line 33, in get_username
    username = user.get_username()
AttributeError: 'QuerySet' object has no attribute 'get_username'

During handling of the above exception, another exception occurred:

Traceback (most recent call last):
  File "C:\Users\Administrator\envs\demo\lib\site-packages\django\core\handlers\exception.py", line 35, in inner
    response = get_response(request)
  File "C:\Users\Administrator\envs\demo\lib\site-packages\django\core\handlers\base.py", line 128, in _get_response
    response = self.process_exception_by_middleware(e, request)
  File "C:\Users\Administrator\envs\demo\lib\site-packages\django\core\handlers\base.py", line 126, in _get_response
    response = wrapped_callback(request, *callback_args, **callback_kwargs)
  File "C:\Users\Administrator\envs\demo\lib\site-packages\django\views\decorators\csrf.py", line 54, in wrapped_view
    return view_func(*args, **kwargs)
  File "C:\Users\Administrator\envs\demo\lib\site-packages\django\views\generic\base.py", line 69, in view
    return self.dispatch(request, *args, **kwargs)
  File "C:\Users\Administrator\envs\demo\lib\site-packages\rest_framework\views.py", line 497, in dispatch
    response = self.handle_exception(exc)
  File "C:\Users\Administrator\envs\demo\lib\site-packages\rest_framework\views.py", line 457, in handle_exception
    self.raise_uncaught_exception(exc)
  File "C:\Users\Administrator\envs\demo\lib\site-packages\rest_framework\views.py", line 468, in raise_uncaught_exception
    raise exc
  File "C:\Users\Administrator\envs\demo\lib\site-packages\rest_framework\views.py", line 494, in dispatch
    response = handler(request, *args, **kwargs)
  File "C:\Users\Administrator\Desktop\edu_api\edu_api\apps\user\views.py", line 121, in post
    payload = jwt_payload_handler(user)
  File "C:\Users\Administrator\envs\demo\lib\site-packages\rest_framework_jwt\utils.py", line 34, in jwt_payload_handler
    username = get_username(user)
  File "C:\Users\Administrator\envs\demo\lib\site-packages\rest_framework_jwt\compat.py", line 35, in get_username
    username = user.username
AttributeError: 'QuerySet' object has no attribute 'username'
ERROR 2021-04-15 12:00:40,436 basehttp 124 "POST /user/login2/ HTTP/1.1" 500 20423
ERROR 2021-04-15 12:01:08,625 exception 118 Internal Server Error: /user/login2/
Traceback (most recent call last):
  File "C:\Users\Administrator\envs\demo\lib\site-packages\rest_framework_jwt\compat.py", line 33, in get_username
    username = user.get_username()
AttributeError: 'QuerySet' object has no attribute 'get_username'

During handling of the above exception, another exception occurred:

Traceback (most recent call last):
  File "C:\Users\Administrator\envs\demo\lib\site-packages\django\core\handlers\exception.py", line 35, in inner
    response = get_response(request)
  File "C:\Users\Administrator\envs\demo\lib\site-packages\django\core\handlers\base.py", line 128, in _get_response
    response = self.process_exception_by_middleware(e, request)
  File "C:\Users\Administrator\envs\demo\lib\site-packages\django\core\handlers\base.py", line 126, in _get_response
    response = wrapped_callback(request, *callback_args, **callback_kwargs)
  File "C:\Users\Administrator\envs\demo\lib\site-packages\django\views\decorators\csrf.py", line 54, in wrapped_view
    return view_func(*args, **kwargs)
  File "C:\Users\Administrator\envs\demo\lib\site-packages\django\views\generic\base.py", line 69, in view
    return self.dispatch(request, *args, **kwargs)
  File "C:\Users\Administrator\envs\demo\lib\site-packages\rest_framework\views.py", line 497, in dispatch
    response = self.handle_exception(exc)
  File "C:\Users\Administrator\envs\demo\lib\site-packages\rest_framework\views.py", line 457, in handle_exception
    self.raise_uncaught_exception(exc)
  File "C:\Users\Administrator\envs\demo\lib\site-packages\rest_framework\views.py", line 468, in raise_uncaught_exception
    raise exc
  File "C:\Users\Administrator\envs\demo\lib\site-packages\rest_framework\views.py", line 494, in dispatch
    response = handler(request, *args, **kwargs)
  File "C:\Users\Administrator\Desktop\edu_api\edu_api\apps\user\views.py", line 121, in post
    payload = jwt_payload_handler(user)
  File "C:\Users\Administrator\envs\demo\lib\site-packages\rest_framework_jwt\utils.py", line 34, in jwt_payload_handler
    username = get_username(user)
  File "C:\Users\Administrator\envs\demo\lib\site-packages\rest_framework_jwt\compat.py", line 35, in get_username
    username = user.username
AttributeError: 'QuerySet' object has no attribute 'username'
ERROR 2021-04-15 12:01:12,659 basehttp 124 "POST /user/login2/ HTTP/1.1" 500 20424
ERROR 2021-04-15 12:02:46,021 exception 118 Internal Server Error: /user/login2/
Traceback (most recent call last):
  File "C:\Users\Administrator\envs\demo\lib\site-packages\rest_framework_jwt\compat.py", line 33, in get_username
    username = user.get_username()
AttributeError: 'QuerySet' object has no attribute 'get_username'

During handling of the above exception, another exception occurred:

Traceback (most recent call last):
  File "C:\Users\Administrator\envs\demo\lib\site-packages\django\core\handlers\exception.py", line 35, in inner
    response = get_response(request)
  File "C:\Users\Administrator\envs\demo\lib\site-packages\django\core\handlers\base.py", line 128, in _get_response
    response = self.process_exception_by_middleware(e, request)
  File "C:\Users\Administrator\envs\demo\lib\site-packages\django\core\handlers\base.py", line 126, in _get_response
    response = wrapped_callback(request, *callback_args, **callback_kwargs)
  File "C:\Users\Administrator\envs\demo\lib\site-packages\django\views\decorators\csrf.py", line 54, in wrapped_view
    return view_func(*args, **kwargs)
  File "C:\Users\Administrator\envs\demo\lib\site-packages\django\views\generic\base.py", line 69, in view
    return self.dispatch(request, *args, **kwargs)
  File "C:\Users\Administrator\envs\demo\lib\site-packages\rest_framework\views.py", line 497, in dispatch
    response = self.handle_exception(exc)
  File "C:\Users\Administrator\envs\demo\lib\site-packages\rest_framework\views.py", line 457, in handle_exception
    self.raise_uncaught_exception(exc)
  File "C:\Users\Administrator\envs\demo\lib\site-packages\rest_framework\views.py", line 468, in raise_uncaught_exception
    raise exc
  File "C:\Users\Administrator\envs\demo\lib\site-packages\rest_framework\views.py", line 494, in dispatch
    response = handler(request, *args, **kwargs)
  File "C:\Users\Administrator\Desktop\edu_api\edu_api\apps\user\views.py", line 121, in post
    payload = jwt_payload_handler(user)
  File "C:\Users\Administrator\envs\demo\lib\site-packages\rest_framework_jwt\utils.py", line 34, in jwt_payload_handler
    username = get_username(user)
  File "C:\Users\Administrator\envs\demo\lib\site-packages\rest_framework_jwt\compat.py", line 35, in get_username
    username = user.username
AttributeError: 'QuerySet' object has no attribute 'username'
ERROR 2021-04-15 12:02:50,173 basehttp 124 "POST /user/login2/ HTTP/1.1" 500 20424
ERROR 2021-04-15 12:07:08,781 exception 118 Internal Server Error: /user/login2/
Traceback (most recent call last):
  File "C:\Users\Administrator\envs\demo\lib\site-packages\rest_framework_jwt\compat.py", line 33, in get_username
    username = user.get_username()
AttributeError: 'QuerySet' object has no attribute 'get_username'

During handling of the above exception, another exception occurred:

Traceback (most recent call last):
  File "C:\Users\Administrator\envs\demo\lib\site-packages\django\core\handlers\exception.py", line 35, in inner
    response = get_response(request)
  File "C:\Users\Administrator\envs\demo\lib\site-packages\django\core\handlers\base.py", line 128, in _get_response
    response = self.process_exception_by_middleware(e, request)
  File "C:\Users\Administrator\envs\demo\lib\site-packages\django\core\handlers\base.py", line 126, in _get_response
    response = wrapped_callback(request, *callback_args, **callback_kwargs)
  File "C:\Users\Administrator\envs\demo\lib\site-packages\django\views\decorators\csrf.py", line 54, in wrapped_view
    return view_func(*args, **kwargs)
  File "C:\Users\Administrator\envs\demo\lib\site-packages\django\views\generic\base.py", line 69, in view
    return self.dispatch(request, *args, **kwargs)
  File "C:\Users\Administrator\envs\demo\lib\site-packages\rest_framework\views.py", line 497, in dispatch
    response = self.handle_exception(exc)
  File "C:\Users\Administrator\envs\demo\lib\site-packages\rest_framework\views.py", line 457, in handle_exception
    self.raise_uncaught_exception(exc)
  File "C:\Users\Administrator\envs\demo\lib\site-packages\rest_framework\views.py", line 468, in raise_uncaught_exception
    raise exc
  File "C:\Users\Administrator\envs\demo\lib\site-packages\rest_framework\views.py", line 494, in dispatch
    response = handler(request, *args, **kwargs)
  File "C:\Users\Administrator\Desktop\edu_api\edu_api\apps\user\views.py", line 121, in post
    payload = jwt_payload_handler(user)
  File "C:\Users\Administrator\envs\demo\lib\site-packages\rest_framework_jwt\utils.py", line 34, in jwt_payload_handler
    username = get_username(user)
  File "C:\Users\Administrator\envs\demo\lib\site-packages\rest_framework_jwt\compat.py", line 35, in get_username
    username = user.username
AttributeError: 'QuerySet' object has no attribute 'username'
ERROR 2021-04-15 12:07:12,960 basehttp 124 "POST /user/login2/ HTTP/1.1" 500 20424
ERROR 2021-04-15 12:08:09,818 exception 118 Internal Server Error: /user/login2/
Traceback (most recent call last):
  File "C:\Users\Administrator\envs\demo\lib\site-packages\django\core\handlers\exception.py", line 35, in inner
    response = get_response(request)
  File "C:\Users\Administrator\envs\demo\lib\site-packages\django\core\handlers\base.py", line 128, in _get_response
    response = self.process_exception_by_middleware(e, request)
  File "C:\Users\Administrator\envs\demo\lib\site-packages\django\core\handlers\base.py", line 126, in _get_response
    response = wrapped_callback(request, *callback_args, **callback_kwargs)
  File "C:\Users\Administrator\envs\demo\lib\site-packages\django\views\decorators\csrf.py", line 54, in wrapped_view
    return view_func(*args, **kwargs)
  File "C:\Users\Administrator\envs\demo\lib\site-packages\django\views\generic\base.py", line 69, in view
    return self.dispatch(request, *args, **kwargs)
  File "C:\Users\Administrator\envs\demo\lib\site-packages\rest_framework\views.py", line 497, in dispatch
    response = self.handle_exception(exc)
  File "C:\Users\Administrator\envs\demo\lib\site-packages\rest_framework\views.py", line 457, in handle_exception
    self.raise_uncaught_exception(exc)
  File "C:\Users\Administrator\envs\demo\lib\site-packages\rest_framework\views.py", line 468, in raise_uncaught_exception
    raise exc
  File "C:\Users\Administrator\envs\demo\lib\site-packages\rest_framework\views.py", line 494, in dispatch
    response = handler(request, *args, **kwargs)
  File "C:\Users\Administrator\Desktop\edu_api\edu_api\apps\user\views.py", line 115, in post
    if redis_code.decode() != code:
AttributeError: 'NoneType' object has no attribute 'decode'
ERROR 2021-04-15 12:08:09,941 basehttp 124 "POST /user/login2/ HTTP/1.1" 500 19853
WARNING 2021-04-15 13:02:13,620 basehttp 124 "GET /user/message/?phone=15293126676&flag=1 HTTP/1.1" 400 35
ERROR 2021-04-15 17:17:02,167 exception 118 Internal Server Error: /user/message/
Traceback (most recent call last):
  File "C:\Users\Administrator\envs\demo\lib\site-packages\django\core\handlers\exception.py", line 35, in inner
    response = get_response(request)
  File "C:\Users\Administrator\envs\demo\lib\site-packages\django\core\handlers\base.py", line 128, in _get_response
    response = self.process_exception_by_middleware(e, request)
  File "C:\Users\Administrator\envs\demo\lib\site-packages\django\core\handlers\base.py", line 126, in _get_response
    response = wrapped_callback(request, *callback_args, **callback_kwargs)
  File "C:\Users\Administrator\envs\demo\lib\site-packages\django\views\decorators\csrf.py", line 54, in wrapped_view
    return view_func(*args, **kwargs)
  File "C:\Users\Administrator\envs\demo\lib\site-packages\django\views\generic\base.py", line 69, in view
    return self.dispatch(request, *args, **kwargs)
  File "C:\Users\Administrator\envs\demo\lib\site-packages\rest_framework\views.py", line 497, in dispatch
    response = self.handle_exception(exc)
  File "C:\Users\Administrator\envs\demo\lib\site-packages\rest_framework\views.py", line 457, in handle_exception
    self.raise_uncaught_exception(exc)
  File "C:\Users\Administrator\envs\demo\lib\site-packages\rest_framework\views.py", line 468, in raise_uncaught_exception
    raise exc
  File "C:\Users\Administrator\envs\demo\lib\site-packages\rest_framework\views.py", line 494, in dispatch
    response = handler(request, *args, **kwargs)
  File "C:\Users\Administrator\Desktop\edu_api\edu_api\apps\user\views.py", line 97, in get
    redis_connection.setex(f"mobile_{phone}",600,code,count)
TypeError: setex() takes 4 positional arguments but 5 were given
ERROR 2021-04-15 17:17:02,329 basehttp 124 "GET /user/message/?phone=15293126676&flag=0 HTTP/1.1" 500 19879
ERROR 2021-04-15 17:17:36,244 exception 118 Internal Server Error: /user/login2/
Traceback (most recent call last):
  File "C:\Users\Administrator\envs\demo\lib\site-packages\django\core\handlers\exception.py", line 35, in inner
    response = get_response(request)
  File "C:\Users\Administrator\envs\demo\lib\site-packages\django\core\handlers\base.py", line 128, in _get_response
    response = self.process_exception_by_middleware(e, request)
  File "C:\Users\Administrator\envs\demo\lib\site-packages\django\core\handlers\base.py", line 126, in _get_response
    response = wrapped_callback(request, *callback_args, **callback_kwargs)
  File "C:\Users\Administrator\envs\demo\lib\site-packages\django\views\decorators\csrf.py", line 54, in wrapped_view
    return view_func(*args, **kwargs)
  File "C:\Users\Administrator\envs\demo\lib\site-packages\django\views\generic\base.py", line 69, in view
    return self.dispatch(request, *args, **kwargs)
  File "C:\Users\Administrator\envs\demo\lib\site-packages\rest_framework\views.py", line 497, in dispatch
    response = self.handle_exception(exc)
  File "C:\Users\Administrator\envs\demo\lib\site-packages\rest_framework\views.py", line 457, in handle_exception
    self.raise_uncaught_exception(exc)
  File "C:\Users\Administrator\envs\demo\lib\site-packages\rest_framework\views.py", line 468, in raise_uncaught_exception
    raise exc
  File "C:\Users\Administrator\envs\demo\lib\site-packages\rest_framework\views.py", line 494, in dispatch
    response = handler(request, *args, **kwargs)
  File "C:\Users\Administrator\Desktop\edu_api\edu_api\apps\user\views.py", line 115, in post
    print(redis_code.decode())
AttributeError: 'NoneType' object has no attribute 'decode'
ERROR 2021-04-15 17:17:36,260 basehttp 124 "POST /user/login2/ HTTP/1.1" 500 19791
ERROR 2021-04-16 14:21:10,450 exception 118 Internal Server Error: /user/login2/
Traceback (most recent call last):
  File "C:\Users\Administrator\envs\demo\lib\site-packages\django\core\handlers\exception.py", line 35, in inner
    response = get_response(request)
  File "C:\Users\Administrator\envs\demo\lib\site-packages\django\core\handlers\base.py", line 128, in _get_response
    response = self.process_exception_by_middleware(e, request)
  File "C:\Users\Administrator\envs\demo\lib\site-packages\django\core\handlers\base.py", line 126, in _get_response
    response = wrapped_callback(request, *callback_args, **callback_kwargs)
  File "C:\Users\Administrator\envs\demo\lib\site-packages\django\views\decorators\csrf.py", line 54, in wrapped_view
    return view_func(*args, **kwargs)
  File "C:\Users\Administrator\envs\demo\lib\site-packages\django\views\generic\base.py", line 69, in view
    return self.dispatch(request, *args, **kwargs)
  File "C:\Users\Administrator\envs\demo\lib\site-packages\rest_framework\views.py", line 497, in dispatch
    response = self.handle_exception(exc)
  File "C:\Users\Administrator\envs\demo\lib\site-packages\rest_framework\views.py", line 457, in handle_exception
    self.raise_uncaught_exception(exc)
  File "C:\Users\Administrator\envs\demo\lib\site-packages\rest_framework\views.py", line 468, in raise_uncaught_exception
    raise exc
  File "C:\Users\Administrator\envs\demo\lib\site-packages\rest_framework\views.py", line 494, in dispatch
    response = handler(request, *args, **kwargs)
  File "C:\Users\Administrator\Desktop\edu_api\edu_api\apps\user\views.py", line 120, in post
    print(redis_count.decode())
AttributeError: 'NoneType' object has no attribute 'decode'
ERROR 2021-04-16 14:21:13,235 basehttp 124 "POST /user/login2/ HTTP/1.1" 500 19791
ERROR 2021-04-16 14:21:19,334 exception 118 Internal Server Error: /user/login2/
Traceback (most recent call last):
  File "C:\Users\Administrator\envs\demo\lib\site-packages\django\core\handlers\exception.py", line 35, in inner
    response = get_response(request)
  File "C:\Users\Administrator\envs\demo\lib\site-packages\django\core\handlers\base.py", line 128, in _get_response
    response = self.process_exception_by_middleware(e, request)
  File "C:\Users\Administrator\envs\demo\lib\site-packages\django\core\handlers\base.py", line 126, in _get_response
    response = wrapped_callback(request, *callback_args, **callback_kwargs)
  File "C:\Users\Administrator\envs\demo\lib\site-packages\django\views\decorators\csrf.py", line 54, in wrapped_view
    return view_func(*args, **kwargs)
  File "C:\Users\Administrator\envs\demo\lib\site-packages\django\views\generic\base.py", line 69, in view
    return self.dispatch(request, *args, **kwargs)
  File "C:\Users\Administrator\envs\demo\lib\site-packages\rest_framework\views.py", line 497, in dispatch
    response = self.handle_exception(exc)
  File "C:\Users\Administrator\envs\demo\lib\site-packages\rest_framework\views.py", line 457, in handle_exception
    self.raise_uncaught_exception(exc)
  File "C:\Users\Administrator\envs\demo\lib\site-packages\rest_framework\views.py", line 468, in raise_uncaught_exception
    raise exc
  File "C:\Users\Administrator\envs\demo\lib\site-packages\rest_framework\views.py", line 494, in dispatch
    response = handler(request, *args, **kwargs)
  File "C:\Users\Administrator\Desktop\edu_api\edu_api\apps\user\views.py", line 120, in post
    print(redis_count.decode())
AttributeError: 'NoneType' object has no attribute 'decode'
ERROR 2021-04-16 14:21:19,346 basehttp 124 "POST /user/login2/ HTTP/1.1" 500 19792
ERROR 2021-04-16 14:21:28,742 exception 118 Internal Server Error: /user/login2/
Traceback (most recent call last):
  File "C:\Users\Administrator\envs\demo\lib\site-packages\django\core\handlers\exception.py", line 35, in inner
    response = get_response(request)
  File "C:\Users\Administrator\envs\demo\lib\site-packages\django\core\handlers\base.py", line 128, in _get_response
    response = self.process_exception_by_middleware(e, request)
  File "C:\Users\Administrator\envs\demo\lib\site-packages\django\core\handlers\base.py", line 126, in _get_response
    response = wrapped_callback(request, *callback_args, **callback_kwargs)
  File "C:\Users\Administrator\envs\demo\lib\site-packages\django\views\decorators\csrf.py", line 54, in wrapped_view
    return view_func(*args, **kwargs)
  File "C:\Users\Administrator\envs\demo\lib\site-packages\django\views\generic\base.py", line 69, in view
    return self.dispatch(request, *args, **kwargs)
  File "C:\Users\Administrator\envs\demo\lib\site-packages\rest_framework\views.py", line 497, in dispatch
    response = self.handle_exception(exc)
  File "C:\Users\Administrator\envs\demo\lib\site-packages\rest_framework\views.py", line 457, in handle_exception
    self.raise_uncaught_exception(exc)
  File "C:\Users\Administrator\envs\demo\lib\site-packages\rest_framework\views.py", line 468, in raise_uncaught_exception
    raise exc
  File "C:\Users\Administrator\envs\demo\lib\site-packages\rest_framework\views.py", line 494, in dispatch
    response = handler(request, *args, **kwargs)
  File "C:\Users\Administrator\Desktop\edu_api\edu_api\apps\user\views.py", line 120, in post
    print(redis_count.decode())
AttributeError: 'NoneType' object has no attribute 'decode'
ERROR 2021-04-16 14:21:28,756 basehttp 124 "POST /user/login2/ HTTP/1.1" 500 19792
ERROR 2021-04-16 14:21:28,957 exception 118 Internal Server Error: /user/login2/
Traceback (most recent call last):
  File "C:\Users\Administrator\envs\demo\lib\site-packages\django\core\handlers\exception.py", line 35, in inner
    response = get_response(request)
  File "C:\Users\Administrator\envs\demo\lib\site-packages\django\core\handlers\base.py", line 128, in _get_response
    response = self.process_exception_by_middleware(e, request)
  File "C:\Users\Administrator\envs\demo\lib\site-packages\django\core\handlers\base.py", line 126, in _get_response
    response = wrapped_callback(request, *callback_args, **callback_kwargs)
  File "C:\Users\Administrator\envs\demo\lib\site-packages\django\views\decorators\csrf.py", line 54, in wrapped_view
    return view_func(*args, **kwargs)
  File "C:\Users\Administrator\envs\demo\lib\site-packages\django\views\generic\base.py", line 69, in view
    return self.dispatch(request, *args, **kwargs)
  File "C:\Users\Administrator\envs\demo\lib\site-packages\rest_framework\views.py", line 497, in dispatch
    response = self.handle_exception(exc)
  File "C:\Users\Administrator\envs\demo\lib\site-packages\rest_framework\views.py", line 457, in handle_exception
    self.raise_uncaught_exception(exc)
  File "C:\Users\Administrator\envs\demo\lib\site-packages\rest_framework\views.py", line 468, in raise_uncaught_exception
    raise exc
  File "C:\Users\Administrator\envs\demo\lib\site-packages\rest_framework\views.py", line 494, in dispatch
    response = handler(request, *args, **kwargs)
  File "C:\Users\Administrator\Desktop\edu_api\edu_api\apps\user\views.py", line 120, in post
    print(redis_count.decode())
AttributeError: 'NoneType' object has no attribute 'decode'
ERROR 2021-04-16 14:21:28,970 basehttp 124 "POST /user/login2/ HTTP/1.1" 500 19792
ERROR 2021-04-16 14:21:29,140 exception 118 Internal Server Error: /user/login2/
Traceback (most recent call last):
  File "C:\Users\Administrator\envs\demo\lib\site-packages\django\core\handlers\exception.py", line 35, in inner
    response = get_response(request)
  File "C:\Users\Administrator\envs\demo\lib\site-packages\django\core\handlers\base.py", line 128, in _get_response
    response = self.process_exception_by_middleware(e, request)
  File "C:\Users\Administrator\envs\demo\lib\site-packages\django\core\handlers\base.py", line 126, in _get_response
    response = wrapped_callback(request, *callback_args, **callback_kwargs)
  File "C:\Users\Administrator\envs\demo\lib\site-packages\django\views\decorators\csrf.py", line 54, in wrapped_view
    return view_func(*args, **kwargs)
  File "C:\Users\Administrator\envs\demo\lib\site-packages\django\views\generic\base.py", line 69, in view
    return self.dispatch(request, *args, **kwargs)
  File "C:\Users\Administrator\envs\demo\lib\site-packages\rest_framework\views.py", line 497, in dispatch
    response = self.handle_exception(exc)
  File "C:\Users\Administrator\envs\demo\lib\site-packages\rest_framework\views.py", line 457, in handle_exception
    self.raise_uncaught_exception(exc)
  File "C:\Users\Administrator\envs\demo\lib\site-packages\rest_framework\views.py", line 468, in raise_uncaught_exception
    raise exc
  File "C:\Users\Administrator\envs\demo\lib\site-packages\rest_framework\views.py", line 494, in dispatch
    response = handler(request, *args, **kwargs)
  File "C:\Users\Administrator\Desktop\edu_api\edu_api\apps\user\views.py", line 120, in post
    print(redis_count.decode())
AttributeError: 'NoneType' object has no attribute 'decode'
ERROR 2021-04-16 14:21:29,152 basehttp 124 "POST /user/login2/ HTTP/1.1" 500 19792
ERROR 2021-04-16 14:21:29,356 exception 118 Internal Server Error: /user/login2/
Traceback (most recent call last):
  File "C:\Users\Administrator\envs\demo\lib\site-packages\django\core\handlers\exception.py", line 35, in inner
    response = get_response(request)
  File "C:\Users\Administrator\envs\demo\lib\site-packages\django\core\handlers\base.py", line 128, in _get_response
    response = self.process_exception_by_middleware(e, request)
  File "C:\Users\Administrator\envs\demo\lib\site-packages\django\core\handlers\base.py", line 126, in _get_response
    response = wrapped_callback(request, *callback_args, **callback_kwargs)
  File "C:\Users\Administrator\envs\demo\lib\site-packages\django\views\decorators\csrf.py", line 54, in wrapped_view
    return view_func(*args, **kwargs)
  File "C:\Users\Administrator\envs\demo\lib\site-packages\django\views\generic\base.py", line 69, in view
    return self.dispatch(request, *args, **kwargs)
  File "C:\Users\Administrator\envs\demo\lib\site-packages\rest_framework\views.py", line 497, in dispatch
    response = self.handle_exception(exc)
  File "C:\Users\Administrator\envs\demo\lib\site-packages\rest_framework\views.py", line 457, in handle_exception
    self.raise_uncaught_exception(exc)
  File "C:\Users\Administrator\envs\demo\lib\site-packages\rest_framework\views.py", line 468, in raise_uncaught_exception
    raise exc
  File "C:\Users\Administrator\envs\demo\lib\site-packages\rest_framework\views.py", line 494, in dispatch
    response = handler(request, *args, **kwargs)
  File "C:\Users\Administrator\Desktop\edu_api\edu_api\apps\user\views.py", line 120, in post
    print(redis_count.decode())
AttributeError: 'NoneType' object has no attribute 'decode'
ERROR 2021-04-16 14:21:29,372 basehttp 124 "POST /user/login2/ HTTP/1.1" 500 19792
ERROR 2021-04-16 14:21:29,741 exception 118 Internal Server Error: /user/login2/
Traceback (most recent call last):
  File "C:\Users\Administrator\envs\demo\lib\site-packages\django\core\handlers\exception.py", line 35, in inner
    response = get_response(request)
  File "C:\Users\Administrator\envs\demo\lib\site-packages\django\core\handlers\base.py", line 128, in _get_response
    response = self.process_exception_by_middleware(e, request)
  File "C:\Users\Administrator\envs\demo\lib\site-packages\django\core\handlers\base.py", line 126, in _get_response
    response = wrapped_callback(request, *callback_args, **callback_kwargs)
  File "C:\Users\Administrator\envs\demo\lib\site-packages\django\views\decorators\csrf.py", line 54, in wrapped_view
    return view_func(*args, **kwargs)
  File "C:\Users\Administrator\envs\demo\lib\site-packages\django\views\generic\base.py", line 69, in view
    return self.dispatch(request, *args, **kwargs)
  File "C:\Users\Administrator\envs\demo\lib\site-packages\rest_framework\views.py", line 497, in dispatch
    response = self.handle_exception(exc)
  File "C:\Users\Administrator\envs\demo\lib\site-packages\rest_framework\views.py", line 457, in handle_exception
    self.raise_uncaught_exception(exc)
  File "C:\Users\Administrator\envs\demo\lib\site-packages\rest_framework\views.py", line 468, in raise_uncaught_exception
    raise exc
  File "C:\Users\Administrator\envs\demo\lib\site-packages\rest_framework\views.py", line 494, in dispatch
    response = handler(request, *args, **kwargs)
  File "C:\Users\Administrator\Desktop\edu_api\edu_api\apps\user\views.py", line 120, in post
    print(redis_count.decode())
AttributeError: 'NoneType' object has no attribute 'decode'
ERROR 2021-04-16 14:21:29,756 basehttp 124 "POST /user/login2/ HTTP/1.1" 500 19792
ERROR 2021-04-16 14:27:39,018 exception 118 Internal Server Error: /user/login2/
Traceback (most recent call last):
  File "C:\Users\Administrator\envs\demo\lib\site-packages\django\core\handlers\exception.py", line 35, in inner
    response = get_response(request)
  File "C:\Users\Administrator\envs\demo\lib\site-packages\django\core\handlers\base.py", line 128, in _get_response
    response = self.process_exception_by_middleware(e, request)
  File "C:\Users\Administrator\envs\demo\lib\site-packages\django\core\handlers\base.py", line 126, in _get_response
    response = wrapped_callback(request, *callback_args, **callback_kwargs)
  File "C:\Users\Administrator\envs\demo\lib\site-packages\django\views\decorators\csrf.py", line 54, in wrapped_view
    return view_func(*args, **kwargs)
  File "C:\Users\Administrator\envs\demo\lib\site-packages\django\views\generic\base.py", line 69, in view
    return self.dispatch(request, *args, **kwargs)
  File "C:\Users\Administrator\envs\demo\lib\site-packages\rest_framework\views.py", line 497, in dispatch
    response = self.handle_exception(exc)
  File "C:\Users\Administrator\envs\demo\lib\site-packages\rest_framework\views.py", line 457, in handle_exception
    self.raise_uncaught_exception(exc)
  File "C:\Users\Administrator\envs\demo\lib\site-packages\rest_framework\views.py", line 468, in raise_uncaught_exception
    raise exc
  File "C:\Users\Administrator\envs\demo\lib\site-packages\rest_framework\views.py", line 494, in dispatch
    response = handler(request, *args, **kwargs)
  File "C:\Users\Administrator\Desktop\edu_api\edu_api\apps\user\views.py", line 121, in post
    print(redis_code.decode())
AttributeError: 'str' object has no attribute 'decode'
ERROR 2021-04-16 14:27:41,669 basehttp 124 "POST /user/login2/ HTTP/1.1" 500 19837
ERROR 2021-04-16 14:27:45,512 exception 118 Internal Server Error: /user/login2/
Traceback (most recent call last):
  File "C:\Users\Administrator\envs\demo\lib\site-packages\django\core\handlers\exception.py", line 35, in inner
    response = get_response(request)
  File "C:\Users\Administrator\envs\demo\lib\site-packages\django\core\handlers\base.py", line 128, in _get_response
    response = self.process_exception_by_middleware(e, request)
  File "C:\Users\Administrator\envs\demo\lib\site-packages\django\core\handlers\base.py", line 126, in _get_response
    response = wrapped_callback(request, *callback_args, **callback_kwargs)
  File "C:\Users\Administrator\envs\demo\lib\site-packages\django\views\decorators\csrf.py", line 54, in wrapped_view
    return view_func(*args, **kwargs)
  File "C:\Users\Administrator\envs\demo\lib\site-packages\django\views\generic\base.py", line 69, in view
    return self.dispatch(request, *args, **kwargs)
  File "C:\Users\Administrator\envs\demo\lib\site-packages\rest_framework\views.py", line 497, in dispatch
    response = self.handle_exception(exc)
  File "C:\Users\Administrator\envs\demo\lib\site-packages\rest_framework\views.py", line 457, in handle_exception
    self.raise_uncaught_exception(exc)
  File "C:\Users\Administrator\envs\demo\lib\site-packages\rest_framework\views.py", line 468, in raise_uncaught_exception
    raise exc
  File "C:\Users\Administrator\envs\demo\lib\site-packages\rest_framework\views.py", line 494, in dispatch
    response = handler(request, *args, **kwargs)
  File "C:\Users\Administrator\Desktop\edu_api\edu_api\apps\user\views.py", line 121, in post
    print(redis_code.decode())
AttributeError: 'str' object has no attribute 'decode'
ERROR 2021-04-16 14:27:45,528 basehttp 124 "POST /user/login2/ HTTP/1.1" 500 19838
WARNING 2021-04-16 14:36:57,643 basehttp 124 "POST /user/login2/ HTTP/1.1" 400 43
WARNING 2021-04-16 14:37:03,121 basehttp 124 "POST /user/login2/ HTTP/1.1" 400 43
WARNING 2021-04-16 14:37:05,650 basehttp 124 "POST /user/login2/ HTTP/1.1" 400 43
WARNING 2021-04-16 14:37:07,767 basehttp 124 "POST /user/login2/ HTTP/1.1" 400 43
WARNING 2021-04-16 14:37:12,041 basehttp 124 "POST /user/login2/ HTTP/1.1" 400 43
WARNING 2021-04-16 14:37:19,250 basehttp 124 "POST /user/login2/ HTTP/1.1" 400 43
WARNING 2021-04-16 14:42:43,762 basehttp 124 "POST /user/login2/ HTTP/1.1" 400 62
WARNING 2021-04-16 14:42:46,946 basehttp 124 "POST /user/login2/ HTTP/1.1" 400 62
WARNING 2021-04-16 14:42:47,778 basehttp 124 "POST /user/login2/ HTTP/1.1" 400 62
WARNING 2021-04-16 14:42:48,690 basehttp 124 "POST /user/login2/ HTTP/1.1" 400 62
WARNING 2021-04-16 14:42:49,770 basehttp 124 "POST /user/login2/ HTTP/1.1" 400 55
WARNING 2021-04-17 20:27:44,101 base 93 Not Found: /
WARNING 2021-04-17 20:27:44,104 base 93 Not Found: /
WARNING 2021-04-17 20:27:44,106 basehttp 124 "GET / HTTP/1.1" 404 2256
WARNING 2021-04-17 20:27:44,107 basehttp 124 "GET / HTTP/1.1" 404 2256
WARNING 2021-04-17 20:27:45,425 base 93 Not Found: /favicon.ico
WARNING 2021-04-17 20:27:45,425 basehttp 124 "GET /favicon.ico HTTP/1.1" 404 2307
WARNING 2021-04-17 20:27:45,432 base 93 Not Found: /favicon.ico
WARNING 2021-04-17 20:27:45,433 basehttp 124 "GET /favicon.ico HTTP/1.1" 404 2307
ERROR 2021-04-17 20:28:01,912 basehttp 124 "POST /admin/ HTTP/1.1" 500 59
ERROR 2021-04-17 20:28:28,292 exception 118 Internal Server Error: /admin/
Traceback (most recent call last):
  File "C:\Users\Administrator\envs\demo\lib\site-packages\django_redis\cache.py", line 32, in _decorator
    return method(self, *args, **kwargs)
  File "C:\Users\Administrator\envs\demo\lib\site-packages\django_redis\cache.py", line 81, in get
    client=client)
  File "C:\Users\Administrator\envs\demo\lib\site-packages\django_redis\client\default.py", line 201, in get
    raise ConnectionInterrupted(connection=client, parent=e)
django_redis.exceptions.ConnectionInterrupted: Redis ConnectionError: Error 10060 connecting to 192.168.92.128:6379. 由于连接方在一段时间后没有正确答复或连接的主机没有反应，连接尝试失败。.

During handling of the above exception, another exception occurred:

Traceback (most recent call last):
  File "C:\Users\Administrator\envs\demo\lib\site-packages\django\core\handlers\exception.py", line 35, in inner
    response = get_response(request)
  File "C:\Users\Administrator\envs\demo\lib\site-packages\django\core\handlers\base.py", line 158, in _get_response
    response = self.process_exception_by_middleware(e, request)
  File "C:\Users\Administrator\envs\demo\lib\site-packages\django\core\handlers\base.py", line 156, in _get_response
    response = response.render()
  File "C:\Users\Administrator\envs\demo\lib\site-packages\django\template\response.py", line 106, in render
    self.content = self.rendered_content
  File "C:\Users\Administrator\envs\demo\lib\site-packages\django\template\response.py", line 83, in rendered_content
    content = template.render(context, self._request)
  File "C:\Users\Administrator\envs\demo\lib\site-packages\django\template\backends\django.py", line 61, in render
    return self.template.render(context)
  File "C:\Users\Administrator\envs\demo\lib\site-packages\django\template\base.py", line 175, in render
    return self._render(context)
  File "C:\Users\Administrator\envs\demo\lib\site-packages\django\template\base.py", line 167, in _render
    return self.nodelist.render(context)
  File "C:\Users\Administrator\envs\demo\lib\site-packages\django\template\base.py", line 943, in render
    bit = node.render_annotated(context)
  File "C:\Users\Administrator\envs\demo\lib\site-packages\django\template\base.py", line 910, in render_annotated
    return self.render(context)
  File "C:\Users\Administrator\envs\demo\lib\site-packages\django\template\loader_tags.py", line 155, in render
    return compiled_parent._render(context)
  File "C:\Users\Administrator\envs\demo\lib\site-packages\django\template\base.py", line 167, in _render
    return self.nodelist.render(context)
  File "C:\Users\Administrator\envs\demo\lib\site-packages\django\template\base.py", line 943, in render
    bit = node.render_annotated(context)
  File "C:\Users\Administrator\envs\demo\lib\site-packages\django\template\base.py", line 910, in render_annotated
    return self.render(context)
  File "C:\Users\Administrator\envs\demo\lib\site-packages\django\template\loader_tags.py", line 155, in render
    return compiled_parent._render(context)
  File "C:\Users\Administrator\envs\demo\lib\site-packages\django\template\base.py", line 167, in _render
    return self.nodelist.render(context)
  File "C:\Users\Administrator\envs\demo\lib\site-packages\django\template\base.py", line 943, in render
    bit = node.render_annotated(context)
  File "C:\Users\Administrator\envs\demo\lib\site-packages\django\template\base.py", line 910, in render_annotated
    return self.render(context)
  File "C:\Users\Administrator\envs\demo\lib\site-packages\django\template\loader_tags.py", line 67, in render
    result = block.nodelist.render(context)
  File "C:\Users\Administrator\envs\demo\lib\site-packages\django\template\base.py", line 943, in render
    bit = node.render_annotated(context)
  File "C:\Users\Administrator\envs\demo\lib\site-packages\django\template\base.py", line 910, in render_annotated
    return self.render(context)
  File "C:\Users\Administrator\envs\demo\lib\site-packages\django\template\loader_tags.py", line 67, in render
    result = block.nodelist.render(context)
  File "C:\Users\Administrator\envs\demo\lib\site-packages\django\template\base.py", line 943, in render
    bit = node.render_annotated(context)
  File "C:\Users\Administrator\envs\demo\lib\site-packages\django\template\base.py", line 910, in render_annotated
    return self.render(context)
  File "C:\Users\Administrator\envs\demo\lib\site-packages\django\template\library.py", line 192, in render
    output = self.func(*resolved_args, **resolved_kwargs)
  File "C:\Users\Administrator\envs\demo\lib\site-packages\xadmin\templatetags\xadmin_tags.py", line 25, in view_block
    result = block_func(context, nodes, *args, **kwargs)
  File "C:\Users\Administrator\envs\demo\lib\site-packages\xadmin\plugins\themes.py", line 68, in block_top_navmenu
    ex_themes = cache.get(THEME_CACHE_KEY)
  File "C:\Users\Administrator\envs\demo\lib\site-packages\django_redis\cache.py", line 39, in _decorator
    raise e.parent
  File "C:\Users\Administrator\envs\demo\lib\site-packages\django_redis\client\default.py", line 199, in get
    value = client.get(key)
  File "C:\Users\Administrator\envs\demo\lib\site-packages\redis\client.py", line 1606, in get
    return self.execute_command('GET', name)
  File "C:\Users\Administrator\envs\demo\lib\site-packages\redis\client.py", line 898, in execute_command
    conn = self.connection or pool.get_connection(command_name, **options)
  File "C:\Users\Administrator\envs\demo\lib\site-packages\redis\connection.py", line 1192, in get_connection
    connection.connect()
  File "C:\Users\Administrator\envs\demo\lib\site-packages\redis\connection.py", line 563, in connect
    raise ConnectionError(self._error_message(e))
redis.exceptions.ConnectionError: Error 10060 connecting to 192.168.92.128:6379. 由于连接方在一段时间后没有正确答复或连接的主机没有反应，连接尝试失败。.
ERROR 2021-04-17 20:28:31,494 basehttp 124 "GET /admin/ HTTP/1.1" 500 336642
WARNING 2021-04-17 20:30:46,121 base 93 Not Found: /
WARNING 2021-04-17 20:30:46,123 basehttp 124 "GET / HTTP/1.1" 404 2256
ERROR 2021-04-17 20:31:17,613 exception 118 Internal Server Error: /admin/
Traceback (most recent call last):
  File "C:\Users\Administrator\envs\demo\lib\site-packages\django_redis\cache.py", line 32, in _decorator
    return method(self, *args, **kwargs)
  File "C:\Users\Administrator\envs\demo\lib\site-packages\django_redis\cache.py", line 81, in get
    client=client)
  File "C:\Users\Administrator\envs\demo\lib\site-packages\django_redis\client\default.py", line 201, in get
    raise ConnectionInterrupted(connection=client, parent=e)
django_redis.exceptions.ConnectionInterrupted: Redis ConnectionError: Error 10060 connecting to 192.168.92.128:6379. 由于连接方在一段时间后没有正确答复或连接的主机没有反应，连接尝试失败。.

During handling of the above exception, another exception occurred:

Traceback (most recent call last):
  File "C:\Users\Administrator\envs\demo\lib\site-packages\django\core\handlers\exception.py", line 35, in inner
    response = get_response(request)
  File "C:\Users\Administrator\envs\demo\lib\site-packages\django\core\handlers\base.py", line 158, in _get_response
    response = self.process_exception_by_middleware(e, request)
  File "C:\Users\Administrator\envs\demo\lib\site-packages\django\core\handlers\base.py", line 156, in _get_response
    response = response.render()
  File "C:\Users\Administrator\envs\demo\lib\site-packages\django\template\response.py", line 106, in render
    self.content = self.rendered_content
  File "C:\Users\Administrator\envs\demo\lib\site-packages\django\template\response.py", line 83, in rendered_content
    content = template.render(context, self._request)
  File "C:\Users\Administrator\envs\demo\lib\site-packages\django\template\backends\django.py", line 61, in render
    return self.template.render(context)
  File "C:\Users\Administrator\envs\demo\lib\site-packages\django\template\base.py", line 175, in render
    return self._render(context)
  File "C:\Users\Administrator\envs\demo\lib\site-packages\django\template\base.py", line 167, in _render
    return self.nodelist.render(context)
  File "C:\Users\Administrator\envs\demo\lib\site-packages\django\template\base.py", line 943, in render
    bit = node.render_annotated(context)
  File "C:\Users\Administrator\envs\demo\lib\site-packages\django\template\base.py", line 910, in render_annotated
    return self.render(context)
  File "C:\Users\Administrator\envs\demo\lib\site-packages\django\template\loader_tags.py", line 155, in render
    return compiled_parent._render(context)
  File "C:\Users\Administrator\envs\demo\lib\site-packages\django\template\base.py", line 167, in _render
    return self.nodelist.render(context)
  File "C:\Users\Administrator\envs\demo\lib\site-packages\django\template\base.py", line 943, in render
    bit = node.render_annotated(context)
  File "C:\Users\Administrator\envs\demo\lib\site-packages\django\template\base.py", line 910, in render_annotated
    return self.render(context)
  File "C:\Users\Administrator\envs\demo\lib\site-packages\django\template\loader_tags.py", line 155, in render
    return compiled_parent._render(context)
  File "C:\Users\Administrator\envs\demo\lib\site-packages\django\template\base.py", line 167, in _render
    return self.nodelist.render(context)
  File "C:\Users\Administrator\envs\demo\lib\site-packages\django\template\base.py", line 943, in render
    bit = node.render_annotated(context)
  File "C:\Users\Administrator\envs\demo\lib\site-packages\django\template\base.py", line 910, in render_annotated
    return self.render(context)
  File "C:\Users\Administrator\envs\demo\lib\site-packages\django\template\loader_tags.py", line 67, in render
    result = block.nodelist.render(context)
  File "C:\Users\Administrator\envs\demo\lib\site-packages\django\template\base.py", line 943, in render
    bit = node.render_annotated(context)
  File "C:\Users\Administrator\envs\demo\lib\site-packages\django\template\base.py", line 910, in render_annotated
    return self.render(context)
  File "C:\Users\Administrator\envs\demo\lib\site-packages\django\template\loader_tags.py", line 67, in render
    result = block.nodelist.render(context)
  File "C:\Users\Administrator\envs\demo\lib\site-packages\django\template\base.py", line 943, in render
    bit = node.render_annotated(context)
  File "C:\Users\Administrator\envs\demo\lib\site-packages\django\template\base.py", line 910, in render_annotated
    return self.render(context)
  File "C:\Users\Administrator\envs\demo\lib\site-packages\django\template\library.py", line 192, in render
    output = self.func(*resolved_args, **resolved_kwargs)
  File "C:\Users\Administrator\envs\demo\lib\site-packages\xadmin\templatetags\xadmin_tags.py", line 25, in view_block
    result = block_func(context, nodes, *args, **kwargs)
  File "C:\Users\Administrator\envs\demo\lib\site-packages\xadmin\plugins\themes.py", line 68, in block_top_navmenu
    ex_themes = cache.get(THEME_CACHE_KEY)
  File "C:\Users\Administrator\envs\demo\lib\site-packages\django_redis\cache.py", line 39, in _decorator
    raise e.parent
  File "C:\Users\Administrator\envs\demo\lib\site-packages\django_redis\client\default.py", line 199, in get
    value = client.get(key)
  File "C:\Users\Administrator\envs\demo\lib\site-packages\redis\client.py", line 1606, in get
    return self.execute_command('GET', name)
  File "C:\Users\Administrator\envs\demo\lib\site-packages\redis\client.py", line 898, in execute_command
    conn = self.connection or pool.get_connection(command_name, **options)
  File "C:\Users\Administrator\envs\demo\lib\site-packages\redis\connection.py", line 1192, in get_connection
    connection.connect()
  File "C:\Users\Administrator\envs\demo\lib\site-packages\redis\connection.py", line 563, in connect
    raise ConnectionError(self._error_message(e))
redis.exceptions.ConnectionError: Error 10060 connecting to 192.168.92.128:6379. 由于连接方在一段时间后没有正确答复或连接的主机没有反应，连接尝试失败。.
ERROR 2021-04-17 20:31:17,841 basehttp 124 "GET /admin/ HTTP/1.1" 500 336358
WARNING 2021-04-17 20:32:06,767 base 93 Not Found: /
WARNING 2021-04-17 20:32:06,769 basehttp 124 "GET / HTTP/1.1" 404 2256
WARNING 2021-04-17 20:32:14,324 base 93 Not Found: /
WARNING 2021-04-17 20:32:14,325 basehttp 124 "GET / HTTP/1.1" 404 2256
WARNING 2021-04-17 20:32:14,932 base 93 Not Found: /favicon.ico
WARNING 2021-04-17 20:32:14,933 basehttp 124 "GET /favicon.ico HTTP/1.1" 404 2307
ERROR 2021-04-17 20:32:40,889 basehttp 124 "GET /admin/course/coursecategory/ HTTP/1.1" 500 59
ERROR 2021-04-17 20:32:42,899 basehttp 124 "GET /admin/course/course/ HTTP/1.1" 500 59
ERROR 2021-04-17 20:32:45,536 basehttp 124 "GET /admin/course/courselesson/ HTTP/1.1" 500 59
WARNING 2021-04-18 20:18:12,553 base 93 Not Found: /
WARNING 2021-04-18 20:18:12,554 basehttp 124 "GET / HTTP/1.1" 404 2256
WARNING 2021-04-18 20:18:12,980 base 93 Not Found: /favicon.ico
WARNING 2021-04-18 20:18:12,981 basehttp 124 "GET /favicon.ico HTTP/1.1" 404 2307
ERROR 2021-04-18 20:18:44,016 exception 118 Internal Server Error: /admin/
Traceback (most recent call last):
  File "C:\Users\Administrator\envs\demo\lib\site-packages\django_redis\cache.py", line 32, in _decorator
    return method(self, *args, **kwargs)
  File "C:\Users\Administrator\envs\demo\lib\site-packages\django_redis\cache.py", line 81, in get
    client=client)
  File "C:\Users\Administrator\envs\demo\lib\site-packages\django_redis\client\default.py", line 201, in get
    raise ConnectionInterrupted(connection=client, parent=e)
django_redis.exceptions.ConnectionInterrupted: Redis ConnectionError: Error 10060 connecting to 192.168.92.128:6379. 由于连接方在一段时间后没有正确答复或连接的主机没有反应，连接尝试失败。.

During handling of the above exception, another exception occurred:

Traceback (most recent call last):
  File "C:\Users\Administrator\envs\demo\lib\site-packages\django\core\handlers\exception.py", line 35, in inner
    response = get_response(request)
  File "C:\Users\Administrator\envs\demo\lib\site-packages\django\core\handlers\base.py", line 158, in _get_response
    response = self.process_exception_by_middleware(e, request)
  File "C:\Users\Administrator\envs\demo\lib\site-packages\django\core\handlers\base.py", line 156, in _get_response
    response = response.render()
  File "C:\Users\Administrator\envs\demo\lib\site-packages\django\template\response.py", line 106, in render
    self.content = self.rendered_content
  File "C:\Users\Administrator\envs\demo\lib\site-packages\django\template\response.py", line 83, in rendered_content
    content = template.render(context, self._request)
  File "C:\Users\Administrator\envs\demo\lib\site-packages\django\template\backends\django.py", line 61, in render
    return self.template.render(context)
  File "C:\Users\Administrator\envs\demo\lib\site-packages\django\template\base.py", line 175, in render
    return self._render(context)
  File "C:\Users\Administrator\envs\demo\lib\site-packages\django\template\base.py", line 167, in _render
    return self.nodelist.render(context)
  File "C:\Users\Administrator\envs\demo\lib\site-packages\django\template\base.py", line 943, in render
    bit = node.render_annotated(context)
  File "C:\Users\Administrator\envs\demo\lib\site-packages\django\template\base.py", line 910, in render_annotated
    return self.render(context)
  File "C:\Users\Administrator\envs\demo\lib\site-packages\django\template\loader_tags.py", line 155, in render
    return compiled_parent._render(context)
  File "C:\Users\Administrator\envs\demo\lib\site-packages\django\template\base.py", line 167, in _render
    return self.nodelist.render(context)
  File "C:\Users\Administrator\envs\demo\lib\site-packages\django\template\base.py", line 943, in render
    bit = node.render_annotated(context)
  File "C:\Users\Administrator\envs\demo\lib\site-packages\django\template\base.py", line 910, in render_annotated
    return self.render(context)
  File "C:\Users\Administrator\envs\demo\lib\site-packages\django\template\loader_tags.py", line 155, in render
    return compiled_parent._render(context)
  File "C:\Users\Administrator\envs\demo\lib\site-packages\django\template\base.py", line 167, in _render
    return self.nodelist.render(context)
  File "C:\Users\Administrator\envs\demo\lib\site-packages\django\template\base.py", line 943, in render
    bit = node.render_annotated(context)
  File "C:\Users\Administrator\envs\demo\lib\site-packages\django\template\base.py", line 910, in render_annotated
    return self.render(context)
  File "C:\Users\Administrator\envs\demo\lib\site-packages\django\template\loader_tags.py", line 67, in render
    result = block.nodelist.render(context)
  File "C:\Users\Administrator\envs\demo\lib\site-packages\django\template\base.py", line 943, in render
    bit = node.render_annotated(context)
  File "C:\Users\Administrator\envs\demo\lib\site-packages\django\template\base.py", line 910, in render_annotated
    return self.render(context)
  File "C:\Users\Administrator\envs\demo\lib\site-packages\django\template\loader_tags.py", line 67, in render
    result = block.nodelist.render(context)
  File "C:\Users\Administrator\envs\demo\lib\site-packages\django\template\base.py", line 943, in render
    bit = node.render_annotated(context)
  File "C:\Users\Administrator\envs\demo\lib\site-packages\django\template\base.py", line 910, in render_annotated
    return self.render(context)
  File "C:\Users\Administrator\envs\demo\lib\site-packages\django\template\library.py", line 192, in render
    output = self.func(*resolved_args, **resolved_kwargs)
  File "C:\Users\Administrator\envs\demo\lib\site-packages\xadmin\templatetags\xadmin_tags.py", line 25, in view_block
    result = block_func(context, nodes, *args, **kwargs)
  File "C:\Users\Administrator\envs\demo\lib\site-packages\xadmin\plugins\themes.py", line 68, in block_top_navmenu
    ex_themes = cache.get(THEME_CACHE_KEY)
  File "C:\Users\Administrator\envs\demo\lib\site-packages\django_redis\cache.py", line 39, in _decorator
    raise e.parent
  File "C:\Users\Administrator\envs\demo\lib\site-packages\django_redis\client\default.py", line 199, in get
    value = client.get(key)
  File "C:\Users\Administrator\envs\demo\lib\site-packages\redis\client.py", line 1606, in get
    return self.execute_command('GET', name)
  File "C:\Users\Administrator\envs\demo\lib\site-packages\redis\client.py", line 898, in execute_command
    conn = self.connection or pool.get_connection(command_name, **options)
  File "C:\Users\Administrator\envs\demo\lib\site-packages\redis\connection.py", line 1192, in get_connection
    connection.connect()
  File "C:\Users\Administrator\envs\demo\lib\site-packages\redis\connection.py", line 563, in connect
    raise ConnectionError(self._error_message(e))
redis.exceptions.ConnectionError: Error 10060 connecting to 192.168.92.128:6379. 由于连接方在一段时间后没有正确答复或连接的主机没有反应，连接尝试失败。.
ERROR 2021-04-18 20:18:46,962 basehttp 124 "GET /admin/ HTTP/1.1" 500 336359
WARNING 2021-04-18 20:20:26,939 base 93 Not Found: /
WARNING 2021-04-18 20:20:26,940 basehttp 124 "GET / HTTP/1.1" 404 2256
ERROR 2021-04-18 20:20:59,244 exception 118 Internal Server Error: /admin/
Traceback (most recent call last):
  File "C:\Users\Administrator\envs\demo\lib\site-packages\django_redis\cache.py", line 32, in _decorator
    return method(self, *args, **kwargs)
  File "C:\Users\Administrator\envs\demo\lib\site-packages\django_redis\cache.py", line 81, in get
    client=client)
  File "C:\Users\Administrator\envs\demo\lib\site-packages\django_redis\client\default.py", line 201, in get
    raise ConnectionInterrupted(connection=client, parent=e)
django_redis.exceptions.ConnectionInterrupted: Redis ConnectionError: Error 10060 connecting to 192.168.92.128:6379. 由于连接方在一段时间后没有正确答复或连接的主机没有反应，连接尝试失败。.

During handling of the above exception, another exception occurred:

Traceback (most recent call last):
  File "C:\Users\Administrator\envs\demo\lib\site-packages\django\core\handlers\exception.py", line 35, in inner
    response = get_response(request)
  File "C:\Users\Administrator\envs\demo\lib\site-packages\django\core\handlers\base.py", line 158, in _get_response
    response = self.process_exception_by_middleware(e, request)
  File "C:\Users\Administrator\envs\demo\lib\site-packages\django\core\handlers\base.py", line 156, in _get_response
    response = response.render()
  File "C:\Users\Administrator\envs\demo\lib\site-packages\django\template\response.py", line 106, in render
    self.content = self.rendered_content
  File "C:\Users\Administrator\envs\demo\lib\site-packages\django\template\response.py", line 83, in rendered_content
    content = template.render(context, self._request)
  File "C:\Users\Administrator\envs\demo\lib\site-packages\django\template\backends\django.py", line 61, in render
    return self.template.render(context)
  File "C:\Users\Administrator\envs\demo\lib\site-packages\django\template\base.py", line 175, in render
    return self._render(context)
  File "C:\Users\Administrator\envs\demo\lib\site-packages\django\template\base.py", line 167, in _render
    return self.nodelist.render(context)
  File "C:\Users\Administrator\envs\demo\lib\site-packages\django\template\base.py", line 943, in render
    bit = node.render_annotated(context)
  File "C:\Users\Administrator\envs\demo\lib\site-packages\django\template\base.py", line 910, in render_annotated
    return self.render(context)
  File "C:\Users\Administrator\envs\demo\lib\site-packages\django\template\loader_tags.py", line 155, in render
    return compiled_parent._render(context)
  File "C:\Users\Administrator\envs\demo\lib\site-packages\django\template\base.py", line 167, in _render
    return self.nodelist.render(context)
  File "C:\Users\Administrator\envs\demo\lib\site-packages\django\template\base.py", line 943, in render
    bit = node.render_annotated(context)
  File "C:\Users\Administrator\envs\demo\lib\site-packages\django\template\base.py", line 910, in render_annotated
    return self.render(context)
  File "C:\Users\Administrator\envs\demo\lib\site-packages\django\template\loader_tags.py", line 155, in render
    return compiled_parent._render(context)
  File "C:\Users\Administrator\envs\demo\lib\site-packages\django\template\base.py", line 167, in _render
    return self.nodelist.render(context)
  File "C:\Users\Administrator\envs\demo\lib\site-packages\django\template\base.py", line 943, in render
    bit = node.render_annotated(context)
  File "C:\Users\Administrator\envs\demo\lib\site-packages\django\template\base.py", line 910, in render_annotated
    return self.render(context)
  File "C:\Users\Administrator\envs\demo\lib\site-packages\django\template\loader_tags.py", line 67, in render
    result = block.nodelist.render(context)
  File "C:\Users\Administrator\envs\demo\lib\site-packages\django\template\base.py", line 943, in render
    bit = node.render_annotated(context)
  File "C:\Users\Administrator\envs\demo\lib\site-packages\django\template\base.py", line 910, in render_annotated
    return self.render(context)
  File "C:\Users\Administrator\envs\demo\lib\site-packages\django\template\loader_tags.py", line 67, in render
    result = block.nodelist.render(context)
  File "C:\Users\Administrator\envs\demo\lib\site-packages\django\template\base.py", line 943, in render
    bit = node.render_annotated(context)
  File "C:\Users\Administrator\envs\demo\lib\site-packages\django\template\base.py", line 910, in render_annotated
    return self.render(context)
  File "C:\Users\Administrator\envs\demo\lib\site-packages\django\template\library.py", line 192, in render
    output = self.func(*resolved_args, **resolved_kwargs)
  File "C:\Users\Administrator\envs\demo\lib\site-packages\xadmin\templatetags\xadmin_tags.py", line 25, in view_block
    result = block_func(context, nodes, *args, **kwargs)
  File "C:\Users\Administrator\envs\demo\lib\site-packages\xadmin\plugins\themes.py", line 68, in block_top_navmenu
    ex_themes = cache.get(THEME_CACHE_KEY)
  File "C:\Users\Administrator\envs\demo\lib\site-packages\django_redis\cache.py", line 39, in _decorator
    raise e.parent
  File "C:\Users\Administrator\envs\demo\lib\site-packages\django_redis\client\default.py", line 199, in get
    value = client.get(key)
  File "C:\Users\Administrator\envs\demo\lib\site-packages\redis\client.py", line 1606, in get
    return self.execute_command('GET', name)
  File "C:\Users\Administrator\envs\demo\lib\site-packages\redis\client.py", line 898, in execute_command
    conn = self.connection or pool.get_connection(command_name, **options)
  File "C:\Users\Administrator\envs\demo\lib\site-packages\redis\connection.py", line 1192, in get_connection
    connection.connect()
  File "C:\Users\Administrator\envs\demo\lib\site-packages\redis\connection.py", line 563, in connect
    raise ConnectionError(self._error_message(e))
redis.exceptions.ConnectionError: Error 10060 connecting to 192.168.92.128:6379. 由于连接方在一段时间后没有正确答复或连接的主机没有反应，连接尝试失败。.
ERROR 2021-04-18 20:20:59,428 basehttp 124 "GET /admin/ HTTP/1.1" 500 336358
WARNING 2021-04-18 20:36:27,754 base 93 Not Found: /media/teacher/logo2x.png
WARNING 2021-04-18 20:36:27,754 basehttp 124 "GET /media/teacher/logo2x.png HTTP/1.1" 404 1823
WARNING 2021-04-18 21:10:14,293 base 93 Not Found: /
WARNING 2021-04-18 21:10:14,294 basehttp 124 "GET / HTTP/1.1" 404 2363
ERROR 2021-04-18 21:10:26,832 exception 118 Internal Server Error: /course/category/
Traceback (most recent call last):
  File "C:\Users\Administrator\envs\demo\lib\site-packages\django\core\handlers\exception.py", line 35, in inner
    response = get_response(request)
  File "C:\Users\Administrator\envs\demo\lib\site-packages\django\core\handlers\base.py", line 128, in _get_response
    response = self.process_exception_by_middleware(e, request)
  File "C:\Users\Administrator\envs\demo\lib\site-packages\django\core\handlers\base.py", line 126, in _get_response
    response = wrapped_callback(request, *callback_args, **callback_kwargs)
  File "C:\Users\Administrator\envs\demo\lib\site-packages\django\views\decorators\csrf.py", line 54, in wrapped_view
    return view_func(*args, **kwargs)
  File "C:\Users\Administrator\envs\demo\lib\site-packages\django\views\generic\base.py", line 69, in view
    return self.dispatch(request, *args, **kwargs)
  File "C:\Users\Administrator\envs\demo\lib\site-packages\rest_framework\views.py", line 497, in dispatch
    response = self.handle_exception(exc)
  File "C:\Users\Administrator\envs\demo\lib\site-packages\rest_framework\views.py", line 457, in handle_exception
    self.raise_uncaught_exception(exc)
  File "C:\Users\Administrator\envs\demo\lib\site-packages\rest_framework\views.py", line 468, in raise_uncaught_exception
    raise exc
  File "C:\Users\Administrator\envs\demo\lib\site-packages\rest_framework\views.py", line 494, in dispatch
    response = handler(request, *args, **kwargs)
  File "C:\Users\Administrator\envs\demo\lib\site-packages\rest_framework\generics.py", line 199, in get
    return self.list(request, *args, **kwargs)
  File "C:\Users\Administrator\envs\demo\lib\site-packages\rest_framework\mixins.py", line 46, in list
    return Response(serializer.data)
  File "C:\Users\Administrator\envs\demo\lib\site-packages\rest_framework\serializers.py", line 757, in data
    ret = super().data
  File "C:\Users\Administrator\envs\demo\lib\site-packages\rest_framework\serializers.py", line 261, in data
    self._data = self.to_representation(self.instance)
  File "C:\Users\Administrator\envs\demo\lib\site-packages\rest_framework\serializers.py", line 675, in to_representation
    self.child.to_representation(item) for item in iterable
  File "C:\Users\Administrator\envs\demo\lib\site-packages\django\db\models\query.py", line 272, in __iter__
    self._fetch_all()
  File "C:\Users\Administrator\envs\demo\lib\site-packages\django\db\models\query.py", line 1179, in _fetch_all
    self._result_cache = list(self._iterable_class(self))
  File "C:\Users\Administrator\envs\demo\lib\site-packages\django\db\models\query.py", line 53, in __iter__
    results = compiler.execute_sql(chunked_fetch=self.chunked_fetch, chunk_size=self.chunk_size)
  File "C:\Users\Administrator\envs\demo\lib\site-packages\django\db\models\sql\compiler.py", line 1055, in execute_sql
    sql, params = self.as_sql()
  File "C:\Users\Administrator\envs\demo\lib\site-packages\django\db\models\sql\compiler.py", line 448, in as_sql
    extra_select, order_by, group_by = self.pre_sql_setup()
  File "C:\Users\Administrator\envs\demo\lib\site-packages\django\db\models\sql\compiler.py", line 51, in pre_sql_setup
    order_by = self.get_order_by()
  File "C:\Users\Administrator\envs\demo\lib\site-packages\django\db\models\sql\compiler.py", line 318, in get_order_by
    field, self.query.get_meta(), default_order=asc))
  File "C:\Users\Administrator\envs\demo\lib\site-packages\django\db\models\sql\compiler.py", line 665, in find_ordering_name
    field, targets, alias, joins, path, opts = self._setup_joins(pieces, opts, alias)
  File "C:\Users\Administrator\envs\demo\lib\site-packages\django\db\models\sql\compiler.py", line 698, in _setup_joins
    pieces, opts, alias)
  File "C:\Users\Administrator\envs\demo\lib\site-packages\django\db\models\sql\query.py", line 1448, in setup_joins
    names, opts, allow_many, fail_on_missing=True)
  File "C:\Users\Administrator\envs\demo\lib\site-packages\django\db\models\sql\query.py", line 1379, in names_to_path
    "Choices are: %s" % (name, ", ".join(available)))
django.core.exceptions.FieldError: Cannot resolve keyword 'order' into field. Choices are: course, create_time, id, is_delete, is_show, name, orders, update_time
ERROR 2021-04-18 21:10:27,083 basehttp 124 "GET /course/category/ HTTP/1.1" 500 167569
WARNING 2021-04-18 21:16:13,640 base 93 Not Found: /
WARNING 2021-04-18 21:16:13,641 basehttp 124 "GET / HTTP/1.1" 404 2363
ERROR 2021-04-18 21:24:39,306 basehttp 124 "GET /home/footer/ HTTP/1.1" 500 59
ERROR 2021-04-18 21:24:39,307 basehttp 124 "GET /home/header/ HTTP/1.1" 500 59
ERROR 2021-04-18 21:24:39,307 basehttp 124 "GET /course/category/ HTTP/1.1" 500 59
ERROR 2021-04-18 21:34:54,725 basehttp 124 "GET /home/header/ HTTP/1.1" 500 59
ERROR 2021-04-18 21:34:54,726 basehttp 124 "GET /course/category/ HTTP/1.1" 500 59
ERROR 2021-04-18 21:34:54,742 basehttp 124 "GET /home/footer/ HTTP/1.1" 500 59
ERROR 2021-04-18 21:59:34,926 basehttp 124 "GET /course/category/ HTTP/1.1" 500 59
ERROR 2021-04-18 21:59:34,932 basehttp 124 "GET /home/footer/ HTTP/1.1" 500 59
ERROR 2021-04-18 21:59:34,946 basehttp 124 "GET /home/header/ HTTP/1.1" 500 59
WARNING 2021-04-18 22:15:09,614 base 93 Not Found: /
WARNING 2021-04-18 22:15:09,616 basehttp 124 "GET / HTTP/1.1" 404 2363
WARNING 2021-04-18 22:15:36,054 base 93 Not Found: /course/course_list/
WARNING 2021-04-18 22:15:36,054 basehttp 124 "GET /course/course_list/ HTTP/1.1" 404 2659
WARNING 2021-04-18 22:15:46,579 base 93 Not Found: /course/course_list/
WARNING 2021-04-18 22:15:46,580 basehttp 124 "GET /course/course_list/ HTTP/1.1" 404 2659
WARNING 2021-04-18 22:16:03,292 base 93 Not Found: /course/coust_list/
WARNING 2021-04-18 22:16:03,293 basehttp 124 "GET /course/coust_list/ HTTP/1.1" 404 2657
WARNING 2021-04-18 22:16:29,614 base 93 Not Found: /media/course/7d0ac6cc-1487-4041-b42c-a0a9546f6aee.png
WARNING 2021-04-18 22:16:29,615 basehttp 124 "GET /media/course/7d0ac6cc-1487-4041-b42c-a0a9546f6aee.png HTTP/1.1" 404 1910
WARNING 2021-04-18 22:58:09,338 base 93 Not Found: /media/course/7d0ac6cc-1487-4041-b42c-a0a9546f6aee.png
WARNING 2021-04-18 22:58:09,341 base 93 Not Found: /media/course/course-cover.jpeg
WARNING 2021-04-18 22:58:09,342 basehttp 124 "GET /media/course/7d0ac6cc-1487-4041-b42c-a0a9546f6aee.png HTTP/1.1" 404 1910
WARNING 2021-04-18 22:58:09,344 basehttp 124 "GET /media/course/course-cover.jpeg HTTP/1.1" 404 1841
WARNING 2021-04-18 22:58:09,349 base 93 Not Found: /media/course/2.jpeg
WARNING 2021-04-18 22:58:09,353 basehttp 124 "GET /media/course/2.jpeg HTTP/1.1" 404 1808
WARNING 2021-04-18 22:58:09,356 base 93 Not Found: /media/course/a3dd8fd0-d395-4566-a573-a0e3f60d5f85.jpg
WARNING 2021-04-18 22:58:09,361 base 93 Not Found: /media/course/2452c9d2-3539-447b-a98a-99378a750dee.png
WARNING 2021-04-18 22:58:09,362 basehttp 124 "GET /media/course/a3dd8fd0-d395-4566-a573-a0e3f60d5f85.jpg HTTP/1.1" 404 1910
WARNING 2021-04-18 22:58:09,366 base 93 Not Found: /media/course/74e724d3-5ee5-40aa-a4bf-98f866ca15ab.jpg
WARNING 2021-04-18 22:58:09,366 basehttp 124 "GET /media/course/2452c9d2-3539-447b-a98a-99378a750dee.png HTTP/1.1" 404 1910
WARNING 2021-04-18 22:58:09,370 basehttp 124 "GET /media/course/74e724d3-5ee5-40aa-a4bf-98f866ca15ab.jpg HTTP/1.1" 404 1910
WARNING 2021-04-18 22:58:09,375 base 93 Not Found: /media/course/788dbf38-076d-4d1e-b7cc-4b69a5abbf35.png
WARNING 2021-04-18 22:58:09,380 base 93 Not Found: /media/course/307a9365-a113-4df8-916a-7396aa898b65.jpg
WARNING 2021-04-18 22:58:09,381 basehttp 124 "GET /media/course/788dbf38-076d-4d1e-b7cc-4b69a5abbf35.png HTTP/1.1" 404 1910
WARNING 2021-04-18 22:58:09,384 base 93 Not Found: /media/course/9000eeed-b0af-4df4-b6fb-c2becfcc5b18.jpg
WARNING 2021-04-18 22:58:09,385 basehttp 124 "GET /media/course/307a9365-a113-4df8-916a-7396aa898b65.jpg HTTP/1.1" 404 1910
WARNING 2021-04-18 22:58:09,388 basehttp 124 "GET /media/course/9000eeed-b0af-4df4-b6fb-c2becfcc5b18.jpg HTTP/1.1" 404 1910
WARNING 2021-04-18 22:58:09,392 base 93 Not Found: /media/course/25b934c3-ade0-4176-81a1-8ca905d487c4.png
WARNING 2021-04-18 22:58:09,394 basehttp 124 "GET /media/course/25b934c3-ade0-4176-81a1-8ca905d487c4.png HTTP/1.1" 404 1910
WARNING 2021-04-18 22:58:09,399 base 93 Not Found: /media/course/2efe076a-8378-4980-9b94-606a0546fb93.png
WARNING 2021-04-18 22:58:09,399 basehttp 124 "GET /media/course/2efe076a-8378-4980-9b94-606a0546fb93.png HTTP/1.1" 404 1910
WARNING 2021-04-18 23:21:25,852 base 93 Not Found: /
WARNING 2021-04-18 23:21:25,854 basehttp 124 "GET / HTTP/1.1" 404 2363
WARNING 2021-04-18 23:22:21,591 base 93 Not Found: /
WARNING 2021-04-18 23:22:21,592 basehttp 124 "GET / HTTP/1.1" 404 2363
WARNING 2021-04-18 23:33:08,378 base 93 Not Found: /
WARNING 2021-04-18 23:33:08,379 basehttp 124 "GET / HTTP/1.1" 404 2363
ERROR 2021-04-18 23:33:09,109 basehttp 124 "GET /course/course_list/ HTTP/1.1" 500 59
WARNING 2021-04-18 23:37:44,138 base 93 Not Found: /
WARNING 2021-04-18 23:37:44,140 basehttp 124 "GET / HTTP/1.1" 404 2363
WARNING 2021-04-18 23:37:55,013 base 93 Not Found: /course/
WARNING 2021-04-18 23:37:55,013 basehttp 124 "GET /course/ HTTP/1.1" 404 2624
WARNING 2021-04-18 23:38:07,507 base 93 Not Found: /coursec/course_list/
WARNING 2021-04-18 23:38:07,507 basehttp 124 "GET /coursec/course_list/ HTTP/1.1" 404 2441
WARNING 2021-04-18 23:38:18,640 base 93 Not Found: /coursec/course_list/
WARNING 2021-04-18 23:38:18,640 basehttp 124 "GET /coursec/course_list/ HTTP/1.1" 404 2441
WARNING 2021-04-18 23:38:40,870 base 93 Not Found: /coursec/course_list/
WARNING 2021-04-18 23:38:40,871 basehttp 124 "GET /coursec/course_list/ HTTP/1.1" 404 2441
WARNING 2021-04-18 23:44:02,918 base 93 Not Found: /
WARNING 2021-04-18 23:44:02,919 basehttp 124 "GET / HTTP/1.1" 404 2363
WARNING 2021-04-18 23:49:19,978 base 93 Not Found: /
WARNING 2021-04-18 23:49:19,979 basehttp 124 "GET / HTTP/1.1" 404 2363
WARNING 2021-04-18 23:53:20,795 base 93 Not Found: /media/course/7d0ac6cc-1487-4041-b42c-a0a9546f6aee.png
WARNING 2021-04-18 23:53:20,801 base 93 Not Found: /media/course/course-cover.jpeg
WARNING 2021-04-18 23:53:20,804 basehttp 124 "GET /media/course/7d0ac6cc-1487-4041-b42c-a0a9546f6aee.png HTTP/1.1" 404 1910
WARNING 2021-04-18 23:53:20,807 base 93 Not Found: /media/course/2.jpeg
WARNING 2021-04-18 23:53:20,812 basehttp 124 "GET /media/course/course-cover.jpeg HTTP/1.1" 404 1841
WARNING 2021-04-18 23:53:20,814 base 93 Not Found: /media/course/a3dd8fd0-d395-4566-a573-a0e3f60d5f85.jpg
WARNING 2021-04-18 23:53:20,820 base 93 Not Found: /media/course/2452c9d2-3539-447b-a98a-99378a750dee.png
WARNING 2021-04-18 23:53:20,826 base 93 Not Found: /media/course/74e724d3-5ee5-40aa-a4bf-98f866ca15ab.jpg
WARNING 2021-04-18 23:53:20,826 basehttp 124 "GET /media/course/2.jpeg HTTP/1.1" 404 1808
WARNING 2021-04-18 23:53:20,828 basehttp 124 "GET /media/course/a3dd8fd0-d395-4566-a573-a0e3f60d5f85.jpg HTTP/1.1" 404 1910
WARNING 2021-04-18 23:53:20,832 base 93 Not Found: /media/course/788dbf38-076d-4d1e-b7cc-4b69a5abbf35.png
WARNING 2021-04-18 23:53:20,835 base 93 Not Found: /media/course/307a9365-a113-4df8-916a-7396aa898b65.jpg
WARNING 2021-04-18 23:53:20,836 basehttp 124 "GET /media/course/2452c9d2-3539-447b-a98a-99378a750dee.png HTTP/1.1" 404 1910
WARNING 2021-04-18 23:53:20,839 basehttp 124 "GET /media/course/74e724d3-5ee5-40aa-a4bf-98f866ca15ab.jpg HTTP/1.1" 404 1910
WARNING 2021-04-18 23:53:20,847 base 93 Not Found: /media/course/9000eeed-b0af-4df4-b6fb-c2becfcc5b18.jpg
WARNING 2021-04-18 23:53:20,849 basehttp 124 "GET /media/course/788dbf38-076d-4d1e-b7cc-4b69a5abbf35.png HTTP/1.1" 404 1910
WARNING 2021-04-18 23:53:20,858 base 93 Not Found: /media/course/25b934c3-ade0-4176-81a1-8ca905d487c4.png
WARNING 2021-04-18 23:53:20,859 basehttp 124 "GET /media/course/307a9365-a113-4df8-916a-7396aa898b65.jpg HTTP/1.1" 404 1910
WARNING 2021-04-18 23:53:20,860 base 93 Not Found: /media/course/2efe076a-8378-4980-9b94-606a0546fb93.png
WARNING 2021-04-18 23:53:20,861 basehttp 124 "GET /media/course/9000eeed-b0af-4df4-b6fb-c2becfcc5b18.jpg HTTP/1.1" 404 1910
WARNING 2021-04-18 23:53:20,863 basehttp 124 "GET /media/course/25b934c3-ade0-4176-81a1-8ca905d487c4.png HTTP/1.1" 404 1910
WARNING 2021-04-18 23:53:20,864 basehttp 124 "GET /media/course/2efe076a-8378-4980-9b94-606a0546fb93.png HTTP/1.1" 404 1910
WARNING 2021-04-18 23:55:03,447 base 93 Not Found: /media/course/7d0ac6cc-1487-4041-b42c-a0a9546f6aee.png
WARNING 2021-04-18 23:55:03,450 base 93 Not Found: /media/course/course-cover.jpeg
WARNING 2021-04-18 23:55:03,456 basehttp 124 "GET /media/course/7d0ac6cc-1487-4041-b42c-a0a9546f6aee.png HTTP/1.1" 404 1910
WARNING 2021-04-18 23:55:03,457 base 93 Not Found: /media/course/a3dd8fd0-d395-4566-a573-a0e3f60d5f85.jpg
WARNING 2021-04-18 23:55:03,460 base 93 Not Found: /media/course/2.jpeg
WARNING 2021-04-18 23:55:03,462 basehttp 124 "GET /media/course/course-cover.jpeg HTTP/1.1" 404 1841
WARNING 2021-04-18 23:55:03,466 base 93 Not Found: /media/course/2452c9d2-3539-447b-a98a-99378a750dee.png
WARNING 2021-04-18 23:55:03,473 base 93 Not Found: /media/course/74e724d3-5ee5-40aa-a4bf-98f866ca15ab.jpg
WARNING 2021-04-18 23:55:03,475 basehttp 124 "GET /media/course/a3dd8fd0-d395-4566-a573-a0e3f60d5f85.jpg HTTP/1.1" 404 1910
WARNING 2021-04-18 23:55:03,475 basehttp 124 "GET /media/course/2.jpeg HTTP/1.1" 404 1808
WARNING 2021-04-18 23:55:03,480 basehttp 124 "GET /media/course/2452c9d2-3539-447b-a98a-99378a750dee.png HTTP/1.1" 404 1910
WARNING 2021-04-18 23:55:03,484 base 93 Not Found: /media/course/788dbf38-076d-4d1e-b7cc-4b69a5abbf35.png
WARNING 2021-04-18 23:55:03,494 base 93 Not Found: /media/course/307a9365-a113-4df8-916a-7396aa898b65.jpg
WARNING 2021-04-18 23:55:03,500 base 93 Not Found: /media/course/9000eeed-b0af-4df4-b6fb-c2becfcc5b18.jpg
WARNING 2021-04-18 23:55:03,500 basehttp 124 "GET /media/course/74e724d3-5ee5-40aa-a4bf-98f866ca15ab.jpg HTTP/1.1" 404 1910
WARNING 2021-04-18 23:55:03,502 base 93 Not Found: /media/course/25b934c3-ade0-4176-81a1-8ca905d487c4.png
WARNING 2021-04-18 23:55:03,506 base 93 Not Found: /media/course/2efe076a-8378-4980-9b94-606a0546fb93.png
WARNING 2021-04-18 23:55:03,506 basehttp 124 "GET /media/course/307a9365-a113-4df8-916a-7396aa898b65.jpg HTTP/1.1" 404 1910
WARNING 2021-04-18 23:55:03,506 basehttp 124 "GET /media/course/788dbf38-076d-4d1e-b7cc-4b69a5abbf35.png HTTP/1.1" 404 1910
WARNING 2021-04-18 23:55:03,507 basehttp 124 "GET /media/course/9000eeed-b0af-4df4-b6fb-c2becfcc5b18.jpg HTTP/1.1" 404 1910
WARNING 2021-04-18 23:55:03,508 basehttp 124 "GET /media/course/25b934c3-ade0-4176-81a1-8ca905d487c4.png HTTP/1.1" 404 1910
WARNING 2021-04-18 23:55:03,508 basehttp 124 "GET /media/course/2efe076a-8378-4980-9b94-606a0546fb93.png HTTP/1.1" 404 1910
