WARNING 2021-04-12 20:18:37,953 log 228 Not Found: /favicon.ico
WARNING 2021-04-12 20:18:37,954 basehttp 154 "GET /favicon.ico HTTP/1.1" 404 1973
ERROR 2021-04-13 03:25:16,252 exception 118 Internal Server Error: /home/header/
Traceback (most recent call last):
  File "C:\Users\12100\AppData\Local\Programs\Python\Python36\lib\site-packages\django\core\handlers\exception.py", line 35, in inner
    response = get_response(request)
  File "C:\Users\12100\AppData\Local\Programs\Python\Python36\lib\site-packages\django\core\handlers\base.py", line 128, in _get_response
    response = self.process_exception_by_middleware(e, request)
  File "C:\Users\12100\AppData\Local\Programs\Python\Python36\lib\site-packages\django\core\handlers\base.py", line 126, in _get_response
    response = wrapped_callback(request, *callback_args, **callback_kwargs)
  File "C:\Users\12100\AppData\Local\Programs\Python\Python36\lib\site-packages\django\views\decorators\csrf.py", line 54, in wrapped_view
    return view_func(*args, **kwargs)
  File "C:\Users\12100\AppData\Local\Programs\Python\Python36\lib\site-packages\django\views\generic\base.py", line 69, in view
    return self.dispatch(request, *args, **kwargs)
  File "C:\Users\12100\AppData\Local\Programs\Python\Python36\lib\site-packages\rest_framework\views.py", line 497, in dispatch
    response = self.handle_exception(exc)
  File "C:\Users\12100\AppData\Local\Programs\Python\Python36\lib\site-packages\rest_framework\views.py", line 457, in handle_exception
    self.raise_uncaught_exception(exc)
  File "C:\Users\12100\AppData\Local\Programs\Python\Python36\lib\site-packages\rest_framework\views.py", line 468, in raise_uncaught_exception
    raise exc
  File "C:\Users\12100\AppData\Local\Programs\Python\Python36\lib\site-packages\rest_framework\views.py", line 494, in dispatch
    response = handler(request, *args, **kwargs)
  File "C:\Users\12100\AppData\Local\Programs\Python\Python36\lib\site-packages\rest_framework\generics.py", line 199, in get
    return self.list(request, *args, **kwargs)
  File "C:\Users\12100\AppData\Local\Programs\Python\Python36\lib\site-packages\rest_framework\mixins.py", line 46, in list
    return Response(serializer.data)
  File "C:\Users\12100\AppData\Local\Programs\Python\Python36\lib\site-packages\rest_framework\serializers.py", line 757, in data
    ret = super().data
  File "C:\Users\12100\AppData\Local\Programs\Python\Python36\lib\site-packages\rest_framework\serializers.py", line 261, in data
    self._data = self.to_representation(self.instance)
  File "C:\Users\12100\AppData\Local\Programs\Python\Python36\lib\site-packages\rest_framework\serializers.py", line 675, in to_representation
    self.child.to_representation(item) for item in iterable
  File "C:\Users\12100\AppData\Local\Programs\Python\Python36\lib\site-packages\rest_framework\serializers.py", line 675, in <listcomp>
    self.child.to_representation(item) for item in iterable
  File "C:\Users\12100\AppData\Local\Programs\Python\Python36\lib\site-packages\rest_framework\serializers.py", line 511, in to_representation
    for field in fields:
  File "C:\Users\12100\AppData\Local\Programs\Python\Python36\lib\site-packages\rest_framework\serializers.py", line 372, in _readable_fields
    for field in self.fields.values():
  File "C:\Users\12100\AppData\Local\Programs\Python\Python36\lib\site-packages\django\utils\functional.py", line 36, in __get__
    res = instance.__dict__[self.name] = self.func(instance)
  File "C:\Users\12100\AppData\Local\Programs\Python\Python36\lib\site-packages\rest_framework\serializers.py", line 360, in fields
    for key, value in self.get_fields().items():
  File "C:\Users\12100\AppData\Local\Programs\Python\Python36\lib\site-packages\rest_framework\serializers.py", line 1047, in get_fields
    source, info, model, depth
  File "C:\Users\12100\AppData\Local\Programs\Python\Python36\lib\site-packages\rest_framework\serializers.py", line 1192, in build_field
    return self.build_unknown_field(field_name, model_class)
  File "C:\Users\12100\AppData\Local\Programs\Python\Python36\lib\site-packages\rest_framework\serializers.py", line 1309, in build_unknown_field
    (field_name, model_class.__name__)
django.core.exceptions.ImproperlyConfigured: Field name ` is_site` is not valid for model `Nav`.
ERROR 2021-04-13 03:25:16,727 basehttp 124 "GET /home/header/ HTTP/1.1" 500 21658
ERROR 2021-04-13 03:27:00,891 exception 118 Internal Server Error: /home/header/
Traceback (most recent call last):
  File "C:\Users\12100\AppData\Local\Programs\Python\Python36\lib\site-packages\django\core\handlers\exception.py", line 35, in inner
    response = get_response(request)
  File "C:\Users\12100\AppData\Local\Programs\Python\Python36\lib\site-packages\django\core\handlers\base.py", line 128, in _get_response
    response = self.process_exception_by_middleware(e, request)
  File "C:\Users\12100\AppData\Local\Programs\Python\Python36\lib\site-packages\django\core\handlers\base.py", line 126, in _get_response
    response = wrapped_callback(request, *callback_args, **callback_kwargs)
  File "C:\Users\12100\AppData\Local\Programs\Python\Python36\lib\site-packages\django\views\decorators\csrf.py", line 54, in wrapped_view
    return view_func(*args, **kwargs)
  File "C:\Users\12100\AppData\Local\Programs\Python\Python36\lib\site-packages\django\views\generic\base.py", line 69, in view
    return self.dispatch(request, *args, **kwargs)
  File "C:\Users\12100\AppData\Local\Programs\Python\Python36\lib\site-packages\rest_framework\views.py", line 497, in dispatch
    response = self.handle_exception(exc)
  File "C:\Users\12100\AppData\Local\Programs\Python\Python36\lib\site-packages\rest_framework\views.py", line 457, in handle_exception
    self.raise_uncaught_exception(exc)
  File "C:\Users\12100\AppData\Local\Programs\Python\Python36\lib\site-packages\rest_framework\views.py", line 468, in raise_uncaught_exception
    raise exc
  File "C:\Users\12100\AppData\Local\Programs\Python\Python36\lib\site-packages\rest_framework\views.py", line 494, in dispatch
    response = handler(request, *args, **kwargs)
  File "C:\Users\12100\AppData\Local\Programs\Python\Python36\lib\site-packages\rest_framework\generics.py", line 199, in get
    return self.list(request, *args, **kwargs)
  File "C:\Users\12100\AppData\Local\Programs\Python\Python36\lib\site-packages\rest_framework\mixins.py", line 46, in list
    return Response(serializer.data)
  File "C:\Users\12100\AppData\Local\Programs\Python\Python36\lib\site-packages\rest_framework\serializers.py", line 757, in data
    ret = super().data
  File "C:\Users\12100\AppData\Local\Programs\Python\Python36\lib\site-packages\rest_framework\serializers.py", line 261, in data
    self._data = self.to_representation(self.instance)
  File "C:\Users\12100\AppData\Local\Programs\Python\Python36\lib\site-packages\rest_framework\serializers.py", line 675, in to_representation
    self.child.to_representation(item) for item in iterable
  File "C:\Users\12100\AppData\Local\Programs\Python\Python36\lib\site-packages\rest_framework\serializers.py", line 675, in <listcomp>
    self.child.to_representation(item) for item in iterable
  File "C:\Users\12100\AppData\Local\Programs\Python\Python36\lib\site-packages\rest_framework\serializers.py", line 511, in to_representation
    for field in fields:
  File "C:\Users\12100\AppData\Local\Programs\Python\Python36\lib\site-packages\rest_framework\serializers.py", line 372, in _readable_fields
    for field in self.fields.values():
  File "C:\Users\12100\AppData\Local\Programs\Python\Python36\lib\site-packages\django\utils\functional.py", line 36, in __get__
    res = instance.__dict__[self.name] = self.func(instance)
  File "C:\Users\12100\AppData\Local\Programs\Python\Python36\lib\site-packages\rest_framework\serializers.py", line 360, in fields
    for key, value in self.get_fields().items():
  File "C:\Users\12100\AppData\Local\Programs\Python\Python36\lib\site-packages\rest_framework\serializers.py", line 1047, in get_fields
    source, info, model, depth
  File "C:\Users\12100\AppData\Local\Programs\Python\Python36\lib\site-packages\rest_framework\serializers.py", line 1192, in build_field
    return self.build_unknown_field(field_name, model_class)
  File "C:\Users\12100\AppData\Local\Programs\Python\Python36\lib\site-packages\rest_framework\serializers.py", line 1309, in build_unknown_field
    (field_name, model_class.__name__)
django.core.exceptions.ImproperlyConfigured: Field name ` is_site` is not valid for model `Nav`.
ERROR 2021-04-13 03:27:00,925 basehttp 124 "GET /home/header/ HTTP/1.1" 500 21658
ERROR 2021-04-13 03:27:10,977 exception 118 Internal Server Error: /home/header/
Traceback (most recent call last):
  File "C:\Users\12100\AppData\Local\Programs\Python\Python36\lib\site-packages\django\core\handlers\exception.py", line 35, in inner
    response = get_response(request)
  File "C:\Users\12100\AppData\Local\Programs\Python\Python36\lib\site-packages\django\core\handlers\base.py", line 128, in _get_response
    response = self.process_exception_by_middleware(e, request)
  File "C:\Users\12100\AppData\Local\Programs\Python\Python36\lib\site-packages\django\core\handlers\base.py", line 126, in _get_response
    response = wrapped_callback(request, *callback_args, **callback_kwargs)
  File "C:\Users\12100\AppData\Local\Programs\Python\Python36\lib\site-packages\django\views\decorators\csrf.py", line 54, in wrapped_view
    return view_func(*args, **kwargs)
  File "C:\Users\12100\AppData\Local\Programs\Python\Python36\lib\site-packages\django\views\generic\base.py", line 69, in view
    return self.dispatch(request, *args, **kwargs)
  File "C:\Users\12100\AppData\Local\Programs\Python\Python36\lib\site-packages\rest_framework\views.py", line 497, in dispatch
    response = self.handle_exception(exc)
  File "C:\Users\12100\AppData\Local\Programs\Python\Python36\lib\site-packages\rest_framework\views.py", line 457, in handle_exception
    self.raise_uncaught_exception(exc)
  File "C:\Users\12100\AppData\Local\Programs\Python\Python36\lib\site-packages\rest_framework\views.py", line 468, in raise_uncaught_exception
    raise exc
  File "C:\Users\12100\AppData\Local\Programs\Python\Python36\lib\site-packages\rest_framework\views.py", line 494, in dispatch
    response = handler(request, *args, **kwargs)
  File "C:\Users\12100\AppData\Local\Programs\Python\Python36\lib\site-packages\rest_framework\generics.py", line 199, in get
    return self.list(request, *args, **kwargs)
  File "C:\Users\12100\AppData\Local\Programs\Python\Python36\lib\site-packages\rest_framework\mixins.py", line 46, in list
    return Response(serializer.data)
  File "C:\Users\12100\AppData\Local\Programs\Python\Python36\lib\site-packages\rest_framework\serializers.py", line 757, in data
    ret = super().data
  File "C:\Users\12100\AppData\Local\Programs\Python\Python36\lib\site-packages\rest_framework\serializers.py", line 261, in data
    self._data = self.to_representation(self.instance)
  File "C:\Users\12100\AppData\Local\Programs\Python\Python36\lib\site-packages\rest_framework\serializers.py", line 675, in to_representation
    self.child.to_representation(item) for item in iterable
  File "C:\Users\12100\AppData\Local\Programs\Python\Python36\lib\site-packages\rest_framework\serializers.py", line 675, in <listcomp>
    self.child.to_representation(item) for item in iterable
  File "C:\Users\12100\AppData\Local\Programs\Python\Python36\lib\site-packages\rest_framework\serializers.py", line 511, in to_representation
    for field in fields:
  File "C:\Users\12100\AppData\Local\Programs\Python\Python36\lib\site-packages\rest_framework\serializers.py", line 372, in _readable_fields
    for field in self.fields.values():
  File "C:\Users\12100\AppData\Local\Programs\Python\Python36\lib\site-packages\django\utils\functional.py", line 36, in __get__
    res = instance.__dict__[self.name] = self.func(instance)
  File "C:\Users\12100\AppData\Local\Programs\Python\Python36\lib\site-packages\rest_framework\serializers.py", line 360, in fields
    for key, value in self.get_fields().items():
  File "C:\Users\12100\AppData\Local\Programs\Python\Python36\lib\site-packages\rest_framework\serializers.py", line 1047, in get_fields
    source, info, model, depth
  File "C:\Users\12100\AppData\Local\Programs\Python\Python36\lib\site-packages\rest_framework\serializers.py", line 1192, in build_field
    return self.build_unknown_field(field_name, model_class)
  File "C:\Users\12100\AppData\Local\Programs\Python\Python36\lib\site-packages\rest_framework\serializers.py", line 1309, in build_unknown_field
    (field_name, model_class.__name__)
django.core.exceptions.ImproperlyConfigured: Field name ` is_site` is not valid for model `Nav`.
ERROR 2021-04-13 03:27:11,020 basehttp 124 "GET /home/header/ HTTP/1.1" 500 21658
WARNING 2021-04-13 18:30:42,557 base 93 Not Found: /
WARNING 2021-04-13 18:30:42,557 basehttp 124 "GET / HTTP/1.1" 404 2151
WARNING 2021-04-13 18:30:43,180 base 93 Not Found: /favicon.ico
WARNING 2021-04-13 18:30:43,181 basehttp 124 "GET /favicon.ico HTTP/1.1" 404 2202
ERROR 2021-04-13 18:30:51,910 exception 118 Internal Server Error: /admin/
Traceback (most recent call last):
  File "C:\Users\Administrator\envs\demo\lib\site-packages\django\contrib\sessions\backends\base.py", line 191, in _get_session
    return self._session_cache
AttributeError: 'SessionStore' object has no attribute '_session_cache'

During handling of the above exception, another exception occurred:

Traceback (most recent call last):
  File "C:\Users\Administrator\envs\demo\lib\site-packages\django\db\backends\utils.py", line 85, in _execute
    return self.cursor.execute(sql, params)
  File "C:\Users\Administrator\envs\demo\lib\site-packages\django\db\backends\mysql\base.py", line 71, in execute
    return self.cursor.execute(query, args)
  File "C:\Users\Administrator\envs\demo\lib\site-packages\MySQLdb\cursors.py", line 206, in execute
    res = self._query(query)
  File "C:\Users\Administrator\envs\demo\lib\site-packages\MySQLdb\cursors.py", line 319, in _query
    db.query(q)
  File "C:\Users\Administrator\envs\demo\lib\site-packages\MySQLdb\connections.py", line 259, in query
    _mysql.connection.query(self, query)
MySQLdb._exceptions.ProgrammingError: (1146, "Table 'webpj.django_session' doesn't exist")

The above exception was the direct cause of the following exception:

Traceback (most recent call last):
  File "C:\Users\Administrator\envs\demo\lib\site-packages\django\core\handlers\exception.py", line 35, in inner
    response = get_response(request)
  File "C:\Users\Administrator\envs\demo\lib\site-packages\django\core\handlers\base.py", line 128, in _get_response
    response = self.process_exception_by_middleware(e, request)
  File "C:\Users\Administrator\envs\demo\lib\site-packages\django\core\handlers\base.py", line 126, in _get_response
    response = wrapped_callback(request, *callback_args, **callback_kwargs)
  File "C:\Users\Administrator\envs\demo\lib\site-packages\xadmin\sites.py", line 300, in wrapper
    return self.admin_view(view, cacheable)(*args, **kwargs)
  File "C:\Users\Administrator\envs\demo\lib\site-packages\django\views\decorators\cache.py", line 44, in _wrapped_view_func
    response = view_func(request, *args, **kwargs)
  File "C:\Users\Administrator\envs\demo\lib\site-packages\xadmin\sites.py", line 206, in inner
    if not self.has_permission(request) and getattr(view, 'need_site_permission', True):
  File "C:\Users\Administrator\envs\demo\lib\site-packages\xadmin\sites.py", line 161, in has_permission
    return request.user.is_active and request.user.is_staff
  File "C:\Users\Administrator\envs\demo\lib\site-packages\django\utils\functional.py", line 215, in inner
    self._setup()
  File "C:\Users\Administrator\envs\demo\lib\site-packages\django\utils\functional.py", line 349, in _setup
    self._wrapped = self._setupfunc()
  File "C:\Users\Administrator\envs\demo\lib\site-packages\django\contrib\auth\middleware.py", line 24, in <lambda>
    request.user = SimpleLazyObject(lambda: get_user(request))
  File "C:\Users\Administrator\envs\demo\lib\site-packages\django\contrib\auth\middleware.py", line 12, in get_user
    request._cached_user = auth.get_user(request)
  File "C:\Users\Administrator\envs\demo\lib\site-packages\django\contrib\auth\__init__.py", line 211, in get_user
    user_id = _get_user_session_key(request)
  File "C:\Users\Administrator\envs\demo\lib\site-packages\django\contrib\auth\__init__.py", line 61, in _get_user_session_key
    return get_user_model()._meta.pk.to_python(request.session[SESSION_KEY])
  File "C:\Users\Administrator\envs\demo\lib\site-packages\django\contrib\sessions\backends\base.py", line 55, in __getitem__
    return self._session[key]
  File "C:\Users\Administrator\envs\demo\lib\site-packages\django\contrib\sessions\backends\base.py", line 196, in _get_session
    self._session_cache = self.load()
  File "C:\Users\Administrator\envs\demo\lib\site-packages\django\contrib\sessions\backends\db.py", line 34, in load
    expire_date__gt=timezone.now()
  File "C:\Users\Administrator\envs\demo\lib\site-packages\django\db\models\manager.py", line 82, in manager_method
    return getattr(self.get_queryset(), name)(*args, **kwargs)
  File "C:\Users\Administrator\envs\demo\lib\site-packages\django\db\models\query.py", line 397, in get
    num = len(clone)
  File "C:\Users\Administrator\envs\demo\lib\site-packages\django\db\models\query.py", line 254, in __len__
    self._fetch_all()
  File "C:\Users\Administrator\envs\demo\lib\site-packages\django\db\models\query.py", line 1179, in _fetch_all
    self._result_cache = list(self._iterable_class(self))
  File "C:\Users\Administrator\envs\demo\lib\site-packages\django\db\models\query.py", line 53, in __iter__
    results = compiler.execute_sql(chunked_fetch=self.chunked_fetch, chunk_size=self.chunk_size)
  File "C:\Users\Administrator\envs\demo\lib\site-packages\django\db\models\sql\compiler.py", line 1068, in execute_sql
    cursor.execute(sql, params)
  File "C:\Users\Administrator\envs\demo\lib\site-packages\django\db\backends\utils.py", line 100, in execute
    return super().execute(sql, params)
  File "C:\Users\Administrator\envs\demo\lib\site-packages\django\db\backends\utils.py", line 68, in execute
    return self._execute_with_wrappers(sql, params, many=False, executor=self._execute)
  File "C:\Users\Administrator\envs\demo\lib\site-packages\django\db\backends\utils.py", line 77, in _execute_with_wrappers
    return executor(sql, params, many, context)
  File "C:\Users\Administrator\envs\demo\lib\site-packages\django\db\backends\utils.py", line 85, in _execute
    return self.cursor.execute(sql, params)
  File "C:\Users\Administrator\envs\demo\lib\site-packages\django\db\utils.py", line 89, in __exit__
    raise dj_exc_value.with_traceback(traceback) from exc_value
  File "C:\Users\Administrator\envs\demo\lib\site-packages\django\db\backends\utils.py", line 85, in _execute
    return self.cursor.execute(sql, params)
  File "C:\Users\Administrator\envs\demo\lib\site-packages\django\db\backends\mysql\base.py", line 71, in execute
    return self.cursor.execute(query, args)
  File "C:\Users\Administrator\envs\demo\lib\site-packages\MySQLdb\cursors.py", line 206, in execute
    res = self._query(query)
  File "C:\Users\Administrator\envs\demo\lib\site-packages\MySQLdb\cursors.py", line 319, in _query
    db.query(q)
  File "C:\Users\Administrator\envs\demo\lib\site-packages\MySQLdb\connections.py", line 259, in query
    _mysql.connection.query(self, query)
django.db.utils.ProgrammingError: (1146, "Table 'webpj.django_session' doesn't exist")
ERROR 2021-04-13 18:30:55,081 basehttp 124 "GET /admin/ HTTP/1.1" 500 217811
WARNING 2021-04-13 18:33:11,834 base 93 Not Found: /
WARNING 2021-04-13 18:33:11,835 basehttp 124 "GET / HTTP/1.1" 404 2151
ERROR 2021-04-13 18:33:45,582 basehttp 124 "GET /admin/ HTTP/1.1" 500 59
WARNING 2021-04-13 18:33:47,200 csrf 153 Forbidden (CSRF token missing or incorrect.): /admin/
WARNING 2021-04-13 18:33:47,204 basehttp 124 "POST /admin/ HTTP/1.1" 403 2508
WARNING 2021-04-13 18:34:11,301 csrf 153 Forbidden (CSRF token missing or incorrect.): /admin/
WARNING 2021-04-13 18:34:11,304 basehttp 124 "POST /admin/ HTTP/1.1" 403 2508
WARNING 2021-04-13 19:12:48,222 base 93 Not Found: /
WARNING 2021-04-13 19:12:48,224 basehttp 124 "GET / HTTP/1.1" 404 2151
WARNING 2021-04-13 19:12:48,711 base 93 Not Found: /favicon.ico
WARNING 2021-04-13 19:12:48,712 basehttp 124 "GET /favicon.ico HTTP/1.1" 404 2202
WARNING 2021-04-14 00:49:54,412 base 93 Not Found: /user/login/
WARNING 2021-04-14 00:49:54,413 basehttp 124 "POST /user/login/ HTTP/1.1" 404 2203
WARNING 2021-04-14 00:50:07,275 base 93 Not Found: /
WARNING 2021-04-14 00:50:07,276 basehttp 124 "GET / HTTP/1.1" 404 2151
WARNING 2021-04-14 00:51:44,431 base 93 Not Found: /user/login/
WARNING 2021-04-14 00:51:44,431 basehttp 124 "POST /user/login/ HTTP/1.1" 404 2203
WARNING 2021-04-14 00:51:53,215 base 93 Not Found: /user/login/
WARNING 2021-04-14 00:51:53,215 basehttp 124 "POST /user/login/ HTTP/1.1" 404 2203
WARNING 2021-04-14 00:52:54,182 base 93 Not Found: /user/login/
WARNING 2021-04-14 00:52:54,183 basehttp 124 "POST /user/login/ HTTP/1.1" 404 2203
WARNING 2021-04-14 01:07:59,270 base 93 Not Found: /user/login/
WARNING 2021-04-14 01:07:59,270 basehttp 124 "POST /user/login/ HTTP/1.1" 404 2203
WARNING 2021-04-14 01:10:00,531 basehttp 124 "POST /user/login/ HTTP/1.1" 400 67
WARNING 2021-04-14 01:10:03,534 basehttp 124 "POST /user/login/ HTTP/1.1" 400 67
WARNING 2021-04-14 01:44:22,317 basehttp 124 "POST /user/login/ HTTP/1.1" 400 67
WARNING 2021-04-14 01:45:04,528 basehttp 124 "POST /user/login/ HTTP/1.1" 400 67
WARNING 2021-04-14 01:54:09,526 basehttp 124 "POST /user/login/ HTTP/1.1" 400 67
WARNING 2021-04-14 02:27:12,603 base 93 Not Found: /
WARNING 2021-04-14 02:27:12,604 basehttp 124 "GET / HTTP/1.1" 404 2256
WARNING 2021-04-14 02:27:13,067 base 93 Not Found: /favicon.ico
WARNING 2021-04-14 02:27:13,068 basehttp 124 "GET /favicon.ico HTTP/1.1" 404 2307
WARNING 2021-04-14 02:27:22,304 basehttp 124 "GET /user/captcha/ HTTP/1.1" 400 11767
WARNING 2021-04-14 02:28:25,674 basehttp 124 "GET /user/captcha/?username=hry HTTP/1.1" 400 11853
WARNING 2021-04-14 02:35:04,288 basehttp 124 "GET /user/captcha/?account=hry HTTP/1.1" 400 11847
ERROR 2021-04-14 17:34:06,886 basehttp 124 "GET /home/footer/ HTTP/1.1" 500 59
ERROR 2021-04-14 17:34:06,887 basehttp 124 "GET /home/banner/ HTTP/1.1" 500 59
ERROR 2021-04-14 17:34:06,887 basehttp 124 "GET /home/header/ HTTP/1.1" 500 59
WARNING 2021-04-14 17:44:49,704 basehttp 124 "POST /user/register/ HTTP/1.1" 400 115
ERROR 2021-04-14 23:50:16,060 exceptions 18 [<user.views.SendMessageAPIView object at 0x00000224FBEFF518>] Error 10061 connecting to 127.0.0.1:6379. 由于目标计算机积极拒绝，无法连接。.
ERROR 2021-04-14 23:50:16,062 basehttp 124 "GET /user/message/?phone=18522074726 HTTP/1.1" 507 29
ERROR 2021-04-14 23:50:28,203 exceptions 18 [<user.views.SendMessageAPIView object at 0x00000224FBFCF278>] Error 10061 connecting to 127.0.0.1:6379. 由于目标计算机积极拒绝，无法连接。.
ERROR 2021-04-14 23:50:28,276 basehttp 124 "GET /user/message/?phone=18522074726 HTTP/1.1" 507 10221
WARNING 2021-04-14 23:50:28,503 base 93 Not Found: /favicon.ico
WARNING 2021-04-14 23:50:28,504 basehttp 124 "GET /favicon.ico HTTP/1.1" 404 2307
WARNING 2021-04-14 23:55:27,494 basehttp 124 "POST /user/register/ HTTP/1.1" 400 38
WARNING 2021-04-15 00:07:22,766 basehttp 124 "POST /user/register/ HTTP/1.1" 400 38
WARNING 2021-04-15 00:13:33,089 basehttp 124 "POST /user/register/ HTTP/1.1" 400 38
WARNING 2021-04-15 00:18:51,801 basehttp 124 "POST /user/register/ HTTP/1.1" 400 38
WARNING 2021-04-15 00:19:37,067 basehttp 124 "POST /user/register/ HTTP/1.1" 400 38
ERROR 2021-04-15 00:21:58,947 exception 118 Internal Server Error: /user/register
Traceback (most recent call last):
  File "C:\Users\Administrator\envs\demo\lib\site-packages\django\core\handlers\exception.py", line 35, in inner
    response = get_response(request)
  File "C:\Users\Administrator\envs\demo\lib\site-packages\django\utils\deprecation.py", line 93, in __call__
    response = self.process_request(request)
  File "C:\Users\Administrator\envs\demo\lib\site-packages\django\middleware\common.py", line 61, in process_request
    path = self.get_full_path_with_slash(request)
  File "C:\Users\Administrator\envs\demo\lib\site-packages\django\middleware\common.py", line 99, in get_full_path_with_slash
    'url': request.get_host() + new_path,
RuntimeError: You called this URL via POST, but the URL doesn't end in a slash and you have APPEND_SLASH set. Django can't redirect to the slash URL while maintaining POST data. Change your form to point to 127.0.0.1:8000/user/register/ (note the trailing slash), or set APPEND_SLASH=False in your Django settings.
ERROR 2021-04-15 00:22:02,291 basehttp 124 "POST /user/register HTTP/1.1" 500 70509
ERROR 2021-04-15 00:34:07,149 exception 118 Internal Server Error: /user/register
Traceback (most recent call last):
  File "C:\Users\Administrator\envs\demo\lib\site-packages\django\core\handlers\exception.py", line 35, in inner
    response = get_response(request)
  File "C:\Users\Administrator\envs\demo\lib\site-packages\django\utils\deprecation.py", line 93, in __call__
    response = self.process_request(request)
  File "C:\Users\Administrator\envs\demo\lib\site-packages\django\middleware\common.py", line 61, in process_request
    path = self.get_full_path_with_slash(request)
  File "C:\Users\Administrator\envs\demo\lib\site-packages\django\middleware\common.py", line 99, in get_full_path_with_slash
    'url': request.get_host() + new_path,
RuntimeError: You called this URL via POST, but the URL doesn't end in a slash and you have APPEND_SLASH set. Django can't redirect to the slash URL while maintaining POST data. Change your form to point to 127.0.0.1:8000/user/register/ (note the trailing slash), or set APPEND_SLASH=False in your Django settings.
ERROR 2021-04-15 00:34:07,316 basehttp 124 "POST /user/register HTTP/1.1" 500 70509
WARNING 2021-04-15 00:48:36,312 basehttp 124 "POST /user/register/ HTTP/1.1" 400 38
ERROR 2021-04-15 00:50:03,575 exception 118 Internal Server Error: /user/register
Traceback (most recent call last):
  File "C:\Users\Administrator\envs\demo\lib\site-packages\django\core\handlers\exception.py", line 35, in inner
    response = get_response(request)
  File "C:\Users\Administrator\envs\demo\lib\site-packages\django\utils\deprecation.py", line 93, in __call__
    response = self.process_request(request)
  File "C:\Users\Administrator\envs\demo\lib\site-packages\django\middleware\common.py", line 61, in process_request
    path = self.get_full_path_with_slash(request)
  File "C:\Users\Administrator\envs\demo\lib\site-packages\django\middleware\common.py", line 99, in get_full_path_with_slash
    'url': request.get_host() + new_path,
RuntimeError: You called this URL via POST, but the URL doesn't end in a slash and you have APPEND_SLASH set. Django can't redirect to the slash URL while maintaining POST data. Change your form to point to 127.0.0.1:8000/user/register/ (note the trailing slash), or set APPEND_SLASH=False in your Django settings.
ERROR 2021-04-15 00:50:03,734 basehttp 124 "POST /user/register HTTP/1.1" 500 70509
ERROR 2021-04-15 01:29:55,924 exceptions 18 [<user.views.SendMessageAPIView object at 0x0000029F7D5955C0>] Error 10061 connecting to 127.0.0.1:6379. 由于目标计算机积极拒绝，无法连接。.
ERROR 2021-04-15 01:29:55,925 basehttp 124 "GET /user/message/?phone=18522074726 HTTP/1.1" 507 29
WARNING 2021-04-15 01:55:10,846 basehttp 124 "POST /user/register/ HTTP/1.1" 400 97
WARNING 2021-04-15 01:57:32,596 basehttp 124 "POST /user/register/ HTTP/1.1" 400 57
WARNING 2021-04-15 02:12:41,708 basehttp 124 "POST /user/register/ HTTP/1.1" 400 43
ERROR 2021-04-15 02:19:27,784 exception 118 Internal Server Error: /user/register/
Traceback (most recent call last):
  File "C:\Users\Administrator\envs\demo\lib\site-packages\django\core\handlers\exception.py", line 35, in inner
    response = get_response(request)
  File "C:\Users\Administrator\envs\demo\lib\site-packages\django\core\handlers\base.py", line 128, in _get_response
    response = self.process_exception_by_middleware(e, request)
  File "C:\Users\Administrator\envs\demo\lib\site-packages\django\core\handlers\base.py", line 126, in _get_response
    response = wrapped_callback(request, *callback_args, **callback_kwargs)
  File "C:\Users\Administrator\envs\demo\lib\site-packages\django\views\decorators\csrf.py", line 54, in wrapped_view
    return view_func(*args, **kwargs)
  File "C:\Users\Administrator\envs\demo\lib\site-packages\django\views\generic\base.py", line 69, in view
    return self.dispatch(request, *args, **kwargs)
  File "C:\Users\Administrator\envs\demo\lib\site-packages\rest_framework\views.py", line 497, in dispatch
    response = self.handle_exception(exc)
  File "C:\Users\Administrator\envs\demo\lib\site-packages\rest_framework\views.py", line 457, in handle_exception
    self.raise_uncaught_exception(exc)
  File "C:\Users\Administrator\envs\demo\lib\site-packages\rest_framework\views.py", line 468, in raise_uncaught_exception
    raise exc
  File "C:\Users\Administrator\envs\demo\lib\site-packages\rest_framework\views.py", line 494, in dispatch
    response = handler(request, *args, **kwargs)
  File "C:\Users\Administrator\envs\demo\lib\site-packages\rest_framework\generics.py", line 190, in post
    return self.create(request, *args, **kwargs)
  File "C:\Users\Administrator\envs\demo\lib\site-packages\rest_framework\mixins.py", line 18, in create
    serializer.is_valid(raise_exception=True)
  File "C:\Users\Administrator\envs\demo\lib\site-packages\rest_framework\serializers.py", line 235, in is_valid
    self._validated_data = self.run_validation(self.initial_data)
  File "C:\Users\Administrator\envs\demo\lib\site-packages\rest_framework\serializers.py", line 433, in run_validation
    value = self.validate(value)
  File "C:\Users\Administrator\Desktop\edu_api\edu_api\apps\user\serializers.py", line 57, in validate
    if redis_code.decode() != code:
AttributeError: 'NoneType' object has no attribute 'decode'
ERROR 2021-04-15 02:19:28,106 basehttp 124 "POST /user/register/ HTTP/1.1" 500 20822
ERROR 2021-04-15 02:22:45,686 exception 118 Internal Server Error: /user/message/
Traceback (most recent call last):
  File "C:\Users\Administrator\envs\demo\lib\site-packages\django\core\handlers\exception.py", line 35, in inner
    response = get_response(request)
  File "C:\Users\Administrator\envs\demo\lib\site-packages\django\core\handlers\base.py", line 128, in _get_response
    response = self.process_exception_by_middleware(e, request)
  File "C:\Users\Administrator\envs\demo\lib\site-packages\django\core\handlers\base.py", line 126, in _get_response
    response = wrapped_callback(request, *callback_args, **callback_kwargs)
  File "C:\Users\Administrator\envs\demo\lib\site-packages\django\views\decorators\csrf.py", line 54, in wrapped_view
    return view_func(*args, **kwargs)
  File "C:\Users\Administrator\envs\demo\lib\site-packages\django\views\generic\base.py", line 69, in view
    return self.dispatch(request, *args, **kwargs)
  File "C:\Users\Administrator\envs\demo\lib\site-packages\rest_framework\views.py", line 497, in dispatch
    response = self.handle_exception(exc)
  File "C:\Users\Administrator\envs\demo\lib\site-packages\rest_framework\views.py", line 457, in handle_exception
    self.raise_uncaught_exception(exc)
  File "C:\Users\Administrator\envs\demo\lib\site-packages\rest_framework\views.py", line 468, in raise_uncaught_exception
    raise exc
  File "C:\Users\Administrator\envs\demo\lib\site-packages\rest_framework\views.py", line 494, in dispatch
    response = handler(request, *args, **kwargs)
  File "C:\Users\Administrator\Desktop\edu_api\edu_api\apps\user\views.py", line 83, in get
    status = message.send_message(phone, code)
  File "C:\Users\Administrator\Desktop\edu_api\edu_api\utils\message.py", line 28, in send_message
    req = req['http_status_code']
KeyError: 'http_status_code'
ERROR 2021-04-15 02:22:45,867 basehttp 124 "GET /user/message/?phone=18522074726 HTTP/1.1" 500 20264
WARNING 2021-04-15 02:24:00,796 basehttp 124 "POST /user/register/ HTTP/1.1" 400 43
ERROR 2021-04-15 10:35:00,734 exceptions 18 [<user.views.SendMessageAPIView object at 0x000001AF7B93AB38>] Error 10060 connecting to 192.168.92.128:6379. 由于连接方在一段时间后没有正确答复或连接的主机没有反应，连接尝试失败。.
ERROR 2021-04-15 10:35:00,736 basehttp 124 "GET /user/message/?phone=18522074726 HTTP/1.1" 507 29
WARNING 2021-04-15 10:35:48,610 basehttp 124 "POST /user/register/ HTTP/1.1" 400 137
ERROR 2021-04-15 10:36:06,935 exceptions 18 [<user.views.SendMessageAPIView object at 0x000001AF7BA62C18>] Error 10060 connecting to 192.168.92.128:6379. 由于连接方在一段时间后没有正确答复或连接的主机没有反应，连接尝试失败。.
ERROR 2021-04-15 10:36:06,935 basehttp 124 "GET /user/message/?phone=18522074726 HTTP/1.1" 507 29
ERROR 2021-04-15 10:36:13,315 exceptions 18 [<user.views.SendMessageAPIView object at 0x000001AF7BA6D908>] Error 10060 connecting to 192.168.92.128:6379. 由于连接方在一段时间后没有正确答复或连接的主机没有反应，连接尝试失败。.
ERROR 2021-04-15 10:36:13,316 basehttp 124 "GET /user/message/?phone=18522074726 HTTP/1.1" 507 29
ERROR 2021-04-15 10:38:57,744 exceptions 18 [<user.views.SendMessageAPIView object at 0x000001AF7BA6DBA8>] Error 10060 connecting to 192.168.92.128:6379. 由于连接方在一段时间后没有正确答复或连接的主机没有反应，连接尝试失败。.
ERROR 2021-04-15 10:38:57,744 basehttp 124 "GET /user/message/?phone=18522074726 HTTP/1.1" 507 29
ERROR 2021-04-15 10:42:45,760 exceptions 18 [<user.views.SendMessageAPIView object at 0x0000027FD7778F28>] Error 10060 connecting to 192.168.92.128:6379. 由于连接方在一段时间后没有正确答复或连接的主机没有反应，连接尝试失败。.
ERROR 2021-04-15 10:42:45,760 basehttp 124 "GET /user/message/?phone=18522074726 HTTP/1.1" 507 29
ERROR 2021-04-15 10:45:32,661 exceptions 18 [<user.views.SendMessageAPIView object at 0x000001C92ABB6A58>] Error 10060 connecting to 192.168.92.128:6379. 由于连接方在一段时间后没有正确答复或连接的主机没有反应，连接尝试失败。.
ERROR 2021-04-15 10:45:32,661 basehttp 124 "GET /user/message/?phone=18522074726 HTTP/1.1" 507 29
ERROR 2021-04-15 10:48:17,178 exceptions 18 [<user.views.SendMessageAPIView object at 0x0000017FD2076860>] Error 10060 connecting to 192.168.92.128:6379. 由于连接方在一段时间后没有正确答复或连接的主机没有反应，连接尝试失败。.
ERROR 2021-04-15 10:48:17,178 basehttp 124 "GET /user/message/?phone=18522074726 HTTP/1.1" 507 29
ERROR 2021-04-15 10:54:30,759 basehttp 124 "GET /home/banner/ HTTP/1.1" 500 59
ERROR 2021-04-15 10:54:30,760 basehttp 124 "GET /home/footer/ HTTP/1.1" 500 59
ERROR 2021-04-15 10:54:30,760 basehttp 124 "GET /home/header/ HTTP/1.1" 500 59
ERROR 2021-04-15 10:54:59,863 exceptions 18 [<user.views.SendMessageAPIView object at 0x000001CEA8586160>] Error 10060 connecting to 192.168.92.128:6379. 由于连接方在一段时间后没有正确答复或连接的主机没有反应，连接尝试失败。.
ERROR 2021-04-15 10:54:59,863 basehttp 124 "GET /user/message/?phone=18522074726&flag=1 HTTP/1.1" 507 29
ERROR 2021-04-15 10:57:00,633 exceptions 18 [<user.views.SendMessageAPIView object at 0x000001C8F67DCA58>] Error 10060 connecting to 192.168.92.128:6379. 由于连接方在一段时间后没有正确答复或连接的主机没有反应，连接尝试失败。.
ERROR 2021-04-15 10:57:00,633 basehttp 124 "GET /user/message/?phone=18522074726&flag=1 HTTP/1.1" 507 29
ERROR 2021-04-15 10:59:18,640 exceptions 18 [<user.views.SendMessageAPIView object at 0x000002578255F438>] Error 10060 connecting to 192.168.92.128:6379. 由于连接方在一段时间后没有正确答复或连接的主机没有反应，连接尝试失败。.
ERROR 2021-04-15 10:59:18,640 basehttp 124 "GET /user/message/?phone=18522074726 HTTP/1.1" 507 29
ERROR 2021-04-15 11:02:32,085 basehttp 124 "GET /home/footer/ HTTP/1.1" 500 59
ERROR 2021-04-15 11:02:32,085 basehttp 124 "GET /home/header/ HTTP/1.1" 500 59
ERROR 2021-04-15 11:02:32,086 basehttp 124 "GET /home/banner/ HTTP/1.1" 500 59
ERROR 2021-04-15 11:03:00,116 exceptions 18 [<user.views.SendMessageAPIView object at 0x000002ADE227F710>] Error 10060 connecting to 192.168.92.128:6379. 由于连接方在一段时间后没有正确答复或连接的主机没有反应，连接尝试失败。.
ERROR 2021-04-15 11:03:00,116 basehttp 124 "GET /user/message/?phone=18522074726&flag=1 HTTP/1.1" 507 29
ERROR 2021-04-15 11:04:33,352 exception 118 Internal Server Error: /user/message/
Traceback (most recent call last):
  File "C:\Users\Administrator\envs\demo\lib\site-packages\urllib3\connection.py", line 170, in _new_conn
    (self._dns_host, self.port), self.timeout, **extra_kw
  File "C:\Users\Administrator\envs\demo\lib\site-packages\urllib3\util\connection.py", line 96, in create_connection
    raise err
  File "C:\Users\Administrator\envs\demo\lib\site-packages\urllib3\util\connection.py", line 86, in create_connection
    sock.connect(sa)
ConnectionRefusedError: [WinError 10061] 由于目标计算机积极拒绝，无法连接。

During handling of the above exception, another exception occurred:

Traceback (most recent call last):
  File "C:\Users\Administrator\envs\demo\lib\site-packages\urllib3\connectionpool.py", line 696, in urlopen
    self._prepare_proxy(conn)
  File "C:\Users\Administrator\envs\demo\lib\site-packages\urllib3\connectionpool.py", line 964, in _prepare_proxy
    conn.connect()
  File "C:\Users\Administrator\envs\demo\lib\site-packages\urllib3\connection.py", line 353, in connect
    conn = self._new_conn()
  File "C:\Users\Administrator\envs\demo\lib\site-packages\urllib3\connection.py", line 182, in _new_conn
    self, "Failed to establish a new connection: %s" % e
urllib3.exceptions.NewConnectionError: <urllib3.connection.HTTPSConnection object at 0x000001E4571AD1D0>: Failed to establish a new connection: [WinError 10061] 由于目标计算机积极拒绝，无法连接。

During handling of the above exception, another exception occurred:

Traceback (most recent call last):
  File "C:\Users\Administrator\envs\demo\lib\site-packages\requests\adapters.py", line 449, in send
    timeout=timeout
  File "C:\Users\Administrator\envs\demo\lib\site-packages\urllib3\connectionpool.py", line 756, in urlopen
    method, url, error=e, _pool=self, _stacktrace=sys.exc_info()[2]
  File "C:\Users\Administrator\envs\demo\lib\site-packages\urllib3\util\retry.py", line 573, in increment
    raise MaxRetryError(_pool, url, error or ResponseError(cause))
urllib3.exceptions.MaxRetryError: HTTPSConnectionPool(host='sms.yunpian.com', port=443): Max retries exceeded with url: /v2/sms/single_send.json (Caused by ProxyError('Cannot connect to proxy.', NewConnectionError('<urllib3.connection.HTTPSConnection object at 0x000001E4571AD1D0>: Failed to establish a new connection: [WinError 10061] 由于目标计算机积极拒绝，无法连接。',)))

During handling of the above exception, another exception occurred:

Traceback (most recent call last):
  File "C:\Users\Administrator\envs\demo\lib\site-packages\django\core\handlers\exception.py", line 35, in inner
    response = get_response(request)
  File "C:\Users\Administrator\envs\demo\lib\site-packages\django\core\handlers\base.py", line 128, in _get_response
    response = self.process_exception_by_middleware(e, request)
  File "C:\Users\Administrator\envs\demo\lib\site-packages\django\core\handlers\base.py", line 126, in _get_response
    response = wrapped_callback(request, *callback_args, **callback_kwargs)
  File "C:\Users\Administrator\envs\demo\lib\site-packages\django\views\decorators\csrf.py", line 54, in wrapped_view
    return view_func(*args, **kwargs)
  File "C:\Users\Administrator\envs\demo\lib\site-packages\django\views\generic\base.py", line 69, in view
    return self.dispatch(request, *args, **kwargs)
  File "C:\Users\Administrator\envs\demo\lib\site-packages\rest_framework\views.py", line 497, in dispatch
    response = self.handle_exception(exc)
  File "C:\Users\Administrator\envs\demo\lib\site-packages\rest_framework\views.py", line 457, in handle_exception
    self.raise_uncaught_exception(exc)
  File "C:\Users\Administrator\envs\demo\lib\site-packages\rest_framework\views.py", line 468, in raise_uncaught_exception
    raise exc
  File "C:\Users\Administrator\envs\demo\lib\site-packages\rest_framework\views.py", line 494, in dispatch
    response = handler(request, *args, **kwargs)
  File "C:\Users\Administrator\Desktop\edu_api\edu_api\apps\user\views.py", line 93, in get
    status = message.send_message(phone, code)
  File "C:\Users\Administrator\Desktop\edu_api\edu_api\utils\message.py", line 25, in send_message
    req = requests.post(self.single_send_url, data=params)
  File "C:\Users\Administrator\envs\demo\lib\site-packages\requests\api.py", line 119, in post
    return request('post', url, data=data, json=json, **kwargs)
  File "C:\Users\Administrator\envs\demo\lib\site-packages\requests\api.py", line 61, in request
    return session.request(method=method, url=url, **kwargs)
  File "C:\Users\Administrator\envs\demo\lib\site-packages\requests\sessions.py", line 542, in request
    resp = self.send(prep, **send_kwargs)
  File "C:\Users\Administrator\envs\demo\lib\site-packages\requests\sessions.py", line 655, in send
    r = adapter.send(request, **kwargs)
  File "C:\Users\Administrator\envs\demo\lib\site-packages\requests\adapters.py", line 510, in send
    raise ProxyError(e, request=request)
requests.exceptions.ProxyError: HTTPSConnectionPool(host='sms.yunpian.com', port=443): Max retries exceeded with url: /v2/sms/single_send.json (Caused by ProxyError('Cannot connect to proxy.', NewConnectionError('<urllib3.connection.HTTPSConnection object at 0x000001E4571AD1D0>: Failed to establish a new connection: [WinError 10061] 由于目标计算机积极拒绝，无法连接。',)))
ERROR 2021-04-15 11:04:36,336 basehttp 124 "GET /user/message/?phone=18522074726 HTTP/1.1" 500 23739
ERROR 2021-04-15 11:05:35,499 exception 118 Internal Server Error: /user/message/
Traceback (most recent call last):
  File "C:\Users\Administrator\envs\demo\lib\site-packages\urllib3\connection.py", line 170, in _new_conn
    (self._dns_host, self.port), self.timeout, **extra_kw
  File "C:\Users\Administrator\envs\demo\lib\site-packages\urllib3\util\connection.py", line 96, in create_connection
    raise err
  File "C:\Users\Administrator\envs\demo\lib\site-packages\urllib3\util\connection.py", line 86, in create_connection
    sock.connect(sa)
ConnectionRefusedError: [WinError 10061] 由于目标计算机积极拒绝，无法连接。

During handling of the above exception, another exception occurred:

Traceback (most recent call last):
  File "C:\Users\Administrator\envs\demo\lib\site-packages\urllib3\connectionpool.py", line 696, in urlopen
    self._prepare_proxy(conn)
  File "C:\Users\Administrator\envs\demo\lib\site-packages\urllib3\connectionpool.py", line 964, in _prepare_proxy
    conn.connect()
  File "C:\Users\Administrator\envs\demo\lib\site-packages\urllib3\connection.py", line 353, in connect
    conn = self._new_conn()
  File "C:\Users\Administrator\envs\demo\lib\site-packages\urllib3\connection.py", line 182, in _new_conn
    self, "Failed to establish a new connection: %s" % e
urllib3.exceptions.NewConnectionError: <urllib3.connection.HTTPSConnection object at 0x000001E457228BE0>: Failed to establish a new connection: [WinError 10061] 由于目标计算机积极拒绝，无法连接。

During handling of the above exception, another exception occurred:

Traceback (most recent call last):
  File "C:\Users\Administrator\envs\demo\lib\site-packages\requests\adapters.py", line 449, in send
    timeout=timeout
  File "C:\Users\Administrator\envs\demo\lib\site-packages\urllib3\connectionpool.py", line 756, in urlopen
    method, url, error=e, _pool=self, _stacktrace=sys.exc_info()[2]
  File "C:\Users\Administrator\envs\demo\lib\site-packages\urllib3\util\retry.py", line 573, in increment
    raise MaxRetryError(_pool, url, error or ResponseError(cause))
urllib3.exceptions.MaxRetryError: HTTPSConnectionPool(host='sms.yunpian.com', port=443): Max retries exceeded with url: /v2/sms/single_send.json (Caused by ProxyError('Cannot connect to proxy.', NewConnectionError('<urllib3.connection.HTTPSConnection object at 0x000001E457228BE0>: Failed to establish a new connection: [WinError 10061] 由于目标计算机积极拒绝，无法连接。',)))

During handling of the above exception, another exception occurred:

Traceback (most recent call last):
  File "C:\Users\Administrator\envs\demo\lib\site-packages\django\core\handlers\exception.py", line 35, in inner
    response = get_response(request)
  File "C:\Users\Administrator\envs\demo\lib\site-packages\django\core\handlers\base.py", line 128, in _get_response
    response = self.process_exception_by_middleware(e, request)
  File "C:\Users\Administrator\envs\demo\lib\site-packages\django\core\handlers\base.py", line 126, in _get_response
    response = wrapped_callback(request, *callback_args, **callback_kwargs)
  File "C:\Users\Administrator\envs\demo\lib\site-packages\django\views\decorators\csrf.py", line 54, in wrapped_view
    return view_func(*args, **kwargs)
  File "C:\Users\Administrator\envs\demo\lib\site-packages\django\views\generic\base.py", line 69, in view
    return self.dispatch(request, *args, **kwargs)
  File "C:\Users\Administrator\envs\demo\lib\site-packages\rest_framework\views.py", line 497, in dispatch
    response = self.handle_exception(exc)
  File "C:\Users\Administrator\envs\demo\lib\site-packages\rest_framework\views.py", line 457, in handle_exception
    self.raise_uncaught_exception(exc)
  File "C:\Users\Administrator\envs\demo\lib\site-packages\rest_framework\views.py", line 468, in raise_uncaught_exception
    raise exc
  File "C:\Users\Administrator\envs\demo\lib\site-packages\rest_framework\views.py", line 494, in dispatch
    response = handler(request, *args, **kwargs)
  File "C:\Users\Administrator\Desktop\edu_api\edu_api\apps\user\views.py", line 93, in get
    status = message.send_message(phone, code)
  File "C:\Users\Administrator\Desktop\edu_api\edu_api\utils\message.py", line 25, in send_message
    req = requests.post(self.single_send_url, data=params)
  File "C:\Users\Administrator\envs\demo\lib\site-packages\requests\api.py", line 119, in post
    return request('post', url, data=data, json=json, **kwargs)
  File "C:\Users\Administrator\envs\demo\lib\site-packages\requests\api.py", line 61, in request
    return session.request(method=method, url=url, **kwargs)
  File "C:\Users\Administrator\envs\demo\lib\site-packages\requests\sessions.py", line 542, in request
    resp = self.send(prep, **send_kwargs)
  File "C:\Users\Administrator\envs\demo\lib\site-packages\requests\sessions.py", line 655, in send
    r = adapter.send(request, **kwargs)
  File "C:\Users\Administrator\envs\demo\lib\site-packages\requests\adapters.py", line 510, in send
    raise ProxyError(e, request=request)
requests.exceptions.ProxyError: HTTPSConnectionPool(host='sms.yunpian.com', port=443): Max retries exceeded with url: /v2/sms/single_send.json (Caused by ProxyError('Cannot connect to proxy.', NewConnectionError('<urllib3.connection.HTTPSConnection object at 0x000001E457228BE0>: Failed to establish a new connection: [WinError 10061] 由于目标计算机积极拒绝，无法连接。',)))
ERROR 2021-04-15 11:05:35,530 basehttp 124 "GET /user/message/?phone=15293126676 HTTP/1.1" 500 23739
ERROR 2021-04-15 11:06:50,759 exception 118 Internal Server Error: /user/message/
Traceback (most recent call last):
  File "C:\Users\Administrator\envs\demo\lib\site-packages\django\core\handlers\exception.py", line 35, in inner
    response = get_response(request)
  File "C:\Users\Administrator\envs\demo\lib\site-packages\django\core\handlers\base.py", line 128, in _get_response
    response = self.process_exception_by_middleware(e, request)
  File "C:\Users\Administrator\envs\demo\lib\site-packages\django\core\handlers\base.py", line 126, in _get_response
    response = wrapped_callback(request, *callback_args, **callback_kwargs)
  File "C:\Users\Administrator\envs\demo\lib\site-packages\django\views\decorators\csrf.py", line 54, in wrapped_view
    return view_func(*args, **kwargs)
  File "C:\Users\Administrator\envs\demo\lib\site-packages\django\views\generic\base.py", line 69, in view
    return self.dispatch(request, *args, **kwargs)
  File "C:\Users\Administrator\envs\demo\lib\site-packages\rest_framework\views.py", line 497, in dispatch
    response = self.handle_exception(exc)
  File "C:\Users\Administrator\envs\demo\lib\site-packages\rest_framework\views.py", line 457, in handle_exception
    self.raise_uncaught_exception(exc)
  File "C:\Users\Administrator\envs\demo\lib\site-packages\rest_framework\views.py", line 468, in raise_uncaught_exception
    raise exc
  File "C:\Users\Administrator\envs\demo\lib\site-packages\rest_framework\views.py", line 494, in dispatch
    response = handler(request, *args, **kwargs)
  File "C:\Users\Administrator\Desktop\edu_api\edu_api\apps\user\views.py", line 93, in get
    status = message.send_message(phone, code)
  File "C:\Users\Administrator\Desktop\edu_api\edu_api\utils\message.py", line 28, in send_message
    req = req['http_status_code']
KeyError: 'http_status_code'
ERROR 2021-04-15 11:06:50,772 basehttp 124 "GET /user/message/?phone=15293126676 HTTP/1.1" 500 19957
ERROR 2021-04-15 11:07:17,430 exception 118 Internal Server Error: /user/message/
Traceback (most recent call last):
  File "C:\Users\Administrator\envs\demo\lib\site-packages\django\core\handlers\exception.py", line 35, in inner
    response = get_response(request)
  File "C:\Users\Administrator\envs\demo\lib\site-packages\django\core\handlers\base.py", line 128, in _get_response
    response = self.process_exception_by_middleware(e, request)
  File "C:\Users\Administrator\envs\demo\lib\site-packages\django\core\handlers\base.py", line 126, in _get_response
    response = wrapped_callback(request, *callback_args, **callback_kwargs)
  File "C:\Users\Administrator\envs\demo\lib\site-packages\django\views\decorators\csrf.py", line 54, in wrapped_view
    return view_func(*args, **kwargs)
  File "C:\Users\Administrator\envs\demo\lib\site-packages\django\views\generic\base.py", line 69, in view
    return self.dispatch(request, *args, **kwargs)
  File "C:\Users\Administrator\envs\demo\lib\site-packages\rest_framework\views.py", line 497, in dispatch
    response = self.handle_exception(exc)
  File "C:\Users\Administrator\envs\demo\lib\site-packages\rest_framework\views.py", line 457, in handle_exception
    self.raise_uncaught_exception(exc)
  File "C:\Users\Administrator\envs\demo\lib\site-packages\rest_framework\views.py", line 468, in raise_uncaught_exception
    raise exc
  File "C:\Users\Administrator\envs\demo\lib\site-packages\rest_framework\views.py", line 494, in dispatch
    response = handler(request, *args, **kwargs)
  File "C:\Users\Administrator\Desktop\edu_api\edu_api\apps\user\views.py", line 93, in get
    status = message.send_message(phone, code)
  File "C:\Users\Administrator\Desktop\edu_api\edu_api\utils\message.py", line 28, in send_message
    req = req['http_status_code']
KeyError: 'http_status_code'
ERROR 2021-04-15 11:07:17,445 basehttp 124 "GET /user/message/?phone=18522074726 HTTP/1.1" 500 19957
ERROR 2021-04-15 11:10:48,101 exception 118 Internal Server Error: /user/message/
Traceback (most recent call last):
  File "C:\Users\Administrator\envs\demo\lib\site-packages\django\core\handlers\exception.py", line 35, in inner
    response = get_response(request)
  File "C:\Users\Administrator\envs\demo\lib\site-packages\django\core\handlers\base.py", line 128, in _get_response
    response = self.process_exception_by_middleware(e, request)
  File "C:\Users\Administrator\envs\demo\lib\site-packages\django\core\handlers\base.py", line 126, in _get_response
    response = wrapped_callback(request, *callback_args, **callback_kwargs)
  File "C:\Users\Administrator\envs\demo\lib\site-packages\django\views\decorators\csrf.py", line 54, in wrapped_view
    return view_func(*args, **kwargs)
  File "C:\Users\Administrator\envs\demo\lib\site-packages\django\views\generic\base.py", line 69, in view
    return self.dispatch(request, *args, **kwargs)
  File "C:\Users\Administrator\envs\demo\lib\site-packages\rest_framework\views.py", line 497, in dispatch
    response = self.handle_exception(exc)
  File "C:\Users\Administrator\envs\demo\lib\site-packages\rest_framework\views.py", line 457, in handle_exception
    self.raise_uncaught_exception(exc)
  File "C:\Users\Administrator\envs\demo\lib\site-packages\rest_framework\views.py", line 468, in raise_uncaught_exception
    raise exc
  File "C:\Users\Administrator\envs\demo\lib\site-packages\rest_framework\views.py", line 494, in dispatch
    response = handler(request, *args, **kwargs)
  File "C:\Users\Administrator\Desktop\edu_api\edu_api\apps\user\views.py", line 93, in get
    status = message.send_message(phone, code)
  File "C:\Users\Administrator\Desktop\edu_api\edu_api\utils\message.py", line 28, in send_message
    req = req['http_status_code']
KeyError: 'http_status_code'
ERROR 2021-04-15 11:10:48,226 basehttp 124 "GET /user/message/?phone=15293126676 HTTP/1.1" 500 19957
ERROR 2021-04-15 11:11:28,018 exception 118 Internal Server Error: /user/message/
Traceback (most recent call last):
  File "C:\Users\Administrator\envs\demo\lib\site-packages\django\core\handlers\exception.py", line 35, in inner
    response = get_response(request)
  File "C:\Users\Administrator\envs\demo\lib\site-packages\django\core\handlers\base.py", line 128, in _get_response
    response = self.process_exception_by_middleware(e, request)
  File "C:\Users\Administrator\envs\demo\lib\site-packages\django\core\handlers\base.py", line 126, in _get_response
    response = wrapped_callback(request, *callback_args, **callback_kwargs)
  File "C:\Users\Administrator\envs\demo\lib\site-packages\django\views\decorators\csrf.py", line 54, in wrapped_view
    return view_func(*args, **kwargs)
  File "C:\Users\Administrator\envs\demo\lib\site-packages\django\views\generic\base.py", line 69, in view
    return self.dispatch(request, *args, **kwargs)
  File "C:\Users\Administrator\envs\demo\lib\site-packages\rest_framework\views.py", line 497, in dispatch
    response = self.handle_exception(exc)
  File "C:\Users\Administrator\envs\demo\lib\site-packages\rest_framework\views.py", line 457, in handle_exception
    self.raise_uncaught_exception(exc)
  File "C:\Users\Administrator\envs\demo\lib\site-packages\rest_framework\views.py", line 468, in raise_uncaught_exception
    raise exc
  File "C:\Users\Administrator\envs\demo\lib\site-packages\rest_framework\views.py", line 494, in dispatch
    response = handler(request, *args, **kwargs)
  File "C:\Users\Administrator\Desktop\edu_api\edu_api\apps\user\views.py", line 93, in get
    status = message.send_message(phone, code)
  File "C:\Users\Administrator\Desktop\edu_api\edu_api\utils\message.py", line 28, in send_message
    req = req['http_status_code']
KeyError: 'http_status_code'
ERROR 2021-04-15 11:11:28,033 basehttp 124 "GET /user/message/?phone=18522074726&flag=1 HTTP/1.1" 500 19982
WARNING 2021-04-15 11:19:25,109 basehttp 124 "GET /user/message/?phone=18522074726&flag=1 HTTP/1.1" 400 47
WARNING 2021-04-15 11:25:00,409 basehttp 124 "GET /user/message/?phone=18522074726&flag=1 HTTP/1.1" 400 35
ERROR 2021-04-15 11:31:17,398 basehttp 124 "GET /home/header/ HTTP/1.1" 500 59
ERROR 2021-04-15 11:31:17,403 basehttp 124 "GET /home/banner/ HTTP/1.1" 500 59
ERROR 2021-04-15 11:31:17,409 basehttp 124 "GET /home/footer/ HTTP/1.1" 500 59
ERROR 2021-04-15 11:34:01,556 basehttp 124 "GET /home/header/ HTTP/1.1" 500 59
ERROR 2021-04-15 11:34:01,568 basehttp 124 "GET /home/banner/ HTTP/1.1" 500 59
ERROR 2021-04-15 11:34:01,573 basehttp 124 "GET /home/footer/ HTTP/1.1" 500 59
WARNING 2021-04-15 11:35:19,026 basehttp 124 "GET /user/message/?phone=18993085835&flag=0 HTTP/1.1" 400 65
ERROR 2021-04-15 12:00:33,513 exception 118 Internal Server Error: /user/login2/
Traceback (most recent call last):
  File "C:\Users\Administrator\envs\demo\lib\site-packages\rest_framework_jwt\compat.py", line 33, in get_username
    username = user.get_username()
AttributeError: 'QuerySet' object has no attribute 'get_username'

During handling of the above exception, another exception occurred:

Traceback (most recent call last):
  File "C:\Users\Administrator\envs\demo\lib\site-packages\django\core\handlers\exception.py", line 35, in inner
    response = get_response(request)
  File "C:\Users\Administrator\envs\demo\lib\site-packages\django\core\handlers\base.py", line 128, in _get_response
    response = self.process_exception_by_middleware(e, request)
  File "C:\Users\Administrator\envs\demo\lib\site-packages\django\core\handlers\base.py", line 126, in _get_response
    response = wrapped_callback(request, *callback_args, **callback_kwargs)
  File "C:\Users\Administrator\envs\demo\lib\site-packages\django\views\decorators\csrf.py", line 54, in wrapped_view
    return view_func(*args, **kwargs)
  File "C:\Users\Administrator\envs\demo\lib\site-packages\django\views\generic\base.py", line 69, in view
    return self.dispatch(request, *args, **kwargs)
  File "C:\Users\Administrator\envs\demo\lib\site-packages\rest_framework\views.py", line 497, in dispatch
    response = self.handle_exception(exc)
  File "C:\Users\Administrator\envs\demo\lib\site-packages\rest_framework\views.py", line 457, in handle_exception
    self.raise_uncaught_exception(exc)
  File "C:\Users\Administrator\envs\demo\lib\site-packages\rest_framework\views.py", line 468, in raise_uncaught_exception
    raise exc
  File "C:\Users\Administrator\envs\demo\lib\site-packages\rest_framework\views.py", line 494, in dispatch
    response = handler(request, *args, **kwargs)
  File "C:\Users\Administrator\Desktop\edu_api\edu_api\apps\user\views.py", line 121, in post
    payload = jwt_payload_handler(user)
  File "C:\Users\Administrator\envs\demo\lib\site-packages\rest_framework_jwt\utils.py", line 34, in jwt_payload_handler
    username = get_username(user)
  File "C:\Users\Administrator\envs\demo\lib\site-packages\rest_framework_jwt\compat.py", line 35, in get_username
    username = user.username
AttributeError: 'QuerySet' object has no attribute 'username'
ERROR 2021-04-15 12:00:40,436 basehttp 124 "POST /user/login2/ HTTP/1.1" 500 20423
ERROR 2021-04-15 12:01:08,625 exception 118 Internal Server Error: /user/login2/
Traceback (most recent call last):
  File "C:\Users\Administrator\envs\demo\lib\site-packages\rest_framework_jwt\compat.py", line 33, in get_username
    username = user.get_username()
AttributeError: 'QuerySet' object has no attribute 'get_username'

During handling of the above exception, another exception occurred:

Traceback (most recent call last):
  File "C:\Users\Administrator\envs\demo\lib\site-packages\django\core\handlers\exception.py", line 35, in inner
    response = get_response(request)
  File "C:\Users\Administrator\envs\demo\lib\site-packages\django\core\handlers\base.py", line 128, in _get_response
    response = self.process_exception_by_middleware(e, request)
  File "C:\Users\Administrator\envs\demo\lib\site-packages\django\core\handlers\base.py", line 126, in _get_response
    response = wrapped_callback(request, *callback_args, **callback_kwargs)
  File "C:\Users\Administrator\envs\demo\lib\site-packages\django\views\decorators\csrf.py", line 54, in wrapped_view
    return view_func(*args, **kwargs)
  File "C:\Users\Administrator\envs\demo\lib\site-packages\django\views\generic\base.py", line 69, in view
    return self.dispatch(request, *args, **kwargs)
  File "C:\Users\Administrator\envs\demo\lib\site-packages\rest_framework\views.py", line 497, in dispatch
    response = self.handle_exception(exc)
  File "C:\Users\Administrator\envs\demo\lib\site-packages\rest_framework\views.py", line 457, in handle_exception
    self.raise_uncaught_exception(exc)
  File "C:\Users\Administrator\envs\demo\lib\site-packages\rest_framework\views.py", line 468, in raise_uncaught_exception
    raise exc
  File "C:\Users\Administrator\envs\demo\lib\site-packages\rest_framework\views.py", line 494, in dispatch
    response = handler(request, *args, **kwargs)
  File "C:\Users\Administrator\Desktop\edu_api\edu_api\apps\user\views.py", line 121, in post
    payload = jwt_payload_handler(user)
  File "C:\Users\Administrator\envs\demo\lib\site-packages\rest_framework_jwt\utils.py", line 34, in jwt_payload_handler
    username = get_username(user)
  File "C:\Users\Administrator\envs\demo\lib\site-packages\rest_framework_jwt\compat.py", line 35, in get_username
    username = user.username
AttributeError: 'QuerySet' object has no attribute 'username'
ERROR 2021-04-15 12:01:12,659 basehttp 124 "POST /user/login2/ HTTP/1.1" 500 20424
ERROR 2021-04-15 12:02:46,021 exception 118 Internal Server Error: /user/login2/
Traceback (most recent call last):
  File "C:\Users\Administrator\envs\demo\lib\site-packages\rest_framework_jwt\compat.py", line 33, in get_username
    username = user.get_username()
AttributeError: 'QuerySet' object has no attribute 'get_username'

During handling of the above exception, another exception occurred:

Traceback (most recent call last):
  File "C:\Users\Administrator\envs\demo\lib\site-packages\django\core\handlers\exception.py", line 35, in inner
    response = get_response(request)
  File "C:\Users\Administrator\envs\demo\lib\site-packages\django\core\handlers\base.py", line 128, in _get_response
    response = self.process_exception_by_middleware(e, request)
  File "C:\Users\Administrator\envs\demo\lib\site-packages\django\core\handlers\base.py", line 126, in _get_response
    response = wrapped_callback(request, *callback_args, **callback_kwargs)
  File "C:\Users\Administrator\envs\demo\lib\site-packages\django\views\decorators\csrf.py", line 54, in wrapped_view
    return view_func(*args, **kwargs)
  File "C:\Users\Administrator\envs\demo\lib\site-packages\django\views\generic\base.py", line 69, in view
    return self.dispatch(request, *args, **kwargs)
  File "C:\Users\Administrator\envs\demo\lib\site-packages\rest_framework\views.py", line 497, in dispatch
    response = self.handle_exception(exc)
  File "C:\Users\Administrator\envs\demo\lib\site-packages\rest_framework\views.py", line 457, in handle_exception
    self.raise_uncaught_exception(exc)
  File "C:\Users\Administrator\envs\demo\lib\site-packages\rest_framework\views.py", line 468, in raise_uncaught_exception
    raise exc
  File "C:\Users\Administrator\envs\demo\lib\site-packages\rest_framework\views.py", line 494, in dispatch
    response = handler(request, *args, **kwargs)
  File "C:\Users\Administrator\Desktop\edu_api\edu_api\apps\user\views.py", line 121, in post
    payload = jwt_payload_handler(user)
  File "C:\Users\Administrator\envs\demo\lib\site-packages\rest_framework_jwt\utils.py", line 34, in jwt_payload_handler
    username = get_username(user)
  File "C:\Users\Administrator\envs\demo\lib\site-packages\rest_framework_jwt\compat.py", line 35, in get_username
    username = user.username
AttributeError: 'QuerySet' object has no attribute 'username'
ERROR 2021-04-15 12:02:50,173 basehttp 124 "POST /user/login2/ HTTP/1.1" 500 20424
ERROR 2021-04-15 12:07:08,781 exception 118 Internal Server Error: /user/login2/
Traceback (most recent call last):
  File "C:\Users\Administrator\envs\demo\lib\site-packages\rest_framework_jwt\compat.py", line 33, in get_username
    username = user.get_username()
AttributeError: 'QuerySet' object has no attribute 'get_username'

During handling of the above exception, another exception occurred:

Traceback (most recent call last):
  File "C:\Users\Administrator\envs\demo\lib\site-packages\django\core\handlers\exception.py", line 35, in inner
    response = get_response(request)
  File "C:\Users\Administrator\envs\demo\lib\site-packages\django\core\handlers\base.py", line 128, in _get_response
    response = self.process_exception_by_middleware(e, request)
  File "C:\Users\Administrator\envs\demo\lib\site-packages\django\core\handlers\base.py", line 126, in _get_response
    response = wrapped_callback(request, *callback_args, **callback_kwargs)
  File "C:\Users\Administrator\envs\demo\lib\site-packages\django\views\decorators\csrf.py", line 54, in wrapped_view
    return view_func(*args, **kwargs)
  File "C:\Users\Administrator\envs\demo\lib\site-packages\django\views\generic\base.py", line 69, in view
    return self.dispatch(request, *args, **kwargs)
  File "C:\Users\Administrator\envs\demo\lib\site-packages\rest_framework\views.py", line 497, in dispatch
    response = self.handle_exception(exc)
  File "C:\Users\Administrator\envs\demo\lib\site-packages\rest_framework\views.py", line 457, in handle_exception
    self.raise_uncaught_exception(exc)
  File "C:\Users\Administrator\envs\demo\lib\site-packages\rest_framework\views.py", line 468, in raise_uncaught_exception
    raise exc
  File "C:\Users\Administrator\envs\demo\lib\site-packages\rest_framework\views.py", line 494, in dispatch
    response = handler(request, *args, **kwargs)
  File "C:\Users\Administrator\Desktop\edu_api\edu_api\apps\user\views.py", line 121, in post
    payload = jwt_payload_handler(user)
  File "C:\Users\Administrator\envs\demo\lib\site-packages\rest_framework_jwt\utils.py", line 34, in jwt_payload_handler
    username = get_username(user)
  File "C:\Users\Administrator\envs\demo\lib\site-packages\rest_framework_jwt\compat.py", line 35, in get_username
    username = user.username
AttributeError: 'QuerySet' object has no attribute 'username'
ERROR 2021-04-15 12:07:12,960 basehttp 124 "POST /user/login2/ HTTP/1.1" 500 20424
ERROR 2021-04-15 12:08:09,818 exception 118 Internal Server Error: /user/login2/
Traceback (most recent call last):
  File "C:\Users\Administrator\envs\demo\lib\site-packages\django\core\handlers\exception.py", line 35, in inner
    response = get_response(request)
  File "C:\Users\Administrator\envs\demo\lib\site-packages\django\core\handlers\base.py", line 128, in _get_response
    response = self.process_exception_by_middleware(e, request)
  File "C:\Users\Administrator\envs\demo\lib\site-packages\django\core\handlers\base.py", line 126, in _get_response
    response = wrapped_callback(request, *callback_args, **callback_kwargs)
  File "C:\Users\Administrator\envs\demo\lib\site-packages\django\views\decorators\csrf.py", line 54, in wrapped_view
    return view_func(*args, **kwargs)
  File "C:\Users\Administrator\envs\demo\lib\site-packages\django\views\generic\base.py", line 69, in view
    return self.dispatch(request, *args, **kwargs)
  File "C:\Users\Administrator\envs\demo\lib\site-packages\rest_framework\views.py", line 497, in dispatch
    response = self.handle_exception(exc)
  File "C:\Users\Administrator\envs\demo\lib\site-packages\rest_framework\views.py", line 457, in handle_exception
    self.raise_uncaught_exception(exc)
  File "C:\Users\Administrator\envs\demo\lib\site-packages\rest_framework\views.py", line 468, in raise_uncaught_exception
    raise exc
  File "C:\Users\Administrator\envs\demo\lib\site-packages\rest_framework\views.py", line 494, in dispatch
    response = handler(request, *args, **kwargs)
  File "C:\Users\Administrator\Desktop\edu_api\edu_api\apps\user\views.py", line 115, in post
    if redis_code.decode() != code:
AttributeError: 'NoneType' object has no attribute 'decode'
ERROR 2021-04-15 12:08:09,941 basehttp 124 "POST /user/login2/ HTTP/1.1" 500 19853
WARNING 2021-04-15 13:02:13,620 basehttp 124 "GET /user/message/?phone=15293126676&flag=1 HTTP/1.1" 400 35
